# JRE version: OpenJDK Runtime Environment Temurin-17.0.10+7 (17.0.10+7) (build 17.0.10+7)
# Java VM: OpenJDK 64-Bit Server VM Temurin-17.0.10+7 (17.0.10+7, mixed mode, tiered, compressed oops, compressed class ptrs, parallel gc, windows-amd64)
GC Precious Log:
 CPUs: 8 total, 8 available
 Memory: 7987M
 Large Page Support: Disabled
 NUMA Support: Disabled
 Compressed Oops: Enabled (32-bit)
 Alignments: Space 512K, Generation 512K, Heap 2M
 Heap Min Capacity: 100M
 Heap Initial Capacity: 100M
 Heap Max Capacity: 1G
 Pre-touch: Disabled
 Parallel Workers: 8
Heap:
 PSYoungGen      total 22016K, used 10091K [0x00000000eab00000, 0x00000000ec780000, 0x0000000100000000)
  eden space 20992K, 44% used [0x00000000eab00000,0x00000000eb422e38,0x00000000ebf80000)
  from space 1024K, 71% used [0x00000000ec680000,0x00000000ec738060,0x00000000ec780000)
  to   space 3072K, 0% used [0x00000000ec180000,0x00000000ec180000,0x00000000ec480000)
 ParOldGen       total 68608K, used 29207K [0x00000000c0000000, 0x00000000c4300000, 0x00000000eab00000)
  object space 68608K, 42% used [0x00000000c0000000,0x00000000c1c85d68,0x00000000c4300000)
 Metaspace       used 41554K, committed 42304K, reserved 1114112K
  class space    used 4189K, committed 4544K, reserved 1048576K
GC Heap History (20 events):
Event: 7.465 GC heap before
{Heap before GC invocations=11 (full 1):
 PSYoungGen      total 25600K, used 25553K [0x00000000eab00000, 0x00000000ec800000, 0x0000000100000000)
  eden space 22528K, 100% used [0x00000000eab00000,0x00000000ec100000,0x00000000ec100000)
  from space 3072K, 98% used [0x00000000ec180000,0x00000000ec4746a8,0x00000000ec480000)
  to   space 3584K, 0% used [0x00000000ec480000,0x00000000ec480000,0x00000000ec800000)
 ParOldGen       total 68608K, used 11227K [0x00000000c0000000, 0x00000000c4300000, 0x00000000eab00000)
  object space 68608K, 16% used [0x00000000c0000000,0x00000000c0af6ff0,0x00000000c4300000)
 Metaspace       used 33484K, committed 34176K, reserved 1114112K
  class space    used 3264K, committed 3584K, reserved 1048576K
}
Event: 7.469 GC heap after
{Heap after GC invocations=11 (full 1):
 PSYoungGen      total 24576K, used 3552K [0x00000000eab00000, 0x00000000eca80000, 0x0000000100000000)
  eden space 20992K, 0% used [0x00000000eab00000,0x00000000eab00000,0x00000000ebf80000)
  from space 3584K, 99% used [0x00000000ec480000,0x00000000ec7f8010,0x00000000ec800000)
  to   space 5120K, 0% used [0x00000000ebf80000,0x00000000ebf80000,0x00000000ec480000)
 ParOldGen       total 68608K, used 12317K [0x00000000c0000000, 0x00000000c4300000, 0x00000000eab00000)
  object space 68608K, 17% used [0x00000000c0000000,0x00000000c0c07510,0x00000000c4300000)
 Metaspace       used 33484K, committed 34176K, reserved 1114112K
  class space    used 3264K, committed 3584K, reserved 1048576K
}
Event: 7.682 GC heap before
{Heap before GC invocations=12 (full 1):
 PSYoungGen      total 24576K, used 23128K [0x00000000eab00000, 0x00000000eca80000, 0x0000000100000000)
  eden space 20992K, 93% used [0x00000000eab00000,0x00000000ebe1e160,0x00000000ebf80000)
  from space 3584K, 99% used [0x00000000ec480000,0x00000000ec7f8010,0x00000000ec800000)
  to   space 5120K, 0% used [0x00000000ebf80000,0x00000000ebf80000,0x00000000ec480000)
 ParOldGen       total 68608K, used 12317K [0x00000000c0000000, 0x00000000c4300000, 0x00000000eab00000)
  object space 68608K, 17% used [0x00000000c0000000,0x00000000c0c07510,0x00000000c4300000)
 Metaspace       used 35186K, committed 35840K, reserved 1114112K
  class space    used 3475K, committed 3776K, reserved 1048576K
}
Event: 7.686 GC heap after
{Heap after GC invocations=12 (full 1):
 PSYoungGen      total 22528K, used 1473K [0x00000000eab00000, 0x00000000ec680000, 0x0000000100000000)
  eden space 20992K, 0% used [0x00000000eab00000,0x00000000eab00000,0x00000000ebf80000)
  from space 1536K, 95% used [0x00000000ebf80000,0x00000000ec0f0450,0x00000000ec100000)
  to   space 3072K, 0% used [0x00000000ec380000,0x00000000ec380000,0x00000000ec680000)
 ParOldGen       total 68608K, used 15802K [0x00000000c0000000, 0x00000000c4300000, 0x00000000eab00000)
  object space 68608K, 23% used [0x00000000c0000000,0x00000000c0f6e8e8,0x00000000c4300000)
 Metaspace       used 35186K, committed 35840K, reserved 1114112K
  class space    used 3475K, committed 3776K, reserved 1048576K
}
Event: 7.686 GC heap before
{Heap before GC invocations=13 (full 2):
 PSYoungGen      total 22528K, used 1473K [0x00000000eab00000, 0x00000000ec680000, 0x0000000100000000)
  eden space 20992K, 0% used [0x00000000eab00000,0x00000000eab00000,0x00000000ebf80000)
  from space 1536K, 95% used [0x00000000ebf80000,0x00000000ec0f0450,0x00000000ec100000)
  to   space 3072K, 0% used [0x00000000ec380000,0x00000000ec380000,0x00000000ec680000)
 ParOldGen       total 68608K, used 15802K [0x00000000c0000000, 0x00000000c4300000, 0x00000000eab00000)
  object space 68608K, 23% used [0x00000000c0000000,0x00000000c0f6e8e8,0x00000000c4300000)
 Metaspace       used 35186K, committed 35840K, reserved 1114112K
  class space    used 3475K, committed 3776K, reserved 1048576K
}
Event: 7.719 GC heap after
{Heap after GC invocations=13 (full 2):
 PSYoungGen      total 22528K, used 0K [0x00000000eab00000, 0x00000000ec680000, 0x0000000100000000)
  eden space 20992K, 0% used [0x00000000eab00000,0x00000000eab00000,0x00000000ebf80000)
  from space 1536K, 0% used [0x00000000ebf80000,0x00000000ebf80000,0x00000000ec100000)
  to   space 3072K, 0% used [0x00000000ec380000,0x00000000ec380000,0x00000000ec680000)
 ParOldGen       total 68608K, used 16763K [0x00000000c0000000, 0x00000000c4300000, 0x00000000eab00000)
  object space 68608K, 24% used [0x00000000c0000000,0x00000000c105ec28,0x00000000c4300000)
 Metaspace       used 35186K, committed 35840K, reserved 1114112K
  class space    used 3475K, committed 3776K, reserved 1048576K
}
Event: 8.118 GC heap before
{Heap before GC invocations=14 (full 2):
 PSYoungGen      total 22528K, used 20992K [0x00000000eab00000, 0x00000000ec680000, 0x0000000100000000)
  eden space 20992K, 100% used [0x00000000eab00000,0x00000000ebf80000,0x00000000ebf80000)
  from space 1536K, 0% used [0x00000000ebf80000,0x00000000ebf80000,0x00000000ec100000)
  to   space 3072K, 0% used [0x00000000ec380000,0x00000000ec380000,0x00000000ec680000)
 ParOldGen       total 68608K, used 16763K [0x00000000c0000000, 0x00000000c4300000, 0x00000000eab00000)
  object space 68608K, 24% used [0x00000000c0000000,0x00000000c105ec28,0x00000000c4300000)
 Metaspace       used 37461K, committed 38208K, reserved 1114112K
  class space    used 3761K, committed 4096K, reserved 1048576K
}
Event: 8.120 GC heap after
{Heap after GC invocations=14 (full 2):
 PSYoungGen      total 23040K, used 1948K [0x00000000eab00000, 0x00000000ec580000, 0x0000000100000000)
  eden space 20992K, 0% used [0x00000000eab00000,0x00000000eab00000,0x00000000ebf80000)
  from space 2048K, 95% used [0x00000000ec380000,0x00000000ec567118,0x00000000ec580000)
  to   space 2560K, 0% used [0x00000000ec080000,0x00000000ec080000,0x00000000ec300000)
 ParOldGen       total 68608K, used 16771K [0x00000000c0000000, 0x00000000c4300000, 0x00000000eab00000)
  object space 68608K, 24% used [0x00000000c0000000,0x00000000c1060c28,0x00000000c4300000)
 Metaspace       used 37461K, committed 38208K, reserved 1114112K
  class space    used 3761K, committed 4096K, reserved 1048576K
}
Event: 8.605 GC heap before
{Heap before GC invocations=15 (full 2):
 PSYoungGen      total 23040K, used 22940K [0x00000000eab00000, 0x00000000ec580000, 0x0000000100000000)
  eden space 20992K, 100% used [0x00000000eab00000,0x00000000ebf80000,0x00000000ebf80000)
  from space 2048K, 95% used [0x00000000ec380000,0x00000000ec567118,0x00000000ec580000)
  to   space 2560K, 0% used [0x00000000ec080000,0x00000000ec080000,0x00000000ec300000)
 ParOldGen       total 68608K, used 16771K [0x00000000c0000000, 0x00000000c4300000, 0x00000000eab00000)
  object space 68608K, 24% used [0x00000000c0000000,0x00000000c1060ca0,0x00000000c4300000)
 Metaspace       used 39457K, committed 40192K, reserved 1114112K
  class space    used 3973K, committed 4288K, reserved 1048576K
}
Event: 8.607 GC heap after
{Heap after GC invocations=15 (full 2):
 PSYoungGen      total 22528K, used 1147K [0x00000000eab00000, 0x00000000ec400000, 0x0000000100000000)
  eden space 20992K, 0% used [0x00000000eab00000,0x00000000eab00000,0x00000000ebf80000)
  from space 1536K, 74% used [0x00000000ec080000,0x00000000ec19eea0,0x00000000ec200000)
  to   space 1536K, 0% used [0x00000000ec280000,0x00000000ec280000,0x00000000ec400000)
 ParOldGen       total 68608K, used 18581K [0x00000000c0000000, 0x00000000c4300000, 0x00000000eab00000)
  object space 68608K, 27% used [0x00000000c0000000,0x00000000c12255b8,0x00000000c4300000)
 Metaspace       used 39457K, committed 40192K, reserved 1114112K
  class space    used 3973K, committed 4288K, reserved 1048576K
}
Event: 8.673 GC heap before
{Heap before GC invocations=16 (full 2):
 PSYoungGen      total 22528K, used 22139K [0x00000000eab00000, 0x00000000ec400000, 0x0000000100000000)
  eden space 20992K, 100% used [0x00000000eab00000,0x00000000ebf80000,0x00000000ebf80000)
  from space 1536K, 74% used [0x00000000ec080000,0x00000000ec19eea0,0x00000000ec200000)
  to   space 1536K, 0% used [0x00000000ec280000,0x00000000ec280000,0x00000000ec400000)
 ParOldGen       total 68608K, used 18583K [0x00000000c0000000, 0x00000000c4300000, 0x00000000eab00000)
  object space 68608K, 27% used [0x00000000c0000000,0x00000000c1225ed0,0x00000000c4300000)
 Metaspace       used 39493K, committed 40192K, reserved 1114112K
  class space    used 3976K, committed 4288K, reserved 1048576K
}
Event: 8.676 GC heap after
{Heap after GC invocations=16 (full 2):
 PSYoungGen      total 22528K, used 1536K [0x00000000eab00000, 0x00000000ec580000, 0x0000000100000000)
  eden space 20992K, 0% used [0x00000000eab00000,0x00000000eab00000,0x00000000ebf80000)
  from space 1536K, 100% used [0x00000000ec280000,0x00000000ec400000,0x00000000ec400000)
  to   space 3072K, 0% used [0x00000000ebf80000,0x00000000ebf80000,0x00000000ec280000)
 ParOldGen       total 68608K, used 19816K [0x00000000c0000000, 0x00000000c4300000, 0x00000000eab00000)
  object space 68608K, 28% used [0x00000000c0000000,0x00000000c135a068,0x00000000c4300000)
 Metaspace       used 39493K, committed 40192K, reserved 1114112K
  class space    used 3976K, committed 4288K, reserved 1048576K
}
Event: 8.747 GC heap before
{Heap before GC invocations=17 (full 2):
 PSYoungGen      total 22528K, used 22528K [0x00000000eab00000, 0x00000000ec580000, 0x0000000100000000)
  eden space 20992K, 100% used [0x00000000eab00000,0x00000000ebf80000,0x00000000ebf80000)
  from space 1536K, 100% used [0x00000000ec280000,0x00000000ec400000,0x00000000ec400000)
  to   space 3072K, 0% used [0x00000000ebf80000,0x00000000ebf80000,0x00000000ec280000)
 ParOldGen       total 68608K, used 19816K [0x00000000c0000000, 0x00000000c4300000, 0x00000000eab00000)
  object space 68608K, 28% used [0x00000000c0000000,0x00000000c135a068,0x00000000c4300000)
 Metaspace       used 39494K, committed 40192K, reserved 1114112K
  class space    used 3976K, committed 4288K, reserved 1048576K
}
Event: 8.751 GC heap after
{Heap after GC invocations=17 (full 2):
 PSYoungGen      total 23040K, used 2048K [0x00000000eab00000, 0x00000000ec480000, 0x0000000100000000)
  eden space 20992K, 0% used [0x00000000eab00000,0x00000000eab00000,0x00000000ebf80000)
  from space 2048K, 100% used [0x00000000ebf80000,0x00000000ec180000,0x00000000ec180000)
  to   space 2560K, 0% used [0x00000000ec200000,0x00000000ec200000,0x00000000ec480000)
 ParOldGen       total 68608K, used 21376K [0x00000000c0000000, 0x00000000c4300000, 0x00000000eab00000)
  object space 68608K, 31% used [0x00000000c0000000,0x00000000c14e0068,0x00000000c4300000)
 Metaspace       used 39494K, committed 40192K, reserved 1114112K
  class space    used 3976K, committed 4288K, reserved 1048576K
}
Event: 8.806 GC heap before
{Heap before GC invocations=18 (full 2):
 PSYoungGen      total 23040K, used 23040K [0x00000000eab00000, 0x00000000ec480000, 0x0000000100000000)
  eden space 20992K, 100% used [0x00000000eab00000,0x00000000ebf80000,0x00000000ebf80000)
  from space 2048K, 100% used [0x00000000ebf80000,0x00000000ec180000,0x00000000ec180000)
  to   space 2560K, 0% used [0x00000000ec200000,0x00000000ec200000,0x00000000ec480000)
 ParOldGen       total 68608K, used 21376K [0x00000000c0000000, 0x00000000c4300000, 0x00000000eab00000)
  object space 68608K, 31% used [0x00000000c0000000,0x00000000c14e0068,0x00000000c4300000)
 Metaspace       used 39494K, committed 40192K, reserved 1114112K
  class space    used 3976K, committed 4288K, reserved 1048576K
}
Event: 8.809 GC heap after
{Heap after GC invocations=18 (full 2):
 PSYoungGen      total 23552K, used 2208K [0x00000000eab00000, 0x00000000ec480000, 0x0000000100000000)
  eden space 20992K, 0% used [0x00000000eab00000,0x00000000eab00000,0x00000000ebf80000)
  from space 2560K, 86% used [0x00000000ec200000,0x00000000ec428010,0x00000000ec480000)
  to   space 2560K, 0% used [0x00000000ebf80000,0x00000000ebf80000,0x00000000ec200000)
 ParOldGen       total 68608K, used 23272K [0x00000000c0000000, 0x00000000c4300000, 0x00000000eab00000)
  object space 68608K, 33% used [0x00000000c0000000,0x00000000c16ba068,0x00000000c4300000)
 Metaspace       used 39494K, committed 40192K, reserved 1114112K
  class space    used 3976K, committed 4288K, reserved 1048576K
}
Event: 9.019 GC heap before
{Heap before GC invocations=19 (full 2):
 PSYoungGen      total 23552K, used 23174K [0x00000000eab00000, 0x00000000ec480000, 0x0000000100000000)
  eden space 20992K, 99% used [0x00000000eab00000,0x00000000ebf79960,0x00000000ebf80000)
  from space 2560K, 86% used [0x00000000ec200000,0x00000000ec428010,0x00000000ec480000)
  to   space 2560K, 0% used [0x00000000ebf80000,0x00000000ebf80000,0x00000000ec200000)
 ParOldGen       total 68608K, used 23272K [0x00000000c0000000, 0x00000000c4300000, 0x00000000eab00000)
  object space 68608K, 33% used [0x00000000c0000000,0x00000000c16ba068,0x00000000c4300000)
 Metaspace       used 39759K, committed 40448K, reserved 1114112K
  class space    used 4002K, committed 4288K, reserved 1048576K
}
Event: 9.024 GC heap after
{Heap after GC invocations=19 (full 2):
 PSYoungGen      total 23552K, used 2546K [0x00000000eab00000, 0x00000000ecd80000, 0x0000000100000000)
  eden space 20992K, 0% used [0x00000000eab00000,0x00000000eab00000,0x00000000ebf80000)
  from space 2560K, 99% used [0x00000000ebf80000,0x00000000ec1fc818,0x00000000ec200000)
  to   space 7168K, 0% used [0x00000000ec680000,0x00000000ec680000,0x00000000ecd80000)
 ParOldGen       total 68608K, used 26815K [0x00000000c0000000, 0x00000000c4300000, 0x00000000eab00000)
  object space 68608K, 39% used [0x00000000c0000000,0x00000000c1a2fc88,0x00000000c4300000)
 Metaspace       used 39759K, committed 40448K, reserved 1114112K
  class space    used 4002K, committed 4288K, reserved 1048576K
}
Event: 9.518 GC heap before
{Heap before GC invocations=20 (full 2):
 PSYoungGen      total 23552K, used 23538K [0x00000000eab00000, 0x00000000ecd80000, 0x0000000100000000)
  eden space 20992K, 100% used [0x00000000eab00000,0x00000000ebf80000,0x00000000ebf80000)
  from space 2560K, 99% used [0x00000000ebf80000,0x00000000ec1fc818,0x00000000ec200000)
  to   space 7168K, 0% used [0x00000000ec680000,0x00000000ec680000,0x00000000ecd80000)
 ParOldGen       total 68608K, used 26815K [0x00000000c0000000, 0x00000000c4300000, 0x00000000eab00000)
  object space 68608K, 39% used [0x00000000c0000000,0x00000000c1a2fc88,0x00000000c4300000)
 Metaspace       used 41188K, committed 41920K, reserved 1114112K
  class space    used 4163K, committed 4480K, reserved 1048576K
}
Event: 9.522 GC heap after
{Heap after GC invocations=20 (full 2):
 PSYoungGen      total 22016K, used 736K [0x00000000eab00000, 0x00000000ec780000, 0x0000000100000000)
  eden space 20992K, 0% used [0x00000000eab00000,0x00000000eab00000,0x00000000ebf80000)
  from space 1024K, 71% used [0x00000000ec680000,0x00000000ec738060,0x00000000ec780000)
  to   space 3072K, 0% used [0x00000000ec180000,0x00000000ec180000,0x00000000ec480000)
 ParOldGen       total 68608K, used 29207K [0x00000000c0000000, 0x00000000c4300000, 0x00000000eab00000)
  object space 68608K, 42% used [0x00000000c0000000,0x00000000c1c85d68,0x00000000c4300000)
 Metaspace       used 41188K, committed 41920K, reserved 1114112K
  class space    used 4163K, committed 4480K, reserved 1048576K
}

