# JRE version: OpenJDK Runtime Environment Temurin-17.0.10+7 (17.0.10+7) (build 17.0.10+7)
# Java VM: OpenJDK 64-Bit Server VM Temurin-17.0.10+7 (17.0.10+7, mixed mode, tiered, compressed oops, compressed class ptrs, parallel gc, windows-amd64)
GC Precious Log:
 CPUs: 8 total, 8 available
 Memory: 7987M
 Large Page Support: Disabled
 NUMA Support: Disabled
 Compressed Oops: Enabled (32-bit)
 Alignments: Space 512K, Generation 512K, Heap 2M
 Heap Min Capacity: 100M
 Heap Initial Capacity: 100M
 Heap Max Capacity: 1G
 Pre-touch: Disabled
 Parallel Workers: 8
Heap:
 PSYoungGen      total 2048K, used 288K [0x00000000eab00000, 0x00000000eae00000, 0x0000000100000000)
  eden space 1536K, 0% used [0x00000000eab00000,0x00000000eab00000,0x00000000eac80000)
  from space 512K, 56% used [0x00000000ead80000,0x00000000eadc8000,0x00000000eae00000)
  to   space 512K, 0% used [0x00000000ead00000,0x00000000ead00000,0x00000000ead80000)
 ParOldGen       total 107008K, used 106842K [0x00000000c0000000, 0x00000000c6880000, 0x00000000eab00000)
  object space 107008K, 99% used [0x00000000c0000000,0x00000000c6856a90,0x00000000c6880000)
 Metaspace       used 79093K, committed 80320K, reserved 1179648K
  class space    used 8138K, committed 8640K, reserved 1048576K
GC Heap History (20 events):
Event: 26.352 GC heap before
{Heap before GC invocations=450 (full 10):
 PSYoungGen      total 2048K, used 2000K [0x00000000eab00000, 0x00000000eae00000, 0x0000000100000000)
  eden space 1536K, 100% used [0x00000000eab00000,0x00000000eac80000,0x00000000eac80000)
  from space 512K, 90% used [0x00000000ead80000,0x00000000eadf4010,0x00000000eae00000)
  to   space 512K, 0% used [0x00000000ead00000,0x00000000ead00000,0x00000000ead80000)
 ParOldGen       total 107008K, used 102075K [0x00000000c0000000, 0x00000000c6880000, 0x00000000eab00000)
  object space 107008K, 95% used [0x00000000c0000000,0x00000000c63aec40,0x00000000c6880000)
 Metaspace       used 79042K, committed 80320K, reserved 1179648K
  class space    used 8138K, committed 8640K, reserved 1048576K
}
Event: 26.353 GC heap after
{Heap after GC invocations=450 (full 10):
 PSYoungGen      total 2048K, used 384K [0x00000000eab00000, 0x00000000eae00000, 0x0000000100000000)
  eden space 1536K, 0% used [0x00000000eab00000,0x00000000eab00000,0x00000000eac80000)
  from space 512K, 75% used [0x00000000ead00000,0x00000000ead60000,0x00000000ead80000)
  to   space 512K, 0% used [0x00000000ead80000,0x00000000ead80000,0x00000000eae00000)
 ParOldGen       total 107008K, used 102419K [0x00000000c0000000, 0x00000000c6880000, 0x00000000eab00000)
  object space 107008K, 95% used [0x00000000c0000000,0x00000000c6404c60,0x00000000c6880000)
 Metaspace       used 79042K, committed 80320K, reserved 1179648K
  class space    used 8138K, committed 8640K, reserved 1048576K
}
Event: 26.377 GC heap before
{Heap before GC invocations=451 (full 10):
 PSYoungGen      total 2048K, used 1920K [0x00000000eab00000, 0x00000000eae00000, 0x0000000100000000)
  eden space 1536K, 100% used [0x00000000eab00000,0x00000000eac80000,0x00000000eac80000)
  from space 512K, 75% used [0x00000000ead00000,0x00000000ead60000,0x00000000ead80000)
  to   space 512K, 0% used [0x00000000ead80000,0x00000000ead80000,0x00000000eae00000)
 ParOldGen       total 107008K, used 102419K [0x00000000c0000000, 0x00000000c6880000, 0x00000000eab00000)
  object space 107008K, 95% used [0x00000000c0000000,0x00000000c6404c60,0x00000000c6880000)
 Metaspace       used 79042K, committed 80320K, reserved 1179648K
  class space    used 8138K, committed 8640K, reserved 1048576K
}
Event: 26.378 GC heap after
{Heap after GC invocations=451 (full 10):
 PSYoungGen      total 2048K, used 512K [0x00000000eab00000, 0x00000000eae80000, 0x0000000100000000)
  eden space 1536K, 0% used [0x00000000eab00000,0x00000000eab00000,0x00000000eac80000)
  from space 512K, 100% used [0x00000000ead80000,0x00000000eae00000,0x00000000eae00000)
  to   space 1024K, 0% used [0x00000000eac80000,0x00000000eac80000,0x00000000ead80000)
 ParOldGen       total 107008K, used 102659K [0x00000000c0000000, 0x00000000c6880000, 0x00000000eab00000)
  object space 107008K, 95% used [0x00000000c0000000,0x00000000c6440c60,0x00000000c6880000)
 Metaspace       used 79042K, committed 80320K, reserved 1179648K
  class space    used 8138K, committed 8640K, reserved 1048576K
}
Event: 26.422 GC heap before
{Heap before GC invocations=452 (full 10):
 PSYoungGen      total 2048K, used 2048K [0x00000000eab00000, 0x00000000eae80000, 0x0000000100000000)
  eden space 1536K, 100% used [0x00000000eab00000,0x00000000eac80000,0x00000000eac80000)
  from space 512K, 100% used [0x00000000ead80000,0x00000000eae00000,0x00000000eae00000)
  to   space 1024K, 0% used [0x00000000eac80000,0x00000000eac80000,0x00000000ead80000)
 ParOldGen       total 107008K, used 102659K [0x00000000c0000000, 0x00000000c6880000, 0x00000000eab00000)
  object space 107008K, 95% used [0x00000000c0000000,0x00000000c6440c60,0x00000000c6880000)
 Metaspace       used 79048K, committed 80320K, reserved 1179648K
  class space    used 8138K, committed 8640K, reserved 1048576K
}
Event: 26.423 GC heap after
{Heap after GC invocations=452 (full 10):
 PSYoungGen      total 2560K, used 704K [0x00000000eab00000, 0x00000000eae80000, 0x0000000100000000)
  eden space 1536K, 0% used [0x00000000eab00000,0x00000000eab00000,0x00000000eac80000)
  from space 1024K, 68% used [0x00000000eac80000,0x00000000ead30000,0x00000000ead80000)
  to   space 1024K, 0% used [0x00000000ead80000,0x00000000ead80000,0x00000000eae80000)
 ParOldGen       total 107008K, used 103043K [0x00000000c0000000, 0x00000000c6880000, 0x00000000eab00000)
  object space 107008K, 96% used [0x00000000c0000000,0x00000000c64a0c60,0x00000000c6880000)
 Metaspace       used 79048K, committed 80320K, reserved 1179648K
  class space    used 8138K, committed 8640K, reserved 1048576K
}
Event: 26.434 GC heap before
{Heap before GC invocations=453 (full 10):
 PSYoungGen      total 2560K, used 2240K [0x00000000eab00000, 0x00000000eae80000, 0x0000000100000000)
  eden space 1536K, 100% used [0x00000000eab00000,0x00000000eac80000,0x00000000eac80000)
  from space 1024K, 68% used [0x00000000eac80000,0x00000000ead30000,0x00000000ead80000)
  to   space 1024K, 0% used [0x00000000ead80000,0x00000000ead80000,0x00000000eae80000)
 ParOldGen       total 107008K, used 103043K [0x00000000c0000000, 0x00000000c6880000, 0x00000000eab00000)
  object space 107008K, 96% used [0x00000000c0000000,0x00000000c64a0c60,0x00000000c6880000)
 Metaspace       used 79049K, committed 80320K, reserved 1179648K
  class space    used 8138K, committed 8640K, reserved 1048576K
}
Event: 26.436 GC heap after
{Heap after GC invocations=453 (full 10):
 PSYoungGen      total 2560K, used 488K [0x00000000eab00000, 0x00000000eae80000, 0x0000000100000000)
  eden space 1536K, 0% used [0x00000000eab00000,0x00000000eab00000,0x00000000eac80000)
  from space 1024K, 47% used [0x00000000ead80000,0x00000000eadfa070,0x00000000eae80000)
  to   space 1024K, 0% used [0x00000000eac80000,0x00000000eac80000,0x00000000ead80000)
 ParOldGen       total 107008K, used 103660K [0x00000000c0000000, 0x00000000c6880000, 0x00000000eab00000)
  object space 107008K, 96% used [0x00000000c0000000,0x00000000c653b2d0,0x00000000c6880000)
 Metaspace       used 79049K, committed 80320K, reserved 1179648K
  class space    used 8138K, committed 8640K, reserved 1048576K
}
Event: 26.450 GC heap before
{Heap before GC invocations=454 (full 10):
 PSYoungGen      total 2560K, used 2024K [0x00000000eab00000, 0x00000000eae80000, 0x0000000100000000)
  eden space 1536K, 100% used [0x00000000eab00000,0x00000000eac80000,0x00000000eac80000)
  from space 1024K, 47% used [0x00000000ead80000,0x00000000eadfa070,0x00000000eae80000)
  to   space 1024K, 0% used [0x00000000eac80000,0x00000000eac80000,0x00000000ead80000)
 ParOldGen       total 107008K, used 103660K [0x00000000c0000000, 0x00000000c6880000, 0x00000000eab00000)
  object space 107008K, 96% used [0x00000000c0000000,0x00000000c653b2d0,0x00000000c6880000)
 Metaspace       used 79049K, committed 80320K, reserved 1179648K
  class space    used 8138K, committed 8640K, reserved 1048576K
}
Event: 26.451 GC heap after
{Heap after GC invocations=454 (full 10):
 PSYoungGen      total 2560K, used 416K [0x00000000eab00000, 0x00000000eae00000, 0x0000000100000000)
  eden space 1536K, 0% used [0x00000000eab00000,0x00000000eab00000,0x00000000eac80000)
  from space 1024K, 40% used [0x00000000eac80000,0x00000000eace8020,0x00000000ead80000)
  to   space 512K, 0% used [0x00000000ead80000,0x00000000ead80000,0x00000000eae00000)
 ParOldGen       total 107008K, used 104127K [0x00000000c0000000, 0x00000000c6880000, 0x00000000eab00000)
  object space 107008K, 97% used [0x00000000c0000000,0x00000000c65afc50,0x00000000c6880000)
 Metaspace       used 79049K, committed 80320K, reserved 1179648K
  class space    used 8138K, committed 8640K, reserved 1048576K
}
Event: 26.461 GC heap before
{Heap before GC invocations=455 (full 10):
 PSYoungGen      total 2560K, used 1952K [0x00000000eab00000, 0x00000000eae00000, 0x0000000100000000)
  eden space 1536K, 100% used [0x00000000eab00000,0x00000000eac80000,0x00000000eac80000)
  from space 1024K, 40% used [0x00000000eac80000,0x00000000eace8020,0x00000000ead80000)
  to   space 512K, 0% used [0x00000000ead80000,0x00000000ead80000,0x00000000eae00000)
 ParOldGen       total 107008K, used 104127K [0x00000000c0000000, 0x00000000c6880000, 0x00000000eab00000)
  object space 107008K, 97% used [0x00000000c0000000,0x00000000c65afc50,0x00000000c6880000)
 Metaspace       used 79049K, committed 80320K, reserved 1179648K
  class space    used 8138K, committed 8640K, reserved 1048576K
}
Event: 26.462 GC heap after
{Heap after GC invocations=455 (full 10):
 PSYoungGen      total 2048K, used 384K [0x00000000eab00000, 0x00000000eae00000, 0x0000000100000000)
  eden space 1536K, 0% used [0x00000000eab00000,0x00000000eab00000,0x00000000eac80000)
  from space 512K, 75% used [0x00000000ead80000,0x00000000eade0000,0x00000000eae00000)
  to   space 512K, 0% used [0x00000000ead00000,0x00000000ead00000,0x00000000ead80000)
 ParOldGen       total 107008K, used 104511K [0x00000000c0000000, 0x00000000c6880000, 0x00000000eab00000)
  object space 107008K, 97% used [0x00000000c0000000,0x00000000c660fc70,0x00000000c6880000)
 Metaspace       used 79049K, committed 80320K, reserved 1179648K
  class space    used 8138K, committed 8640K, reserved 1048576K
}
Event: 26.473 GC heap before
{Heap before GC invocations=456 (full 10):
 PSYoungGen      total 2048K, used 1920K [0x00000000eab00000, 0x00000000eae00000, 0x0000000100000000)
  eden space 1536K, 100% used [0x00000000eab00000,0x00000000eac80000,0x00000000eac80000)
  from space 512K, 75% used [0x00000000ead80000,0x00000000eade0000,0x00000000eae00000)
  to   space 512K, 0% used [0x00000000ead00000,0x00000000ead00000,0x00000000ead80000)
 ParOldGen       total 107008K, used 104511K [0x00000000c0000000, 0x00000000c6880000, 0x00000000eab00000)
  object space 107008K, 97% used [0x00000000c0000000,0x00000000c660fc70,0x00000000c6880000)
 Metaspace       used 79049K, committed 80320K, reserved 1179648K
  class space    used 8138K, committed 8640K, reserved 1048576K
}
Event: 26.474 GC heap after
{Heap after GC invocations=456 (full 10):
 PSYoungGen      total 2048K, used 384K [0x00000000eab00000, 0x00000000eae00000, 0x0000000100000000)
  eden space 1536K, 0% used [0x00000000eab00000,0x00000000eab00000,0x00000000eac80000)
  from space 512K, 75% used [0x00000000ead00000,0x00000000ead60000,0x00000000ead80000)
  to   space 512K, 0% used [0x00000000ead80000,0x00000000ead80000,0x00000000eae00000)
 ParOldGen       total 107008K, used 104791K [0x00000000c0000000, 0x00000000c6880000, 0x00000000eab00000)
  object space 107008K, 97% used [0x00000000c0000000,0x00000000c6655c70,0x00000000c6880000)
 Metaspace       used 79049K, committed 80320K, reserved 1179648K
  class space    used 8138K, committed 8640K, reserved 1048576K
}
Event: 26.500 GC heap before
{Heap before GC invocations=457 (full 10):
 PSYoungGen      total 2048K, used 1920K [0x00000000eab00000, 0x00000000eae00000, 0x0000000100000000)
  eden space 1536K, 100% used [0x00000000eab00000,0x00000000eac80000,0x00000000eac80000)
  from space 512K, 75% used [0x00000000ead00000,0x00000000ead60000,0x00000000ead80000)
  to   space 512K, 0% used [0x00000000ead80000,0x00000000ead80000,0x00000000eae00000)
 ParOldGen       total 107008K, used 104791K [0x00000000c0000000, 0x00000000c6880000, 0x00000000eab00000)
  object space 107008K, 97% used [0x00000000c0000000,0x00000000c6655c70,0x00000000c6880000)
 Metaspace       used 79065K, committed 80320K, reserved 1179648K
  class space    used 8138K, committed 8640K, reserved 1048576K
}
Event: 26.502 GC heap after
{Heap after GC invocations=457 (full 10):
 PSYoungGen      total 2048K, used 512K [0x00000000eab00000, 0x00000000eae80000, 0x0000000100000000)
  eden space 1536K, 0% used [0x00000000eab00000,0x00000000eab00000,0x00000000eac80000)
  from space 512K, 100% used [0x00000000ead80000,0x00000000eae00000,0x00000000eae00000)
  to   space 1024K, 0% used [0x00000000eac80000,0x00000000eac80000,0x00000000ead80000)
 ParOldGen       total 107008K, used 105047K [0x00000000c0000000, 0x00000000c6880000, 0x00000000eab00000)
  object space 107008K, 98% used [0x00000000c0000000,0x00000000c6695c70,0x00000000c6880000)
 Metaspace       used 79065K, committed 80320K, reserved 1179648K
  class space    used 8138K, committed 8640K, reserved 1048576K
}
Event: 26.525 GC heap before
{Heap before GC invocations=458 (full 10):
 PSYoungGen      total 2048K, used 2048K [0x00000000eab00000, 0x00000000eae80000, 0x0000000100000000)
  eden space 1536K, 100% used [0x00000000eab00000,0x00000000eac80000,0x00000000eac80000)
  from space 512K, 100% used [0x00000000ead80000,0x00000000eae00000,0x00000000eae00000)
  to   space 1024K, 0% used [0x00000000eac80000,0x00000000eac80000,0x00000000ead80000)
 ParOldGen       total 107008K, used 105047K [0x00000000c0000000, 0x00000000c6880000, 0x00000000eab00000)
  object space 107008K, 98% used [0x00000000c0000000,0x00000000c6695c70,0x00000000c6880000)
 Metaspace       used 79092K, committed 80320K, reserved 1179648K
  class space    used 8138K, committed 8640K, reserved 1048576K
}
Event: 26.526 GC heap after
{Heap after GC invocations=458 (full 10):
 PSYoungGen      total 2560K, used 586K [0x00000000eab00000, 0x00000000eae80000, 0x0000000100000000)
  eden space 1536K, 0% used [0x00000000eab00000,0x00000000eab00000,0x00000000eac80000)
  from space 1024K, 57% used [0x00000000eac80000,0x00000000ead12910,0x00000000ead80000)
  to   space 1024K, 0% used [0x00000000ead80000,0x00000000ead80000,0x00000000eae80000)
 ParOldGen       total 107008K, used 105535K [0x00000000c0000000, 0x00000000c6880000, 0x00000000eab00000)
  object space 107008K, 98% used [0x00000000c0000000,0x00000000c670fc70,0x00000000c6880000)
 Metaspace       used 79092K, committed 80320K, reserved 1179648K
  class space    used 8138K, committed 8640K, reserved 1048576K
}
Event: 26.536 GC heap before
{Heap before GC invocations=459 (full 10):
 PSYoungGen      total 2560K, used 2122K [0x00000000eab00000, 0x00000000eae80000, 0x0000000100000000)
  eden space 1536K, 100% used [0x00000000eab00000,0x00000000eac80000,0x00000000eac80000)
  from space 1024K, 57% used [0x00000000eac80000,0x00000000ead12910,0x00000000ead80000)
  to   space 1024K, 0% used [0x00000000ead80000,0x00000000ead80000,0x00000000eae80000)
 ParOldGen       total 107008K, used 105535K [0x00000000c0000000, 0x00000000c6880000, 0x00000000eab00000)
  object space 107008K, 98% used [0x00000000c0000000,0x00000000c670fc70,0x00000000c6880000)
 Metaspace       used 79092K, committed 80320K, reserved 1179648K
  class space    used 8138K, committed 8640K, reserved 1048576K
}
Event: 26.538 GC heap after
{Heap after GC invocations=459 (full 10):
 PSYoungGen      total 2048K, used 448K [0x00000000eab00000, 0x00000000eae00000, 0x0000000100000000)
  eden space 1536K, 0% used [0x00000000eab00000,0x00000000eab00000,0x00000000eac80000)
  from space 512K, 87% used [0x00000000ead80000,0x00000000eadf0000,0x00000000eae00000)
  to   space 512K, 0% used [0x00000000ead00000,0x00000000ead00000,0x00000000ead80000)
 ParOldGen       total 107008K, used 106030K [0x00000000c0000000, 0x00000000c6880000, 0x00000000eab00000)
  object space 107008K, 99% used [0x00000000c0000000,0x00000000c678bae8,0x00000000c6880000)
 Metaspace       used 79092K, committed 80320K, reserved 1179648K
  class space    used 8138K, committed 8640K, reserved 1048576K
}

