# JRE version: OpenJDK Runtime Environment Temurin-17.0.10+7 (17.0.10+7) (build 17.0.10+7)
# Java VM: OpenJDK 64-Bit Server VM Temurin-17.0.10+7 (17.0.10+7, mixed mode, tiered, compressed oops, compressed class ptrs, parallel gc, windows-amd64)
GC Precious Log:
 CPUs: 8 total, 8 available
 Memory: 7987M
 Large Page Support: Disabled
 NUMA Support: Disabled
 Compressed Oops: Enabled (32-bit)
 Alignments: Space 512K, Generation 512K, Heap 2M
 Heap Min Capacity: 100M
 Heap Initial Capacity: 100M
 Heap Max Capacity: 1G
 Pre-touch: Disabled
 Parallel Workers: 8
Heap:
 PSYoungGen      total 7680K, used 2055K [0x00000000eab00000, 0x00000000eb580000, 0x0000000100000000)
  eden space 7168K, 26% used [0x00000000eab00000,0x00000000eacd9c30,0x00000000eb200000)
  from space 512K, 31% used [0x00000000eb500000,0x00000000eb528000,0x00000000eb580000)
  to   space 512K, 0% used [0x00000000eb480000,0x00000000eb480000,0x00000000eb500000)
 ParOldGen       total 178176K, used 161571K [0x00000000c0000000, 0x00000000cae00000, 0x00000000eab00000)
  object space 178176K, 90% used [0x00000000c0000000,0x00000000c9dc8ea0,0x00000000cae00000)
 Metaspace       used 90737K, committed 92032K, reserved 1179648K
  class space    used 9272K, committed 9792K, reserved 1048576K
GC Heap History (20 events):
Event: 817.329 GC heap before
{Heap before GC invocations=2184 (full 65):
 PSYoungGen      total 10752K, used 10732K [0x00000000eab00000, 0x00000000ebd00000, 0x0000000100000000)
  eden space 6144K, 99% used [0x00000000eab00000,0x00000000eb0fe180,0x00000000eb100000)
  from space 4608K, 99% used [0x00000000eb880000,0x00000000ebcfd198,0x00000000ebd00000)
  to   space 6144K, 0% used [0x00000000eb100000,0x00000000eb100000,0x00000000eb700000)
 ParOldGen       total 178176K, used 149568K [0x00000000c0000000, 0x00000000cae00000, 0x00000000eab00000)
  object space 178176K, 83% used [0x00000000c0000000,0x00000000c9210310,0x00000000cae00000)
 Metaspace       used 90737K, committed 92032K, reserved 1179648K
  class space    used 9272K, committed 9792K, reserved 1048576K
}
Event: 817.332 GC heap after
{Heap after GC invocations=2184 (full 65):
 PSYoungGen      total 12288K, used 4310K [0x00000000eab00000, 0x00000000ebc80000, 0x0000000100000000)
  eden space 6144K, 0% used [0x00000000eab00000,0x00000000eab00000,0x00000000eb100000)
  from space 6144K, 70% used [0x00000000eb100000,0x00000000eb535b08,0x00000000eb700000)
  to   space 5120K, 0% used [0x00000000eb780000,0x00000000eb780000,0x00000000ebc80000)
 ParOldGen       total 178176K, used 151488K [0x00000000c0000000, 0x00000000cae00000, 0x00000000eab00000)
  object space 178176K, 85% used [0x00000000c0000000,0x00000000c93f0310,0x00000000cae00000)
 Metaspace       used 90737K, committed 92032K, reserved 1179648K
  class space    used 9272K, committed 9792K, reserved 1048576K
}
Event: 817.348 GC heap before
{Heap before GC invocations=2185 (full 65):
 PSYoungGen      total 12288K, used 10454K [0x00000000eab00000, 0x00000000ebc80000, 0x0000000100000000)
  eden space 6144K, 100% used [0x00000000eab00000,0x00000000eb100000,0x00000000eb100000)
  from space 6144K, 70% used [0x00000000eb100000,0x00000000eb535b08,0x00000000eb700000)
  to   space 5120K, 0% used [0x00000000eb780000,0x00000000eb780000,0x00000000ebc80000)
 ParOldGen       total 178176K, used 151488K [0x00000000c0000000, 0x00000000cae00000, 0x00000000eab00000)
  object space 178176K, 85% used [0x00000000c0000000,0x00000000c93f0310,0x00000000cae00000)
 Metaspace       used 90737K, committed 92032K, reserved 1179648K
  class space    used 9272K, committed 9792K, reserved 1048576K
}
Event: 817.350 GC heap after
{Heap after GC invocations=2185 (full 65):
 PSYoungGen      total 8192K, used 938K [0x00000000eab00000, 0x00000000eb880000, 0x0000000100000000)
  eden space 7168K, 0% used [0x00000000eab00000,0x00000000eab00000,0x00000000eb200000)
  from space 1024K, 91% used [0x00000000eb780000,0x00000000eb86aaf8,0x00000000eb880000)
  to   space 2560K, 0% used [0x00000000eb380000,0x00000000eb380000,0x00000000eb600000)
 ParOldGen       total 178176K, used 154260K [0x00000000c0000000, 0x00000000cae00000, 0x00000000eab00000)
  object space 178176K, 86% used [0x00000000c0000000,0x00000000c96a51c8,0x00000000cae00000)
 Metaspace       used 90737K, committed 92032K, reserved 1179648K
  class space    used 9272K, committed 9792K, reserved 1048576K
}
Event: 817.673 GC heap before
{Heap before GC invocations=2186 (full 65):
 PSYoungGen      total 8192K, used 8106K [0x00000000eab00000, 0x00000000eb880000, 0x0000000100000000)
  eden space 7168K, 100% used [0x00000000eab00000,0x00000000eb200000,0x00000000eb200000)
  from space 1024K, 91% used [0x00000000eb780000,0x00000000eb86aaf8,0x00000000eb880000)
  to   space 2560K, 0% used [0x00000000eb380000,0x00000000eb380000,0x00000000eb600000)
 ParOldGen       total 178176K, used 154260K [0x00000000c0000000, 0x00000000cae00000, 0x00000000eab00000)
  object space 178176K, 86% used [0x00000000c0000000,0x00000000c96a51c8,0x00000000cae00000)
 Metaspace       used 90737K, committed 92032K, reserved 1179648K
  class space    used 9272K, committed 9792K, reserved 1048576K
}
Event: 817.674 GC heap after
{Heap after GC invocations=2186 (full 65):
 PSYoungGen      total 9728K, used 282K [0x00000000eab00000, 0x00000000eb800000, 0x0000000100000000)
  eden space 7168K, 0% used [0x00000000eab00000,0x00000000eab00000,0x00000000eb200000)
  from space 2560K, 11% used [0x00000000eb380000,0x00000000eb3c6900,0x00000000eb600000)
  to   space 1024K, 0% used [0x00000000eb700000,0x00000000eb700000,0x00000000eb800000)
 ParOldGen       total 178176K, used 154629K [0x00000000c0000000, 0x00000000cae00000, 0x00000000eab00000)
  object space 178176K, 86% used [0x00000000c0000000,0x00000000c9701640,0x00000000cae00000)
 Metaspace       used 90737K, committed 92032K, reserved 1179648K
  class space    used 9272K, committed 9792K, reserved 1048576K
}
Event: 817.689 GC heap before
{Heap before GC invocations=2187 (full 65):
 PSYoungGen      total 9728K, used 7450K [0x00000000eab00000, 0x00000000eb800000, 0x0000000100000000)
  eden space 7168K, 100% used [0x00000000eab00000,0x00000000eb200000,0x00000000eb200000)
  from space 2560K, 11% used [0x00000000eb380000,0x00000000eb3c6900,0x00000000eb600000)
  to   space 1024K, 0% used [0x00000000eb700000,0x00000000eb700000,0x00000000eb800000)
 ParOldGen       total 178176K, used 154629K [0x00000000c0000000, 0x00000000cae00000, 0x00000000eab00000)
  object space 178176K, 86% used [0x00000000c0000000,0x00000000c9701640,0x00000000cae00000)
 Metaspace       used 90737K, committed 92032K, reserved 1179648K
  class space    used 9272K, committed 9792K, reserved 1048576K
}
Event: 817.690 GC heap after
{Heap after GC invocations=2187 (full 65):
 PSYoungGen      total 8192K, used 1008K [0x00000000eab00000, 0x00000000eb800000, 0x0000000100000000)
  eden space 7168K, 0% used [0x00000000eab00000,0x00000000eab00000,0x00000000eb200000)
  from space 1024K, 98% used [0x00000000eb700000,0x00000000eb7fc198,0x00000000eb800000)
  to   space 2560K, 0% used [0x00000000eb300000,0x00000000eb300000,0x00000000eb580000)
 ParOldGen       total 178176K, used 155538K [0x00000000c0000000, 0x00000000cae00000, 0x00000000eab00000)
  object space 178176K, 87% used [0x00000000c0000000,0x00000000c97e4880,0x00000000cae00000)
 Metaspace       used 90737K, committed 92032K, reserved 1179648K
  class space    used 9272K, committed 9792K, reserved 1048576K
}
Event: 817.711 GC heap before
{Heap before GC invocations=2188 (full 65):
 PSYoungGen      total 8192K, used 8176K [0x00000000eab00000, 0x00000000eb800000, 0x0000000100000000)
  eden space 7168K, 100% used [0x00000000eab00000,0x00000000eb200000,0x00000000eb200000)
  from space 1024K, 98% used [0x00000000eb700000,0x00000000eb7fc198,0x00000000eb800000)
  to   space 2560K, 0% used [0x00000000eb300000,0x00000000eb300000,0x00000000eb580000)
 ParOldGen       total 178176K, used 155538K [0x00000000c0000000, 0x00000000cae00000, 0x00000000eab00000)
  object space 178176K, 87% used [0x00000000c0000000,0x00000000c97e4880,0x00000000cae00000)
 Metaspace       used 90737K, committed 92032K, reserved 1179648K
  class space    used 9272K, committed 9792K, reserved 1048576K
}
Event: 817.713 GC heap after
{Heap after GC invocations=2188 (full 65):
 PSYoungGen      total 9728K, used 2106K [0x00000000eab00000, 0x00000000eb780000, 0x0000000100000000)
  eden space 7168K, 0% used [0x00000000eab00000,0x00000000eab00000,0x00000000eb200000)
  from space 2560K, 82% used [0x00000000eb300000,0x00000000eb50eaa8,0x00000000eb580000)
  to   space 2048K, 0% used [0x00000000eb580000,0x00000000eb580000,0x00000000eb780000)
 ParOldGen       total 178176K, used 156570K [0x00000000c0000000, 0x00000000cae00000, 0x00000000eab00000)
  object space 178176K, 87% used [0x00000000c0000000,0x00000000c98e6a18,0x00000000cae00000)
 Metaspace       used 90737K, committed 92032K, reserved 1179648K
  class space    used 9272K, committed 9792K, reserved 1048576K
}
Event: 818.002 GC heap before
{Heap before GC invocations=2189 (full 65):
 PSYoungGen      total 9728K, used 9274K [0x00000000eab00000, 0x00000000eb780000, 0x0000000100000000)
  eden space 7168K, 100% used [0x00000000eab00000,0x00000000eb200000,0x00000000eb200000)
  from space 2560K, 82% used [0x00000000eb300000,0x00000000eb50eaa8,0x00000000eb580000)
  to   space 2048K, 0% used [0x00000000eb580000,0x00000000eb580000,0x00000000eb780000)
 ParOldGen       total 178176K, used 156570K [0x00000000c0000000, 0x00000000cae00000, 0x00000000eab00000)
  object space 178176K, 87% used [0x00000000c0000000,0x00000000c98e6a18,0x00000000cae00000)
 Metaspace       used 90737K, committed 92032K, reserved 1179648K
  class space    used 9272K, committed 9792K, reserved 1048576K
}
Event: 818.004 GC heap after
{Heap after GC invocations=2189 (full 65):
 PSYoungGen      total 8192K, used 858K [0x00000000eab00000, 0x00000000eb680000, 0x0000000100000000)
  eden space 7168K, 0% used [0x00000000eab00000,0x00000000eab00000,0x00000000eb200000)
  from space 1024K, 83% used [0x00000000eb580000,0x00000000eb656ac8,0x00000000eb680000)
  to   space 1536K, 0% used [0x00000000eb380000,0x00000000eb380000,0x00000000eb500000)
 ParOldGen       total 178176K, used 157121K [0x00000000c0000000, 0x00000000cae00000, 0x00000000eab00000)
  object space 178176K, 88% used [0x00000000c0000000,0x00000000c9970498,0x00000000cae00000)
 Metaspace       used 90737K, committed 92032K, reserved 1179648K
  class space    used 9272K, committed 9792K, reserved 1048576K
}
Event: 818.034 GC heap before
{Heap before GC invocations=2190 (full 65):
 PSYoungGen      total 8192K, used 8026K [0x00000000eab00000, 0x00000000eb680000, 0x0000000100000000)
  eden space 7168K, 100% used [0x00000000eab00000,0x00000000eb200000,0x00000000eb200000)
  from space 1024K, 83% used [0x00000000eb580000,0x00000000eb656ac8,0x00000000eb680000)
  to   space 1536K, 0% used [0x00000000eb380000,0x00000000eb380000,0x00000000eb500000)
 ParOldGen       total 178176K, used 157121K [0x00000000c0000000, 0x00000000cae00000, 0x00000000eab00000)
  object space 178176K, 88% used [0x00000000c0000000,0x00000000c9970498,0x00000000cae00000)
 Metaspace       used 90737K, committed 92032K, reserved 1179648K
  class space    used 9272K, committed 9792K, reserved 1048576K
}
Event: 818.037 GC heap after
{Heap after GC invocations=2190 (full 65):
 PSYoungGen      total 8704K, used 1536K [0x00000000eab00000, 0x00000000eb680000, 0x0000000100000000)
  eden space 7168K, 0% used [0x00000000eab00000,0x00000000eab00000,0x00000000eb200000)
  from space 1536K, 100% used [0x00000000eb380000,0x00000000eb500000,0x00000000eb500000)
  to   space 1024K, 0% used [0x00000000eb580000,0x00000000eb580000,0x00000000eb680000)
 ParOldGen       total 178176K, used 159111K [0x00000000c0000000, 0x00000000cae00000, 0x00000000eab00000)
  object space 178176K, 89% used [0x00000000c0000000,0x00000000c9b61cd0,0x00000000cae00000)
 Metaspace       used 90737K, committed 92032K, reserved 1179648K
  class space    used 9272K, committed 9792K, reserved 1048576K
}
Event: 818.051 GC heap before
{Heap before GC invocations=2191 (full 65):
 PSYoungGen      total 8704K, used 8704K [0x00000000eab00000, 0x00000000eb680000, 0x0000000100000000)
  eden space 7168K, 100% used [0x00000000eab00000,0x00000000eb200000,0x00000000eb200000)
  from space 1536K, 100% used [0x00000000eb380000,0x00000000eb500000,0x00000000eb500000)
  to   space 1024K, 0% used [0x00000000eb580000,0x00000000eb580000,0x00000000eb680000)
 ParOldGen       total 178176K, used 159111K [0x00000000c0000000, 0x00000000cae00000, 0x00000000eab00000)
  object space 178176K, 89% used [0x00000000c0000000,0x00000000c9b61cd0,0x00000000cae00000)
 Metaspace       used 90737K, committed 92032K, reserved 1179648K
  class space    used 9272K, committed 9792K, reserved 1048576K
}
Event: 818.054 GC heap after
{Heap after GC invocations=2191 (full 65):
 PSYoungGen      total 8192K, used 768K [0x00000000eab00000, 0x00000000eb680000, 0x0000000100000000)
  eden space 7168K, 0% used [0x00000000eab00000,0x00000000eab00000,0x00000000eb200000)
  from space 1024K, 75% used [0x00000000eb580000,0x00000000eb640000,0x00000000eb680000)
  to   space 2048K, 0% used [0x00000000eb280000,0x00000000eb280000,0x00000000eb480000)
 ParOldGen       total 178176K, used 160690K [0x00000000c0000000, 0x00000000cae00000, 0x00000000eab00000)
  object space 178176K, 90% used [0x00000000c0000000,0x00000000c9cec8b8,0x00000000cae00000)
 Metaspace       used 90737K, committed 92032K, reserved 1179648K
  class space    used 9272K, committed 9792K, reserved 1048576K
}
Event: 818.091 GC heap before
{Heap before GC invocations=2192 (full 65):
 PSYoungGen      total 8192K, used 7936K [0x00000000eab00000, 0x00000000eb680000, 0x0000000100000000)
  eden space 7168K, 100% used [0x00000000eab00000,0x00000000eb200000,0x00000000eb200000)
  from space 1024K, 75% used [0x00000000eb580000,0x00000000eb640000,0x00000000eb680000)
  to   space 2048K, 0% used [0x00000000eb280000,0x00000000eb280000,0x00000000eb480000)
 ParOldGen       total 178176K, used 160690K [0x00000000c0000000, 0x00000000cae00000, 0x00000000eab00000)
  object space 178176K, 90% used [0x00000000c0000000,0x00000000c9cec8b8,0x00000000cae00000)
 Metaspace       used 90737K, committed 92032K, reserved 1179648K
  class space    used 9272K, committed 9792K, reserved 1048576K
}
Event: 818.093 GC heap after
{Heap after GC invocations=2192 (full 65):
 PSYoungGen      total 9216K, used 304K [0x00000000eab00000, 0x00000000eb600000, 0x0000000100000000)
  eden space 7168K, 0% used [0x00000000eab00000,0x00000000eab00000,0x00000000eb200000)
  from space 2048K, 14% used [0x00000000eb280000,0x00000000eb2cc198,0x00000000eb480000)
  to   space 1024K, 0% used [0x00000000eb500000,0x00000000eb500000,0x00000000eb600000)
 ParOldGen       total 178176K, used 161350K [0x00000000c0000000, 0x00000000cae00000, 0x00000000eab00000)
  object space 178176K, 90% used [0x00000000c0000000,0x00000000c9d91b60,0x00000000cae00000)
 Metaspace       used 90737K, committed 92032K, reserved 1179648K
  class space    used 9272K, committed 9792K, reserved 1048576K
}
Event: 818.116 GC heap before
{Heap before GC invocations=2193 (full 65):
 PSYoungGen      total 9216K, used 7472K [0x00000000eab00000, 0x00000000eb600000, 0x0000000100000000)
  eden space 7168K, 100% used [0x00000000eab00000,0x00000000eb200000,0x00000000eb200000)
  from space 2048K, 14% used [0x00000000eb280000,0x00000000eb2cc198,0x00000000eb480000)
  to   space 1024K, 0% used [0x00000000eb500000,0x00000000eb500000,0x00000000eb600000)
 ParOldGen       total 178176K, used 161350K [0x00000000c0000000, 0x00000000cae00000, 0x00000000eab00000)
  object space 178176K, 90% used [0x00000000c0000000,0x00000000c9d91b60,0x00000000cae00000)
 Metaspace       used 90737K, committed 92032K, reserved 1179648K
  class space    used 9272K, committed 9792K, reserved 1048576K
}
Event: 818.117 GC heap after
{Heap after GC invocations=2193 (full 65):
 PSYoungGen      total 7680K, used 160K [0x00000000eab00000, 0x00000000eb580000, 0x0000000100000000)
  eden space 7168K, 0% used [0x00000000eab00000,0x00000000eab00000,0x00000000eb200000)
  from space 512K, 31% used [0x00000000eb500000,0x00000000eb528000,0x00000000eb580000)
  to   space 512K, 0% used [0x00000000eb480000,0x00000000eb480000,0x00000000eb500000)
 ParOldGen       total 178176K, used 161571K [0x00000000c0000000, 0x00000000cae00000, 0x00000000eab00000)
  object space 178176K, 90% used [0x00000000c0000000,0x00000000c9dc8ea0,0x00000000cae00000)
 Metaspace       used 90737K, committed 92032K, reserved 1179648K
  class space    used 9272K, committed 9792K, reserved 1048576K
}

