# JRE version: OpenJDK Runtime Environment Temurin-17.0.10+7 (17.0.10+7) (build 17.0.10+7)
# Java VM: OpenJDK 64-Bit Server VM Temurin-17.0.10+7 (17.0.10+7, mixed mode, tiered, compressed oops, compressed class ptrs, parallel gc, windows-amd64)
GC Precious Log:
 CPUs: 8 total, 8 available
 Memory: 7987M
 Large Page Support: Disabled
 NUMA Support: Disabled
 Compressed Oops: Enabled (32-bit)
 Alignments: Space 512K, Generation 512K, Heap 2M
 Heap Min Capacity: 100M
 Heap Initial Capacity: 100M
 Heap Max Capacity: 1G
 Pre-touch: Disabled
 Parallel Workers: 8
Heap:
 PSYoungGen      total 20480K, used 4956K [0x00000000eab00000, 0x00000000ec200000, 0x0000000100000000)
  eden space 17408K, 11% used [0x00000000eab00000,0x00000000eacdeea8,0x00000000ebc00000)
  from space 3072K, 98% used [0x00000000ebc00000,0x00000000ebef8260,0x00000000ebf00000)
  to   space 3072K, 0% used [0x00000000ebf00000,0x00000000ebf00000,0x00000000ec200000)
 ParOldGen       total 68608K, used 56301K [0x00000000c0000000, 0x00000000c4300000, 0x00000000eab00000)
  object space 68608K, 82% used [0x00000000c0000000,0x00000000c36fb480,0x00000000c4300000)
 Metaspace       used 63192K, committed 64192K, reserved 1114112K
  class space    used 6704K, committed 7104K, reserved 1048576K
GC Heap History (20 events):
Event: 15.762 GC heap before
{Heap before GC invocations=41 (full 3):
 PSYoungGen      total 18944K, used 18916K [0x00000000eab00000, 0x00000000ec480000, 0x0000000100000000)
  eden space 17920K, 100% used [0x00000000eab00000,0x00000000ebc80000,0x00000000ebc80000)
  from space 1024K, 97% used [0x00000000ebd80000,0x00000000ebe790c0,0x00000000ebe80000)
  to   space 4096K, 0% used [0x00000000ec080000,0x00000000ec080000,0x00000000ec480000)
 ParOldGen       total 68608K, used 41256K [0x00000000c0000000, 0x00000000c4300000, 0x00000000eab00000)
  object space 68608K, 60% used [0x00000000c0000000,0x00000000c284a300,0x00000000c4300000)
 Metaspace       used 60955K, committed 61952K, reserved 1114112K
  class space    used 6492K, committed 6912K, reserved 1048576K
}
Event: 15.765 GC heap after
{Heap after GC invocations=41 (full 3):
 PSYoungGen      total 20992K, used 2632K [0x00000000eab00000, 0x00000000ec380000, 0x0000000100000000)
  eden space 17920K, 0% used [0x00000000eab00000,0x00000000eab00000,0x00000000ebc80000)
  from space 3072K, 85% used [0x00000000ec080000,0x00000000ec312118,0x00000000ec380000)
  to   space 3072K, 0% used [0x00000000ebd80000,0x00000000ebd80000,0x00000000ec080000)
 ParOldGen       total 68608K, used 42192K [0x00000000c0000000, 0x00000000c4300000, 0x00000000eab00000)
  object space 68608K, 61% used [0x00000000c0000000,0x00000000c29343a0,0x00000000c4300000)
 Metaspace       used 60955K, committed 61952K, reserved 1114112K
  class space    used 6492K, committed 6912K, reserved 1048576K
}
Event: 15.941 GC heap before
{Heap before GC invocations=42 (full 3):
 PSYoungGen      total 20992K, used 20552K [0x00000000eab00000, 0x00000000ec380000, 0x0000000100000000)
  eden space 17920K, 100% used [0x00000000eab00000,0x00000000ebc80000,0x00000000ebc80000)
  from space 3072K, 85% used [0x00000000ec080000,0x00000000ec312118,0x00000000ec380000)
  to   space 3072K, 0% used [0x00000000ebd80000,0x00000000ebd80000,0x00000000ec080000)
 ParOldGen       total 68608K, used 42192K [0x00000000c0000000, 0x00000000c4300000, 0x00000000eab00000)
  object space 68608K, 61% used [0x00000000c0000000,0x00000000c29343a0,0x00000000c4300000)
 Metaspace       used 61005K, committed 62016K, reserved 1114112K
  class space    used 6496K, committed 6912K, reserved 1048576K
}
Event: 15.946 GC heap after
{Heap after GC invocations=42 (full 3):
 PSYoungGen      total 20480K, used 2294K [0x00000000eab00000, 0x00000000ec180000, 0x0000000100000000)
  eden space 17920K, 0% used [0x00000000eab00000,0x00000000eab00000,0x00000000ebc80000)
  from space 2560K, 89% used [0x00000000ebd80000,0x00000000ebfbdb80,0x00000000ec000000)
  to   space 1536K, 0% used [0x00000000ec000000,0x00000000ec000000,0x00000000ec180000)
 ParOldGen       total 68608K, used 44688K [0x00000000c0000000, 0x00000000c4300000, 0x00000000eab00000)
  object space 68608K, 65% used [0x00000000c0000000,0x00000000c2ba4370,0x00000000c4300000)
 Metaspace       used 61005K, committed 62016K, reserved 1114112K
  class space    used 6496K, committed 6912K, reserved 1048576K
}
Event: 16.010 GC heap before
{Heap before GC invocations=43 (full 3):
 PSYoungGen      total 20480K, used 20214K [0x00000000eab00000, 0x00000000ec180000, 0x0000000100000000)
  eden space 17920K, 100% used [0x00000000eab00000,0x00000000ebc80000,0x00000000ebc80000)
  from space 2560K, 89% used [0x00000000ebd80000,0x00000000ebfbdb80,0x00000000ec000000)
  to   space 1536K, 0% used [0x00000000ec000000,0x00000000ec000000,0x00000000ec180000)
 ParOldGen       total 68608K, used 44688K [0x00000000c0000000, 0x00000000c4300000, 0x00000000eab00000)
  object space 68608K, 65% used [0x00000000c0000000,0x00000000c2ba4370,0x00000000c4300000)
 Metaspace       used 61036K, committed 62016K, reserved 1114112K
  class space    used 6498K, committed 6912K, reserved 1048576K
}
Event: 16.013 GC heap after
{Heap after GC invocations=43 (full 3):
 PSYoungGen      total 19456K, used 1376K [0x00000000eab00000, 0x00000000ec180000, 0x0000000100000000)
  eden space 17920K, 0% used [0x00000000eab00000,0x00000000eab00000,0x00000000ebc80000)
  from space 1536K, 89% used [0x00000000ec000000,0x00000000ec158000,0x00000000ec180000)
  to   space 2048K, 0% used [0x00000000ebd80000,0x00000000ebd80000,0x00000000ebf80000)
 ParOldGen       total 68608K, used 46882K [0x00000000c0000000, 0x00000000c4300000, 0x00000000eab00000)
  object space 68608K, 68% used [0x00000000c0000000,0x00000000c2dc8a08,0x00000000c4300000)
 Metaspace       used 61036K, committed 62016K, reserved 1114112K
  class space    used 6498K, committed 6912K, reserved 1048576K
}
Event: 16.085 GC heap before
{Heap before GC invocations=44 (full 3):
 PSYoungGen      total 19456K, used 19296K [0x00000000eab00000, 0x00000000ec180000, 0x0000000100000000)
  eden space 17920K, 100% used [0x00000000eab00000,0x00000000ebc80000,0x00000000ebc80000)
  from space 1536K, 89% used [0x00000000ec000000,0x00000000ec158000,0x00000000ec180000)
  to   space 2048K, 0% used [0x00000000ebd80000,0x00000000ebd80000,0x00000000ebf80000)
 ParOldGen       total 68608K, used 46882K [0x00000000c0000000, 0x00000000c4300000, 0x00000000eab00000)
  object space 68608K, 68% used [0x00000000c0000000,0x00000000c2dc8a08,0x00000000c4300000)
 Metaspace       used 61038K, committed 62016K, reserved 1114112K
  class space    used 6498K, committed 6912K, reserved 1048576K
}
Event: 16.089 GC heap after
{Heap after GC invocations=44 (full 3):
 PSYoungGen      total 19456K, used 1280K [0x00000000eab00000, 0x00000000ec080000, 0x0000000100000000)
  eden space 17920K, 0% used [0x00000000eab00000,0x00000000eab00000,0x00000000ebc80000)
  from space 1536K, 83% used [0x00000000ebd80000,0x00000000ebec0000,0x00000000ebf00000)
  to   space 1536K, 0% used [0x00000000ebf00000,0x00000000ebf00000,0x00000000ec080000)
 ParOldGen       total 68608K, used 47618K [0x00000000c0000000, 0x00000000c4300000, 0x00000000eab00000)
  object space 68608K, 69% used [0x00000000c0000000,0x00000000c2e80a08,0x00000000c4300000)
 Metaspace       used 61038K, committed 62016K, reserved 1114112K
  class space    used 6498K, committed 6912K, reserved 1048576K
}
Event: 16.154 GC heap before
{Heap before GC invocations=45 (full 3):
 PSYoungGen      total 19456K, used 19200K [0x00000000eab00000, 0x00000000ec080000, 0x0000000100000000)
  eden space 17920K, 100% used [0x00000000eab00000,0x00000000ebc80000,0x00000000ebc80000)
  from space 1536K, 83% used [0x00000000ebd80000,0x00000000ebec0000,0x00000000ebf00000)
  to   space 1536K, 0% used [0x00000000ebf00000,0x00000000ebf00000,0x00000000ec080000)
 ParOldGen       total 68608K, used 47618K [0x00000000c0000000, 0x00000000c4300000, 0x00000000eab00000)
  object space 68608K, 69% used [0x00000000c0000000,0x00000000c2e80a08,0x00000000c4300000)
 Metaspace       used 61038K, committed 62016K, reserved 1114112K
  class space    used 6498K, committed 6912K, reserved 1048576K
}
Event: 16.157 GC heap after
{Heap after GC invocations=45 (full 3):
 PSYoungGen      total 18944K, used 1536K [0x00000000eab00000, 0x00000000ec280000, 0x0000000100000000)
  eden space 17408K, 0% used [0x00000000eab00000,0x00000000eab00000,0x00000000ebc00000)
  from space 1536K, 100% used [0x00000000ebf00000,0x00000000ec080000,0x00000000ec080000)
  to   space 3072K, 0% used [0x00000000ebc00000,0x00000000ebc00000,0x00000000ebf00000)
 ParOldGen       total 68608K, used 48505K [0x00000000c0000000, 0x00000000c4300000, 0x00000000eab00000)
  object space 68608K, 70% used [0x00000000c0000000,0x00000000c2f5e708,0x00000000c4300000)
 Metaspace       used 61038K, committed 62016K, reserved 1114112K
  class space    used 6498K, committed 6912K, reserved 1048576K
}
Event: 16.240 GC heap before
{Heap before GC invocations=46 (full 3):
 PSYoungGen      total 18944K, used 18944K [0x00000000eab00000, 0x00000000ec280000, 0x0000000100000000)
  eden space 17408K, 100% used [0x00000000eab00000,0x00000000ebc00000,0x00000000ebc00000)
  from space 1536K, 100% used [0x00000000ebf00000,0x00000000ec080000,0x00000000ec080000)
  to   space 3072K, 0% used [0x00000000ebc00000,0x00000000ebc00000,0x00000000ebf00000)
 ParOldGen       total 68608K, used 48505K [0x00000000c0000000, 0x00000000c4300000, 0x00000000eab00000)
  object space 68608K, 70% used [0x00000000c0000000,0x00000000c2f5e708,0x00000000c4300000)
 Metaspace       used 61043K, committed 62016K, reserved 1114112K
  class space    used 6498K, committed 6912K, reserved 1048576K
}
Event: 16.243 GC heap after
{Heap after GC invocations=46 (full 3):
 PSYoungGen      total 18944K, used 1056K [0x00000000eab00000, 0x00000000ec000000, 0x0000000100000000)
  eden space 17408K, 0% used [0x00000000eab00000,0x00000000eab00000,0x00000000ebc00000)
  from space 1536K, 68% used [0x00000000ebc00000,0x00000000ebd08000,0x00000000ebd80000)
  to   space 2048K, 0% used [0x00000000ebe00000,0x00000000ebe00000,0x00000000ec000000)
 ParOldGen       total 68608K, used 49946K [0x00000000c0000000, 0x00000000c4300000, 0x00000000eab00000)
  object space 68608K, 72% used [0x00000000c0000000,0x00000000c30c6828,0x00000000c4300000)
 Metaspace       used 61043K, committed 62016K, reserved 1114112K
  class space    used 6498K, committed 6912K, reserved 1048576K
}
Event: 16.336 GC heap before
{Heap before GC invocations=47 (full 3):
 PSYoungGen      total 18944K, used 18464K [0x00000000eab00000, 0x00000000ec000000, 0x0000000100000000)
  eden space 17408K, 100% used [0x00000000eab00000,0x00000000ebc00000,0x00000000ebc00000)
  from space 1536K, 68% used [0x00000000ebc00000,0x00000000ebd08000,0x00000000ebd80000)
  to   space 2048K, 0% used [0x00000000ebe00000,0x00000000ebe00000,0x00000000ec000000)
 ParOldGen       total 68608K, used 49946K [0x00000000c0000000, 0x00000000c4300000, 0x00000000eab00000)
  object space 68608K, 72% used [0x00000000c0000000,0x00000000c30c6828,0x00000000c4300000)
 Metaspace       used 61058K, committed 62080K, reserved 1114112K
  class space    used 6498K, committed 6912K, reserved 1048576K
}
Event: 16.339 GC heap after
{Heap after GC invocations=47 (full 3):
 PSYoungGen      total 18944K, used 1280K [0x00000000eab00000, 0x00000000ebf80000, 0x0000000100000000)
  eden space 17408K, 0% used [0x00000000eab00000,0x00000000eab00000,0x00000000ebc00000)
  from space 1536K, 83% used [0x00000000ebe00000,0x00000000ebf40000,0x00000000ebf80000)
  to   space 1536K, 0% used [0x00000000ebc00000,0x00000000ebc00000,0x00000000ebd80000)
 ParOldGen       total 68608K, used 50898K [0x00000000c0000000, 0x00000000c4300000, 0x00000000eab00000)
  object space 68608K, 74% used [0x00000000c0000000,0x00000000c31b4828,0x00000000c4300000)
 Metaspace       used 61058K, committed 62080K, reserved 1114112K
  class space    used 6498K, committed 6912K, reserved 1048576K
}
Event: 16.511 GC heap before
{Heap before GC invocations=48 (full 3):
 PSYoungGen      total 18944K, used 18688K [0x00000000eab00000, 0x00000000ebf80000, 0x0000000100000000)
  eden space 17408K, 100% used [0x00000000eab00000,0x00000000ebc00000,0x00000000ebc00000)
  from space 1536K, 83% used [0x00000000ebe00000,0x00000000ebf40000,0x00000000ebf80000)
  to   space 1536K, 0% used [0x00000000ebc00000,0x00000000ebc00000,0x00000000ebd80000)
 ParOldGen       total 68608K, used 50898K [0x00000000c0000000, 0x00000000c4300000, 0x00000000eab00000)
  object space 68608K, 74% used [0x00000000c0000000,0x00000000c31b4828,0x00000000c4300000)
 Metaspace       used 61546K, committed 62528K, reserved 1114112K
  class space    used 6561K, committed 6976K, reserved 1048576K
}
Event: 16.516 GC heap after
{Heap after GC invocations=48 (full 3):
 PSYoungGen      total 18944K, used 1518K [0x00000000eab00000, 0x00000000ec200000, 0x0000000100000000)
  eden space 17408K, 0% used [0x00000000eab00000,0x00000000eab00000,0x00000000ebc00000)
  from space 1536K, 98% used [0x00000000ebc00000,0x00000000ebd7bb00,0x00000000ebd80000)
  to   space 3072K, 0% used [0x00000000ebf00000,0x00000000ebf00000,0x00000000ec200000)
 ParOldGen       total 68608K, used 52146K [0x00000000c0000000, 0x00000000c4300000, 0x00000000eab00000)
  object space 68608K, 76% used [0x00000000c0000000,0x00000000c32ec868,0x00000000c4300000)
 Metaspace       used 61546K, committed 62528K, reserved 1114112K
  class space    used 6561K, committed 6976K, reserved 1048576K
}
Event: 17.103 GC heap before
{Heap before GC invocations=49 (full 3):
 PSYoungGen      total 18944K, used 18919K [0x00000000eab00000, 0x00000000ec200000, 0x0000000100000000)
  eden space 17408K, 99% used [0x00000000eab00000,0x00000000ebbfe308,0x00000000ebc00000)
  from space 1536K, 98% used [0x00000000ebc00000,0x00000000ebd7bb00,0x00000000ebd80000)
  to   space 3072K, 0% used [0x00000000ebf00000,0x00000000ebf00000,0x00000000ec200000)
 ParOldGen       total 68608K, used 52146K [0x00000000c0000000, 0x00000000c4300000, 0x00000000eab00000)
  object space 68608K, 76% used [0x00000000c0000000,0x00000000c32ec868,0x00000000c4300000)
 Metaspace       used 62515K, committed 63488K, reserved 1114112K
  class space    used 6646K, committed 7040K, reserved 1048576K
}
Event: 17.109 GC heap after
{Heap after GC invocations=49 (full 3):
 PSYoungGen      total 20480K, used 2495K [0x00000000eab00000, 0x00000000ec200000, 0x0000000100000000)
  eden space 17408K, 0% used [0x00000000eab00000,0x00000000eab00000,0x00000000ebc00000)
  from space 3072K, 81% used [0x00000000ebf00000,0x00000000ec16fd90,0x00000000ec200000)
  to   space 3072K, 0% used [0x00000000ebc00000,0x00000000ebc00000,0x00000000ebf00000)
 ParOldGen       total 68608K, used 53615K [0x00000000c0000000, 0x00000000c4300000, 0x00000000eab00000)
  object space 68608K, 78% used [0x00000000c0000000,0x00000000c345bf88,0x00000000c4300000)
 Metaspace       used 62515K, committed 63488K, reserved 1114112K
  class space    used 6646K, committed 7040K, reserved 1048576K
}
Event: 17.538 GC heap before
{Heap before GC invocations=50 (full 3):
 PSYoungGen      total 20480K, used 19903K [0x00000000eab00000, 0x00000000ec200000, 0x0000000100000000)
  eden space 17408K, 100% used [0x00000000eab00000,0x00000000ebc00000,0x00000000ebc00000)
  from space 3072K, 81% used [0x00000000ebf00000,0x00000000ec16fd90,0x00000000ec200000)
  to   space 3072K, 0% used [0x00000000ebc00000,0x00000000ebc00000,0x00000000ebf00000)
 ParOldGen       total 68608K, used 53615K [0x00000000c0000000, 0x00000000c4300000, 0x00000000eab00000)
  object space 68608K, 78% used [0x00000000c0000000,0x00000000c345bf88,0x00000000c4300000)
 Metaspace       used 63025K, committed 64000K, reserved 1114112K
  class space    used 6686K, committed 7104K, reserved 1048576K
}
Event: 17.545 GC heap after
{Heap after GC invocations=50 (full 3):
 PSYoungGen      total 20480K, used 3040K [0x00000000eab00000, 0x00000000ec200000, 0x0000000100000000)
  eden space 17408K, 0% used [0x00000000eab00000,0x00000000eab00000,0x00000000ebc00000)
  from space 3072K, 98% used [0x00000000ebc00000,0x00000000ebef8260,0x00000000ebf00000)
  to   space 3072K, 0% used [0x00000000ebf00000,0x00000000ebf00000,0x00000000ec200000)
 ParOldGen       total 68608K, used 56301K [0x00000000c0000000, 0x00000000c4300000, 0x00000000eab00000)
  object space 68608K, 82% used [0x00000000c0000000,0x00000000c36fb480,0x00000000c4300000)
 Metaspace       used 63025K, committed 64000K, reserved 1114112K
  class space    used 6686K, committed 7104K, reserved 1048576K
}

