# JRE version: OpenJDK Runtime Environment Temurin-17.0.10+7 (17.0.10+7) (build 17.0.10+7)
# Java VM: OpenJDK 64-Bit Server VM Temurin-17.0.10+7 (17.0.10+7, mixed mode, tiered, compressed oops, compressed class ptrs, parallel gc, windows-amd64)
GC Precious Log:
 CPUs: 8 total, 8 available
 Memory: 7987M
 Large Page Support: Disabled
 NUMA Support: Disabled
 Compressed Oops: Enabled (32-bit)
 Alignments: Space 512K, Generation 512K, Heap 2M
 Heap Min Capacity: 100M
 Heap Initial Capacity: 100M
 Heap Max Capacity: 1G
 Pre-touch: Disabled
 Parallel Workers: 8
Heap:
 PSYoungGen      total 25088K, used 11707K [0x00000000eab00000, 0x00000000ec580000, 0x0000000100000000)
  eden space 22016K, 46% used [0x00000000eab00000,0x00000000eb50dc58,0x00000000ec080000)
  from space 3072K, 45% used [0x00000000ec080000,0x00000000ec1e1278,0x00000000ec380000)
  to   space 2048K, 0% used [0x00000000ec380000,0x00000000ec380000,0x00000000ec580000)
 ParOldGen       total 68608K, used 21055K [0x00000000c0000000, 0x00000000c4300000, 0x00000000eab00000)
  object space 68608K, 30% used [0x00000000c0000000,0x00000000c148fe08,0x00000000c4300000)
 Metaspace       used 49735K, committed 50688K, reserved 1114112K
  class space    used 5345K, committed 5760K, reserved 1048576K
GC Heap History (20 events):
Event: 6.600 GC heap before
{Heap before GC invocations=10 (full 1):
 PSYoungGen      total 27136K, used 27121K [0x00000000eab00000, 0x00000000ecb00000, 0x0000000100000000)
  eden space 24064K, 100% used [0x00000000eab00000,0x00000000ec280000,0x00000000ec280000)
  from space 3072K, 99% used [0x00000000ec800000,0x00000000ecafc7c0,0x00000000ecb00000)
  to   space 3584K, 0% used [0x00000000ec400000,0x00000000ec400000,0x00000000ec780000)
 ParOldGen       total 68608K, used 11355K [0x00000000c0000000, 0x00000000c4300000, 0x00000000eab00000)
  object space 68608K, 16% used [0x00000000c0000000,0x00000000c0b16f30,0x00000000c4300000)
 Metaspace       used 31967K, committed 32576K, reserved 1114112K
  class space    used 3113K, committed 3328K, reserved 1048576K
}
Event: 6.604 GC heap after
{Heap after GC invocations=10 (full 1):
 PSYoungGen      total 27136K, used 3306K [0x00000000eab00000, 0x00000000ec900000, 0x0000000100000000)
  eden space 23552K, 0% used [0x00000000eab00000,0x00000000eab00000,0x00000000ec200000)
  from space 3584K, 92% used [0x00000000ec400000,0x00000000ec73aa00,0x00000000ec780000)
  to   space 1536K, 0% used [0x00000000ec780000,0x00000000ec780000,0x00000000ec900000)
 ParOldGen       total 68608K, used 13037K [0x00000000c0000000, 0x00000000c4300000, 0x00000000eab00000)
  object space 68608K, 19% used [0x00000000c0000000,0x00000000c0cbb6c8,0x00000000c4300000)
 Metaspace       used 31967K, committed 32576K, reserved 1114112K
  class space    used 3113K, committed 3328K, reserved 1048576K
}
Event: 7.118 GC heap before
{Heap before GC invocations=11 (full 1):
 PSYoungGen      total 27136K, used 26858K [0x00000000eab00000, 0x00000000ec900000, 0x0000000100000000)
  eden space 23552K, 100% used [0x00000000eab00000,0x00000000ec200000,0x00000000ec200000)
  from space 3584K, 92% used [0x00000000ec400000,0x00000000ec73aa00,0x00000000ec780000)
  to   space 1536K, 0% used [0x00000000ec780000,0x00000000ec780000,0x00000000ec900000)
 ParOldGen       total 68608K, used 13037K [0x00000000c0000000, 0x00000000c4300000, 0x00000000eab00000)
  object space 68608K, 19% used [0x00000000c0000000,0x00000000c0cbb6c8,0x00000000c4300000)
 Metaspace       used 34595K, committed 35328K, reserved 1114112K
  class space    used 3413K, committed 3712K, reserved 1048576K
}
Event: 7.122 GC heap after
{Heap after GC invocations=11 (full 1):
 PSYoungGen      total 24576K, used 1532K [0x00000000eab00000, 0x00000000eca80000, 0x0000000100000000)
  eden space 23040K, 0% used [0x00000000eab00000,0x00000000eab00000,0x00000000ec180000)
  from space 1536K, 99% used [0x00000000ec780000,0x00000000ec8ff318,0x00000000ec900000)
  to   space 4608K, 0% used [0x00000000ec180000,0x00000000ec180000,0x00000000ec600000)
 ParOldGen       total 68608K, used 15609K [0x00000000c0000000, 0x00000000c4300000, 0x00000000eab00000)
  object space 68608K, 22% used [0x00000000c0000000,0x00000000c0f3e4d0,0x00000000c4300000)
 Metaspace       used 34595K, committed 35328K, reserved 1114112K
  class space    used 3413K, committed 3712K, reserved 1048576K
}
Event: 7.190 GC heap before
{Heap before GC invocations=12 (full 1):
 PSYoungGen      total 24576K, used 5704K [0x00000000eab00000, 0x00000000eca80000, 0x0000000100000000)
  eden space 23040K, 18% used [0x00000000eab00000,0x00000000eaf13080,0x00000000ec180000)
  from space 1536K, 99% used [0x00000000ec780000,0x00000000ec8ff318,0x00000000ec900000)
  to   space 4608K, 0% used [0x00000000ec180000,0x00000000ec180000,0x00000000ec600000)
 ParOldGen       total 68608K, used 15609K [0x00000000c0000000, 0x00000000c4300000, 0x00000000eab00000)
  object space 68608K, 22% used [0x00000000c0000000,0x00000000c0f3e4d0,0x00000000c4300000)
 Metaspace       used 35100K, committed 35840K, reserved 1114112K
  class space    used 3470K, committed 3776K, reserved 1048576K
}
Event: 7.193 GC heap after
{Heap after GC invocations=12 (full 1):
 PSYoungGen      total 27648K, used 270K [0x00000000eab00000, 0x00000000ec800000, 0x0000000100000000)
  eden space 23040K, 0% used [0x00000000eab00000,0x00000000eab00000,0x00000000ec180000)
  from space 4608K, 5% used [0x00000000ec180000,0x00000000ec1c3bb8,0x00000000ec600000)
  to   space 2048K, 0% used [0x00000000ec600000,0x00000000ec600000,0x00000000ec800000)
 ParOldGen       total 68608K, used 17155K [0x00000000c0000000, 0x00000000c4300000, 0x00000000eab00000)
  object space 68608K, 25% used [0x00000000c0000000,0x00000000c10c0df0,0x00000000c4300000)
 Metaspace       used 35100K, committed 35840K, reserved 1114112K
  class space    used 3470K, committed 3776K, reserved 1048576K
}
Event: 7.193 GC heap before
{Heap before GC invocations=13 (full 2):
 PSYoungGen      total 27648K, used 270K [0x00000000eab00000, 0x00000000ec800000, 0x0000000100000000)
  eden space 23040K, 0% used [0x00000000eab00000,0x00000000eab00000,0x00000000ec180000)
  from space 4608K, 5% used [0x00000000ec180000,0x00000000ec1c3bb8,0x00000000ec600000)
  to   space 2048K, 0% used [0x00000000ec600000,0x00000000ec600000,0x00000000ec800000)
 ParOldGen       total 68608K, used 17155K [0x00000000c0000000, 0x00000000c4300000, 0x00000000eab00000)
  object space 68608K, 25% used [0x00000000c0000000,0x00000000c10c0df0,0x00000000c4300000)
 Metaspace       used 35100K, committed 35840K, reserved 1114112K
  class space    used 3470K, committed 3776K, reserved 1048576K
}
Event: 7.236 GC heap after
{Heap after GC invocations=13 (full 2):
 PSYoungGen      total 27648K, used 0K [0x00000000eab00000, 0x00000000ec800000, 0x0000000100000000)
  eden space 23040K, 0% used [0x00000000eab00000,0x00000000eab00000,0x00000000ec180000)
  from space 4608K, 0% used [0x00000000ec180000,0x00000000ec180000,0x00000000ec600000)
  to   space 2048K, 0% used [0x00000000ec600000,0x00000000ec600000,0x00000000ec800000)
 ParOldGen       total 68608K, used 15874K [0x00000000c0000000, 0x00000000c4300000, 0x00000000eab00000)
  object space 68608K, 23% used [0x00000000c0000000,0x00000000c0f80ab0,0x00000000c4300000)
 Metaspace       used 35071K, committed 35840K, reserved 1114112K
  class space    used 3462K, committed 3776K, reserved 1048576K
}
Event: 7.816 GC heap before
{Heap before GC invocations=14 (full 2):
 PSYoungGen      total 27648K, used 23040K [0x00000000eab00000, 0x00000000ec800000, 0x0000000100000000)
  eden space 23040K, 100% used [0x00000000eab00000,0x00000000ec180000,0x00000000ec180000)
  from space 4608K, 0% used [0x00000000ec180000,0x00000000ec180000,0x00000000ec600000)
  to   space 2048K, 0% used [0x00000000ec600000,0x00000000ec600000,0x00000000ec800000)
 ParOldGen       total 68608K, used 15874K [0x00000000c0000000, 0x00000000c4300000, 0x00000000eab00000)
  object space 68608K, 23% used [0x00000000c0000000,0x00000000c0f80ab0,0x00000000c4300000)
 Metaspace       used 38350K, committed 39104K, reserved 1114112K
  class space    used 3895K, committed 4224K, reserved 1048576K
}
Event: 7.818 GC heap after
{Heap after GC invocations=14 (full 2):
 PSYoungGen      total 24064K, used 1085K [0x00000000eab00000, 0x00000000ec780000, 0x0000000100000000)
  eden space 22528K, 0% used [0x00000000eab00000,0x00000000eab00000,0x00000000ec100000)
  from space 1536K, 70% used [0x00000000ec600000,0x00000000ec70f678,0x00000000ec780000)
  to   space 1536K, 0% used [0x00000000ec480000,0x00000000ec480000,0x00000000ec600000)
 ParOldGen       total 68608K, used 15882K [0x00000000c0000000, 0x00000000c4300000, 0x00000000eab00000)
  object space 68608K, 23% used [0x00000000c0000000,0x00000000c0f82ab0,0x00000000c4300000)
 Metaspace       used 38350K, committed 39104K, reserved 1114112K
  class space    used 3895K, committed 4224K, reserved 1048576K
}
Event: 8.200 GC heap before
{Heap before GC invocations=15 (full 2):
 PSYoungGen      total 24064K, used 23613K [0x00000000eab00000, 0x00000000ec780000, 0x0000000100000000)
  eden space 22528K, 100% used [0x00000000eab00000,0x00000000ec100000,0x00000000ec100000)
  from space 1536K, 70% used [0x00000000ec600000,0x00000000ec70f678,0x00000000ec780000)
  to   space 1536K, 0% used [0x00000000ec480000,0x00000000ec480000,0x00000000ec600000)
 ParOldGen       total 68608K, used 15882K [0x00000000c0000000, 0x00000000c4300000, 0x00000000eab00000)
  object space 68608K, 23% used [0x00000000c0000000,0x00000000c0f82ab0,0x00000000c4300000)
 Metaspace       used 40226K, committed 41088K, reserved 1114112K
  class space    used 4113K, committed 4416K, reserved 1048576K
}
Event: 8.203 GC heap after
{Heap after GC invocations=15 (full 2):
 PSYoungGen      total 23552K, used 1193K [0x00000000eab00000, 0x00000000ec680000, 0x0000000100000000)
  eden space 22016K, 0% used [0x00000000eab00000,0x00000000eab00000,0x00000000ec080000)
  from space 1536K, 77% used [0x00000000ec480000,0x00000000ec5aa628,0x00000000ec600000)
  to   space 512K, 0% used [0x00000000ec600000,0x00000000ec600000,0x00000000ec680000)
 ParOldGen       total 68608K, used 16694K [0x00000000c0000000, 0x00000000c4300000, 0x00000000eab00000)
  object space 68608K, 24% used [0x00000000c0000000,0x00000000c104d878,0x00000000c4300000)
 Metaspace       used 40226K, committed 41088K, reserved 1114112K
  class space    used 4113K, committed 4416K, reserved 1048576K
}
Event: 8.604 GC heap before
{Heap before GC invocations=16 (full 2):
 PSYoungGen      total 23552K, used 23209K [0x00000000eab00000, 0x00000000ec680000, 0x0000000100000000)
  eden space 22016K, 100% used [0x00000000eab00000,0x00000000ec080000,0x00000000ec080000)
  from space 1536K, 77% used [0x00000000ec480000,0x00000000ec5aa628,0x00000000ec600000)
  to   space 512K, 0% used [0x00000000ec600000,0x00000000ec600000,0x00000000ec680000)
 ParOldGen       total 68608K, used 16694K [0x00000000c0000000, 0x00000000c4300000, 0x00000000eab00000)
  object space 68608K, 24% used [0x00000000c0000000,0x00000000c104d878,0x00000000c4300000)
 Metaspace       used 42299K, committed 43264K, reserved 1114112K
  class space    used 4401K, committed 4800K, reserved 1048576K
}
Event: 8.606 GC heap after
{Heap after GC invocations=16 (full 2):
 PSYoungGen      total 22528K, used 512K [0x00000000eab00000, 0x00000000ec680000, 0x0000000100000000)
  eden space 22016K, 0% used [0x00000000eab00000,0x00000000eab00000,0x00000000ec080000)
  from space 512K, 100% used [0x00000000ec600000,0x00000000ec680000,0x00000000ec680000)
  to   space 2048K, 0% used [0x00000000ec280000,0x00000000ec280000,0x00000000ec480000)
 ParOldGen       total 68608K, used 17864K [0x00000000c0000000, 0x00000000c4300000, 0x00000000eab00000)
  object space 68608K, 26% used [0x00000000c0000000,0x00000000c11721f8,0x00000000c4300000)
 Metaspace       used 42299K, committed 43264K, reserved 1114112K
  class space    used 4401K, committed 4800K, reserved 1048576K
}
Event: 8.920 GC heap before
{Heap before GC invocations=17 (full 2):
 PSYoungGen      total 22528K, used 22528K [0x00000000eab00000, 0x00000000ec680000, 0x0000000100000000)
  eden space 22016K, 100% used [0x00000000eab00000,0x00000000ec080000,0x00000000ec080000)
  from space 512K, 100% used [0x00000000ec600000,0x00000000ec680000,0x00000000ec680000)
  to   space 2048K, 0% used [0x00000000ec280000,0x00000000ec280000,0x00000000ec480000)
 ParOldGen       total 68608K, used 17864K [0x00000000c0000000, 0x00000000c4300000, 0x00000000eab00000)
  object space 68608K, 26% used [0x00000000c0000000,0x00000000c11721f8,0x00000000c4300000)
 Metaspace       used 44765K, committed 45696K, reserved 1114112K
  class space    used 4709K, committed 5120K, reserved 1048576K
}
Event: 8.923 GC heap after
{Heap after GC invocations=17 (full 2):
 PSYoungGen      total 24064K, used 1168K [0x00000000eab00000, 0x00000000ec680000, 0x0000000100000000)
  eden space 22016K, 0% used [0x00000000eab00000,0x00000000eab00000,0x00000000ec080000)
  from space 2048K, 57% used [0x00000000ec280000,0x00000000ec3a4010,0x00000000ec480000)
  to   space 1536K, 0% used [0x00000000ec500000,0x00000000ec500000,0x00000000ec680000)
 ParOldGen       total 68608K, used 18338K [0x00000000c0000000, 0x00000000c4300000, 0x00000000eab00000)
  object space 68608K, 26% used [0x00000000c0000000,0x00000000c11e8a38,0x00000000c4300000)
 Metaspace       used 44765K, committed 45696K, reserved 1114112K
  class space    used 4709K, committed 5120K, reserved 1048576K
}
Event: 9.079 GC heap before
{Heap before GC invocations=18 (full 2):
 PSYoungGen      total 24064K, used 23184K [0x00000000eab00000, 0x00000000ec680000, 0x0000000100000000)
  eden space 22016K, 100% used [0x00000000eab00000,0x00000000ec080000,0x00000000ec080000)
  from space 2048K, 57% used [0x00000000ec280000,0x00000000ec3a4010,0x00000000ec480000)
  to   space 1536K, 0% used [0x00000000ec500000,0x00000000ec500000,0x00000000ec680000)
 ParOldGen       total 68608K, used 18338K [0x00000000c0000000, 0x00000000c4300000, 0x00000000eab00000)
  object space 68608K, 26% used [0x00000000c0000000,0x00000000c11e8a38,0x00000000c4300000)
 Metaspace       used 45959K, committed 46848K, reserved 1114112K
  class space    used 4854K, committed 5248K, reserved 1048576K
}
Event: 9.082 GC heap after
{Heap after GC invocations=18 (full 2):
 PSYoungGen      total 23552K, used 1528K [0x00000000eab00000, 0x00000000ec680000, 0x0000000100000000)
  eden space 22016K, 0% used [0x00000000eab00000,0x00000000eab00000,0x00000000ec080000)
  from space 1536K, 99% used [0x00000000ec500000,0x00000000ec67e1a8,0x00000000ec680000)
  to   space 3072K, 0% used [0x00000000ec080000,0x00000000ec080000,0x00000000ec380000)
 ParOldGen       total 68608K, used 19527K [0x00000000c0000000, 0x00000000c4300000, 0x00000000eab00000)
  object space 68608K, 28% used [0x00000000c0000000,0x00000000c1311e08,0x00000000c4300000)
 Metaspace       used 45959K, committed 46848K, reserved 1114112K
  class space    used 4854K, committed 5248K, reserved 1048576K
}
Event: 9.959 GC heap before
{Heap before GC invocations=19 (full 2):
 PSYoungGen      total 23552K, used 23544K [0x00000000eab00000, 0x00000000ec680000, 0x0000000100000000)
  eden space 22016K, 100% used [0x00000000eab00000,0x00000000ec080000,0x00000000ec080000)
  from space 1536K, 99% used [0x00000000ec500000,0x00000000ec67e1a8,0x00000000ec680000)
  to   space 3072K, 0% used [0x00000000ec080000,0x00000000ec080000,0x00000000ec380000)
 ParOldGen       total 68608K, used 19527K [0x00000000c0000000, 0x00000000c4300000, 0x00000000eab00000)
  object space 68608K, 28% used [0x00000000c0000000,0x00000000c1311e08,0x00000000c4300000)
 Metaspace       used 48482K, committed 49408K, reserved 1114112K
  class space    used 5190K, committed 5632K, reserved 1048576K
}
Event: 9.962 GC heap after
{Heap after GC invocations=19 (full 2):
 PSYoungGen      total 25088K, used 1412K [0x00000000eab00000, 0x00000000ec580000, 0x0000000100000000)
  eden space 22016K, 0% used [0x00000000eab00000,0x00000000eab00000,0x00000000ec080000)
  from space 3072K, 45% used [0x00000000ec080000,0x00000000ec1e1278,0x00000000ec380000)
  to   space 2048K, 0% used [0x00000000ec380000,0x00000000ec380000,0x00000000ec580000)
 ParOldGen       total 68608K, used 21055K [0x00000000c0000000, 0x00000000c4300000, 0x00000000eab00000)
  object space 68608K, 30% used [0x00000000c0000000,0x00000000c148fe08,0x00000000c4300000)
 Metaspace       used 48482K, committed 49408K, reserved 1114112K
  class space    used 5190K, committed 5632K, reserved 1048576K
}

