# JRE version: OpenJDK Runtime Environment Temurin-17.0.10+7 (17.0.10+7) (build 17.0.10+7)
# Java VM: OpenJDK 64-Bit Server VM Temurin-17.0.10+7 (17.0.10+7, mixed mode, tiered, compressed oops, compressed class ptrs, parallel gc, windows-amd64)
GC Precious Log:
 CPUs: 8 total, 8 available
 Memory: 7987M
 Large Page Support: Disabled
 NUMA Support: Disabled
 Compressed Oops: Enabled (32-bit)
 Alignments: Space 512K, Generation 512K, Heap 2M
 Heap Min Capacity: 100M
 Heap Initial Capacity: 100M
 Heap Max Capacity: 1G
 Pre-touch: Disabled
 Parallel Workers: 8
Heap:
 PSYoungGen      total 19456K, used 6649K [0x00000000eab00000, 0x00000000ec400000, 0x0000000100000000)
  eden space 18432K, 30% used [0x00000000eab00000,0x00000000eb084a08,0x00000000ebd00000)
  from space 1024K, 97% used [0x00000000ebf00000,0x00000000ebff9aa8,0x00000000ec000000)
  to   space 3584K, 0% used [0x00000000ec080000,0x00000000ec080000,0x00000000ec400000)
 ParOldGen       total 68608K, used 33592K [0x00000000c0000000, 0x00000000c4300000, 0x00000000eab00000)
  object space 68608K, 48% used [0x00000000c0000000,0x00000000c20ce350,0x00000000c4300000)
 Metaspace       used 47143K, committed 48000K, reserved 1114112K
  class space    used 4703K, committed 5120K, reserved 1048576K
GC Heap History (20 events):
Event: 6.908 GC heap before
{Heap before GC invocations=16 (full 2):
 PSYoungGen      total 24064K, used 24032K [0x00000000eab00000, 0x00000000ec980000, 0x0000000100000000)
  eden space 22016K, 100% used [0x00000000eab00000,0x00000000ec080000,0x00000000ec080000)
  from space 2048K, 98% used [0x00000000ec300000,0x00000000ec4f8010,0x00000000ec500000)
  to   space 4608K, 0% used [0x00000000ec500000,0x00000000ec500000,0x00000000ec980000)
 ParOldGen       total 68608K, used 18966K [0x00000000c0000000, 0x00000000c4300000, 0x00000000eab00000)
  object space 68608K, 27% used [0x00000000c0000000,0x00000000c1285b10,0x00000000c4300000)
 Metaspace       used 37849K, committed 38656K, reserved 1114112K
  class space    used 3800K, committed 4160K, reserved 1048576K
}
Event: 6.912 GC heap after
{Heap after GC invocations=16 (full 2):
 PSYoungGen      total 24576K, used 2080K [0x00000000eab00000, 0x00000000ec780000, 0x0000000100000000)
  eden space 22016K, 0% used [0x00000000eab00000,0x00000000eab00000,0x00000000ec080000)
  from space 2560K, 81% used [0x00000000ec500000,0x00000000ec708000,0x00000000ec780000)
  to   space 3072K, 0% used [0x00000000ec180000,0x00000000ec180000,0x00000000ec480000)
 ParOldGen       total 68608K, used 20872K [0x00000000c0000000, 0x00000000c4300000, 0x00000000eab00000)
  object space 68608K, 30% used [0x00000000c0000000,0x00000000c14621d0,0x00000000c4300000)
 Metaspace       used 37849K, committed 38656K, reserved 1114112K
  class space    used 3800K, committed 4160K, reserved 1048576K
}
Event: 6.989 GC heap before
{Heap before GC invocations=17 (full 2):
 PSYoungGen      total 24576K, used 24096K [0x00000000eab00000, 0x00000000ec780000, 0x0000000100000000)
  eden space 22016K, 100% used [0x00000000eab00000,0x00000000ec080000,0x00000000ec080000)
  from space 2560K, 81% used [0x00000000ec500000,0x00000000ec708000,0x00000000ec780000)
  to   space 3072K, 0% used [0x00000000ec180000,0x00000000ec180000,0x00000000ec480000)
 ParOldGen       total 68608K, used 20872K [0x00000000c0000000, 0x00000000c4300000, 0x00000000eab00000)
  object space 68608K, 30% used [0x00000000c0000000,0x00000000c14621d0,0x00000000c4300000)
 Metaspace       used 37849K, committed 38656K, reserved 1114112K
  class space    used 3800K, committed 4160K, reserved 1048576K
}
Event: 6.995 GC heap after
{Heap after GC invocations=17 (full 2):
 PSYoungGen      total 24576K, used 2304K [0x00000000eab00000, 0x00000000ec580000, 0x0000000100000000)
  eden space 22016K, 0% used [0x00000000eab00000,0x00000000eab00000,0x00000000ec080000)
  from space 2560K, 90% used [0x00000000ec180000,0x00000000ec3c0010,0x00000000ec400000)
  to   space 1536K, 0% used [0x00000000ec400000,0x00000000ec400000,0x00000000ec580000)
 ParOldGen       total 68608K, used 22856K [0x00000000c0000000, 0x00000000c4300000, 0x00000000eab00000)
  object space 68608K, 33% used [0x00000000c0000000,0x00000000c16521d0,0x00000000c4300000)
 Metaspace       used 37849K, committed 38656K, reserved 1114112K
  class space    used 3800K, committed 4160K, reserved 1048576K
}
Event: 7.232 GC heap before
{Heap before GC invocations=18 (full 2):
 PSYoungGen      total 24576K, used 24320K [0x00000000eab00000, 0x00000000ec580000, 0x0000000100000000)
  eden space 22016K, 100% used [0x00000000eab00000,0x00000000ec080000,0x00000000ec080000)
  from space 2560K, 90% used [0x00000000ec180000,0x00000000ec3c0010,0x00000000ec400000)
  to   space 1536K, 0% used [0x00000000ec400000,0x00000000ec400000,0x00000000ec580000)
 ParOldGen       total 68608K, used 22856K [0x00000000c0000000, 0x00000000c4300000, 0x00000000eab00000)
  object space 68608K, 33% used [0x00000000c0000000,0x00000000c16521d0,0x00000000c4300000)
 Metaspace       used 37922K, committed 38720K, reserved 1114112K
  class space    used 3804K, committed 4160K, reserved 1048576K
}
Event: 7.238 GC heap after
{Heap after GC invocations=18 (full 2):
 PSYoungGen      total 19968K, used 1508K [0x00000000eab00000, 0x00000000ece80000, 0x0000000100000000)
  eden space 18432K, 0% used [0x00000000eab00000,0x00000000eab00000,0x00000000ebd00000)
  from space 1536K, 98% used [0x00000000ec400000,0x00000000ec579000,0x00000000ec580000)
  to   space 7168K, 0% used [0x00000000ebd00000,0x00000000ebd00000,0x00000000ec400000)
 ParOldGen       total 68608K, used 27525K [0x00000000c0000000, 0x00000000c4300000, 0x00000000eab00000)
  object space 68608K, 40% used [0x00000000c0000000,0x00000000c1ae1538,0x00000000c4300000)
 Metaspace       used 37922K, committed 38720K, reserved 1114112K
  class space    used 3804K, committed 4160K, reserved 1048576K
}
Event: 7.665 GC heap before
{Heap before GC invocations=19 (full 2):
 PSYoungGen      total 19968K, used 19940K [0x00000000eab00000, 0x00000000ece80000, 0x0000000100000000)
  eden space 18432K, 100% used [0x00000000eab00000,0x00000000ebd00000,0x00000000ebd00000)
  from space 1536K, 98% used [0x00000000ec400000,0x00000000ec579000,0x00000000ec580000)
  to   space 7168K, 0% used [0x00000000ebd00000,0x00000000ebd00000,0x00000000ec400000)
 ParOldGen       total 68608K, used 27525K [0x00000000c0000000, 0x00000000c4300000, 0x00000000eab00000)
  object space 68608K, 40% used [0x00000000c0000000,0x00000000c1ae1538,0x00000000c4300000)
 Metaspace       used 38959K, committed 39616K, reserved 1114112K
  class space    used 3916K, committed 4224K, reserved 1048576K
}
Event: 7.671 GC heap after
{Heap after GC invocations=19 (full 2):
 PSYoungGen      total 20480K, used 1665K [0x00000000eab00000, 0x00000000ec480000, 0x0000000100000000)
  eden space 18432K, 0% used [0x00000000eab00000,0x00000000eab00000,0x00000000ebd00000)
  from space 2048K, 81% used [0x00000000ebd00000,0x00000000ebea04a0,0x00000000ebf00000)
  to   space 3584K, 0% used [0x00000000ec100000,0x00000000ec100000,0x00000000ec480000)
 ParOldGen       total 68608K, used 29057K [0x00000000c0000000, 0x00000000c4300000, 0x00000000eab00000)
  object space 68608K, 42% used [0x00000000c0000000,0x00000000c1c60538,0x00000000c4300000)
 Metaspace       used 38959K, committed 39616K, reserved 1114112K
  class space    used 3916K, committed 4224K, reserved 1048576K
}
Event: 8.823 GC heap before
{Heap before GC invocations=20 (full 2):
 PSYoungGen      total 20480K, used 20097K [0x00000000eab00000, 0x00000000ec480000, 0x0000000100000000)
  eden space 18432K, 100% used [0x00000000eab00000,0x00000000ebd00000,0x00000000ebd00000)
  from space 2048K, 81% used [0x00000000ebd00000,0x00000000ebea04a0,0x00000000ebf00000)
  to   space 3584K, 0% used [0x00000000ec100000,0x00000000ec100000,0x00000000ec480000)
 ParOldGen       total 68608K, used 29057K [0x00000000c0000000, 0x00000000c4300000, 0x00000000eab00000)
  object space 68608K, 42% used [0x00000000c0000000,0x00000000c1c60538,0x00000000c4300000)
 Metaspace       used 40921K, committed 41664K, reserved 1114112K
  class space    used 4149K, committed 4480K, reserved 1048576K
}
Event: 8.826 GC heap after
{Heap after GC invocations=20 (full 2):
 PSYoungGen      total 19456K, used 568K [0x00000000eab00000, 0x00000000ec200000, 0x0000000100000000)
  eden space 18432K, 0% used [0x00000000eab00000,0x00000000eab00000,0x00000000ebd00000)
  from space 1024K, 55% used [0x00000000ec100000,0x00000000ec18e1e8,0x00000000ec200000)
  to   space 1536K, 0% used [0x00000000ebf00000,0x00000000ebf00000,0x00000000ec080000)
 ParOldGen       total 68608K, used 30398K [0x00000000c0000000, 0x00000000c4300000, 0x00000000eab00000)
  object space 68608K, 44% used [0x00000000c0000000,0x00000000c1dafb78,0x00000000c4300000)
 Metaspace       used 40921K, committed 41664K, reserved 1114112K
  class space    used 4149K, committed 4480K, reserved 1048576K
}
Event: 9.509 GC heap before
{Heap before GC invocations=21 (full 2):
 PSYoungGen      total 19456K, used 18937K [0x00000000eab00000, 0x00000000ec200000, 0x0000000100000000)
  eden space 18432K, 99% used [0x00000000eab00000,0x00000000ebcf04f8,0x00000000ebd00000)
  from space 1024K, 55% used [0x00000000ec100000,0x00000000ec18e1e8,0x00000000ec200000)
  to   space 1536K, 0% used [0x00000000ebf00000,0x00000000ebf00000,0x00000000ec080000)
 ParOldGen       total 68608K, used 30398K [0x00000000c0000000, 0x00000000c4300000, 0x00000000eab00000)
  object space 68608K, 44% used [0x00000000c0000000,0x00000000c1dafb78,0x00000000c4300000)
 Metaspace       used 41902K, committed 42688K, reserved 1114112K
  class space    used 4248K, committed 4608K, reserved 1048576K
}
Event: 9.510 GC heap after
{Heap after GC invocations=21 (full 2):
 PSYoungGen      total 19968K, used 544K [0x00000000eab00000, 0x00000000ec180000, 0x0000000100000000)
  eden space 18432K, 0% used [0x00000000eab00000,0x00000000eab00000,0x00000000ebd00000)
  from space 1536K, 35% used [0x00000000ebf00000,0x00000000ebf88010,0x00000000ec080000)
  to   space 1024K, 0% used [0x00000000ec080000,0x00000000ec080000,0x00000000ec180000)
 ParOldGen       total 68608K, used 30848K [0x00000000c0000000, 0x00000000c4300000, 0x00000000eab00000)
  object space 68608K, 44% used [0x00000000c0000000,0x00000000c1e20020,0x00000000c4300000)
 Metaspace       used 41902K, committed 42688K, reserved 1114112K
  class space    used 4248K, committed 4608K, reserved 1048576K
}
Event: 9.762 GC heap before
{Heap before GC invocations=22 (full 2):
 PSYoungGen      total 19968K, used 18906K [0x00000000eab00000, 0x00000000ec180000, 0x0000000100000000)
  eden space 18432K, 99% used [0x00000000eab00000,0x00000000ebceeb30,0x00000000ebd00000)
  from space 1536K, 35% used [0x00000000ebf00000,0x00000000ebf88010,0x00000000ec080000)
  to   space 1024K, 0% used [0x00000000ec080000,0x00000000ec080000,0x00000000ec180000)
 ParOldGen       total 68608K, used 30848K [0x00000000c0000000, 0x00000000c4300000, 0x00000000eab00000)
  object space 68608K, 44% used [0x00000000c0000000,0x00000000c1e20020,0x00000000c4300000)
 Metaspace       used 42589K, committed 43328K, reserved 1114112K
  class space    used 4292K, committed 4608K, reserved 1048576K
}
Event: 9.763 GC heap after
{Heap after GC invocations=22 (full 2):
 PSYoungGen      total 19456K, used 835K [0x00000000eab00000, 0x00000000ec180000, 0x0000000100000000)
  eden space 18432K, 0% used [0x00000000eab00000,0x00000000eab00000,0x00000000ebd00000)
  from space 1024K, 81% used [0x00000000ec080000,0x00000000ec150d98,0x00000000ec180000)
  to   space 1024K, 0% used [0x00000000ebf80000,0x00000000ebf80000,0x00000000ec080000)
 ParOldGen       total 68608K, used 31136K [0x00000000c0000000, 0x00000000c4300000, 0x00000000eab00000)
  object space 68608K, 45% used [0x00000000c0000000,0x00000000c1e68020,0x00000000c4300000)
 Metaspace       used 42589K, committed 43328K, reserved 1114112K
  class space    used 4292K, committed 4608K, reserved 1048576K
}
Event: 10.016 GC heap before
{Heap before GC invocations=23 (full 2):
 PSYoungGen      total 19456K, used 19267K [0x00000000eab00000, 0x00000000ec180000, 0x0000000100000000)
  eden space 18432K, 100% used [0x00000000eab00000,0x00000000ebd00000,0x00000000ebd00000)
  from space 1024K, 81% used [0x00000000ec080000,0x00000000ec150d98,0x00000000ec180000)
  to   space 1024K, 0% used [0x00000000ebf80000,0x00000000ebf80000,0x00000000ec080000)
 ParOldGen       total 68608K, used 31136K [0x00000000c0000000, 0x00000000c4300000, 0x00000000eab00000)
  object space 68608K, 45% used [0x00000000c0000000,0x00000000c1e68020,0x00000000c4300000)
 Metaspace       used 42602K, committed 43328K, reserved 1114112K
  class space    used 4292K, committed 4608K, reserved 1048576K
}
Event: 10.017 GC heap after
{Heap after GC invocations=23 (full 2):
 PSYoungGen      total 19456K, used 521K [0x00000000eab00000, 0x00000000ec100000, 0x0000000100000000)
  eden space 18432K, 0% used [0x00000000eab00000,0x00000000eab00000,0x00000000ebd00000)
  from space 1024K, 50% used [0x00000000ebf80000,0x00000000ec002770,0x00000000ec080000)
  to   space 512K, 0% used [0x00000000ec080000,0x00000000ec080000,0x00000000ec100000)
 ParOldGen       total 68608K, used 31639K [0x00000000c0000000, 0x00000000c4300000, 0x00000000eab00000)
  object space 68608K, 46% used [0x00000000c0000000,0x00000000c1ee5c70,0x00000000c4300000)
 Metaspace       used 42602K, committed 43328K, reserved 1114112K
  class space    used 4292K, committed 4608K, reserved 1048576K
}
Event: 10.596 GC heap before
{Heap before GC invocations=24 (full 2):
 PSYoungGen      total 19456K, used 18953K [0x00000000eab00000, 0x00000000ec100000, 0x0000000100000000)
  eden space 18432K, 100% used [0x00000000eab00000,0x00000000ebd00000,0x00000000ebd00000)
  from space 1024K, 50% used [0x00000000ebf80000,0x00000000ec002770,0x00000000ec080000)
  to   space 512K, 0% used [0x00000000ec080000,0x00000000ec080000,0x00000000ec100000)
 ParOldGen       total 68608K, used 31639K [0x00000000c0000000, 0x00000000c4300000, 0x00000000eab00000)
  object space 68608K, 46% used [0x00000000c0000000,0x00000000c1ee5c70,0x00000000c4300000)
 Metaspace       used 44769K, committed 45568K, reserved 1114112K
  class space    used 4496K, committed 4864K, reserved 1048576K
}
Event: 10.599 GC heap after
{Heap after GC invocations=24 (full 2):
 PSYoungGen      total 18944K, used 512K [0x00000000eab00000, 0x00000000ec100000, 0x0000000100000000)
  eden space 18432K, 0% used [0x00000000eab00000,0x00000000eab00000,0x00000000ebd00000)
  from space 512K, 100% used [0x00000000ec080000,0x00000000ec100000,0x00000000ec100000)
  to   space 1024K, 0% used [0x00000000ebf00000,0x00000000ebf00000,0x00000000ec000000)
 ParOldGen       total 68608K, used 31719K [0x00000000c0000000, 0x00000000c4300000, 0x00000000eab00000)
  object space 68608K, 46% used [0x00000000c0000000,0x00000000c1ef9c70,0x00000000c4300000)
 Metaspace       used 44769K, committed 45568K, reserved 1114112K
  class space    used 4496K, committed 4864K, reserved 1048576K
}
Event: 11.745 GC heap before
{Heap before GC invocations=25 (full 2):
 PSYoungGen      total 18944K, used 18944K [0x00000000eab00000, 0x00000000ec100000, 0x0000000100000000)
  eden space 18432K, 100% used [0x00000000eab00000,0x00000000ebd00000,0x00000000ebd00000)
  from space 512K, 100% used [0x00000000ec080000,0x00000000ec100000,0x00000000ec100000)
  to   space 1024K, 0% used [0x00000000ebf00000,0x00000000ebf00000,0x00000000ec000000)
 ParOldGen       total 68608K, used 31719K [0x00000000c0000000, 0x00000000c4300000, 0x00000000eab00000)
  object space 68608K, 46% used [0x00000000c0000000,0x00000000c1ef9c70,0x00000000c4300000)
 Metaspace       used 46823K, committed 47552K, reserved 1114112K
  class space    used 4673K, committed 4992K, reserved 1048576K
}
Event: 11.749 GC heap after
{Heap after GC invocations=25 (full 2):
 PSYoungGen      total 19456K, used 998K [0x00000000eab00000, 0x00000000ec400000, 0x0000000100000000)
  eden space 18432K, 0% used [0x00000000eab00000,0x00000000eab00000,0x00000000ebd00000)
  from space 1024K, 97% used [0x00000000ebf00000,0x00000000ebff9aa8,0x00000000ec000000)
  to   space 3584K, 0% used [0x00000000ec080000,0x00000000ec080000,0x00000000ec400000)
 ParOldGen       total 68608K, used 33592K [0x00000000c0000000, 0x00000000c4300000, 0x00000000eab00000)
  object space 68608K, 48% used [0x00000000c0000000,0x00000000c20ce350,0x00000000c4300000)
 Metaspace       used 46823K, committed 47552K, reserved 1114112K
  class space    used 4673K, committed 4992K, reserved 1048576K
}

