# JRE version: Java(TM) SE Runtime Environment (21.0.2+13) (build 21.0.2+13-LTS-58)
# Java VM: Java HotSpot(TM) 64-Bit Server VM (21.0.2+13-LTS-58, mixed mode, sharing, tiered, compressed oops, compressed class ptrs, g1 gc, windows-amd64)
GC Precious Log:
 CardTable entry size: 512
 Card Set container configuration: InlinePtr #cards 5 size 8 Array Of Cards #cards 12 size 40 Howl #buckets 4 coarsen threshold 1843 Howl Bitmap #cards 512 size 80 coarsen threshold 460 Card regions per heap region 1 cards per card region 2048
 CPUs: 8 total, 8 available
 Memory: 7987M
 Large Page Support: Disabled
 NUMA Support: Disabled
 Compressed Oops: Enabled (32-bit)
 Heap Region Size: 1M
 Heap Min Capacity: 8M
 Heap Initial Capacity: 8M
 Heap Max Capacity: 1998M
 Pre-touch: Disabled
 Parallel Workers: 8
 Concurrent Workers: 2
 Concurrent Refinement Workers: 8
 Periodic GC: Disabled
Heap:
 garbage-first heap   total 70656K, used 42837K [0x0000000083200000, 0x0000000100000000)
  region size 1024K, 2 young (2048K), 2 survivors (2048K)
 Metaspace       used 11639K, committed 11840K, reserved 1114112K
  class space    used 1262K, committed 1344K, reserved 1048576K
GC Heap History (20 events):
Event: 1.068 GC heap after
{Heap after GC invocations=11 (full 0):
 garbage-first heap   total 24576K, used 12880K [0x0000000083200000, 0x0000000100000000)
  region size 1024K, 1 young (1024K), 1 survivors (1024K)
 Metaspace       used 8263K, committed 8448K, reserved 1114112K
  class space    used 914K, committed 1024K, reserved 1048576K
}
Event: 1.253 GC heap before
{Heap before GC invocations=11 (full 0):
 garbage-first heap   total 24576K, used 15952K [0x0000000083200000, 0x0000000100000000)
  region size 1024K, 4 young (4096K), 1 survivors (1024K)
 Metaspace       used 9088K, committed 9280K, reserved 1114112K
  class space    used 1006K, committed 1088K, reserved 1048576K
}
Event: 1.257 GC heap after
{Heap after GC invocations=12 (full 0):
 garbage-first heap   total 36864K, used 14208K [0x0000000083200000, 0x0000000100000000)
  region size 1024K, 1 young (1024K), 1 survivors (1024K)
 Metaspace       used 9088K, committed 9280K, reserved 1114112K
  class space    used 1006K, committed 1088K, reserved 1048576K
}
Event: 1.448 GC heap before
{Heap before GC invocations=13 (full 0):
 garbage-first heap   total 36864K, used 22400K [0x0000000083200000, 0x0000000100000000)
  region size 1024K, 10 young (10240K), 1 survivors (1024K)
 Metaspace       used 9150K, committed 9280K, reserved 1114112K
  class space    used 1008K, committed 1088K, reserved 1048576K
}
Event: 1.452 GC heap after
{Heap after GC invocations=14 (full 0):
 garbage-first heap   total 36864K, used 17144K [0x0000000083200000, 0x0000000100000000)
  region size 1024K, 2 young (2048K), 2 survivors (2048K)
 Metaspace       used 9150K, committed 9280K, reserved 1114112K
  class space    used 1008K, committed 1088K, reserved 1048576K
}
Event: 1.497 GC heap before
{Heap before GC invocations=14 (full 0):
 garbage-first heap   total 36864K, used 24312K [0x0000000083200000, 0x0000000100000000)
  region size 1024K, 9 young (9216K), 2 survivors (2048K)
 Metaspace       used 9151K, committed 9280K, reserved 1114112K
  class space    used 1008K, committed 1088K, reserved 1048576K
}
Event: 1.502 GC heap after
{Heap after GC invocations=15 (full 0):
 garbage-first heap   total 36864K, used 20410K [0x0000000083200000, 0x0000000100000000)
  region size 1024K, 2 young (2048K), 2 survivors (2048K)
 Metaspace       used 9151K, committed 9280K, reserved 1114112K
  class space    used 1008K, committed 1088K, reserved 1048576K
}
Event: 1.543 GC heap before
{Heap before GC invocations=16 (full 0):
 garbage-first heap   total 39936K, used 29626K [0x0000000083200000, 0x0000000100000000)
  region size 1024K, 9 young (9216K), 2 survivors (2048K)
 Metaspace       used 9151K, committed 9280K, reserved 1114112K
  class space    used 1008K, committed 1088K, reserved 1048576K
}
Event: 1.548 GC heap after
{Heap after GC invocations=17 (full 0):
 garbage-first heap   total 39936K, used 25502K [0x0000000083200000, 0x0000000100000000)
  region size 1024K, 2 young (2048K), 2 survivors (2048K)
 Metaspace       used 9151K, committed 9280K, reserved 1114112K
  class space    used 1008K, committed 1088K, reserved 1048576K
}
Event: 1.575 GC heap before
{Heap before GC invocations=17 (full 0):
 garbage-first heap   total 39936K, used 30622K [0x0000000083200000, 0x0000000100000000)
  region size 1024K, 8 young (8192K), 2 survivors (2048K)
 Metaspace       used 9151K, committed 9280K, reserved 1114112K
  class space    used 1008K, committed 1088K, reserved 1048576K
}
Event: 1.580 GC heap after
{Heap after GC invocations=18 (full 0):
 garbage-first heap   total 68608K, used 27111K [0x0000000083200000, 0x0000000100000000)
  region size 1024K, 1 young (1024K), 1 survivors (1024K)
 Metaspace       used 9151K, committed 9280K, reserved 1114112K
  class space    used 1008K, committed 1088K, reserved 1048576K
}
Event: 1.719 GC heap before
{Heap before GC invocations=18 (full 0):
 garbage-first heap   total 68608K, used 42471K [0x0000000083200000, 0x0000000100000000)
  region size 1024K, 16 young (16384K), 1 survivors (1024K)
 Metaspace       used 9185K, committed 9344K, reserved 1114112K
  class space    used 1008K, committed 1088K, reserved 1048576K
}
Event: 1.725 GC heap after
{Heap after GC invocations=19 (full 0):
 garbage-first heap   total 68608K, used 31954K [0x0000000083200000, 0x0000000100000000)
  region size 1024K, 2 young (2048K), 2 survivors (2048K)
 Metaspace       used 9185K, committed 9344K, reserved 1114112K
  class space    used 1008K, committed 1088K, reserved 1048576K
}
Event: 1.937 GC heap before
{Heap before GC invocations=19 (full 0):
 garbage-first heap   total 68608K, used 49362K [0x0000000083200000, 0x0000000100000000)
  region size 1024K, 20 young (20480K), 2 survivors (2048K)
 Metaspace       used 9297K, committed 9472K, reserved 1114112K
  class space    used 1018K, committed 1152K, reserved 1048576K
}
Event: 1.947 GC heap after
{Heap after GC invocations=20 (full 0):
 garbage-first heap   total 68608K, used 38327K [0x0000000083200000, 0x0000000100000000)
  region size 1024K, 3 young (3072K), 3 survivors (3072K)
 Metaspace       used 9297K, committed 9472K, reserved 1114112K
  class space    used 1018K, committed 1152K, reserved 1048576K
}
Event: 2.270 GC heap before
{Heap before GC invocations=20 (full 0):
 garbage-first heap   total 68608K, used 51639K [0x0000000083200000, 0x0000000100000000)
  region size 1024K, 16 young (16384K), 3 survivors (3072K)
 Metaspace       used 9591K, committed 9792K, reserved 1114112K
  class space    used 1048K, committed 1152K, reserved 1048576K
}
Event: 2.278 GC heap after
{Heap after GC invocations=21 (full 0):
 garbage-first heap   total 68608K, used 40582K [0x0000000083200000, 0x0000000100000000)
  region size 1024K, 2 young (2048K), 2 survivors (2048K)
 Metaspace       used 9591K, committed 9792K, reserved 1114112K
  class space    used 1048K, committed 1152K, reserved 1048576K
}
Event: 2.555 GC heap before
{Heap before GC invocations=22 (full 0):
 garbage-first heap   total 70656K, used 55942K [0x0000000083200000, 0x0000000100000000)
  region size 1024K, 16 young (16384K), 2 survivors (2048K)
 Metaspace       used 9872K, committed 10048K, reserved 1114112K
  class space    used 1069K, committed 1152K, reserved 1048576K
}
Event: 2.564 GC heap after
{Heap after GC invocations=23 (full 0):
 garbage-first heap   total 70656K, used 44541K [0x0000000083200000, 0x0000000100000000)
  region size 1024K, 2 young (2048K), 2 survivors (2048K)
 Metaspace       used 9872K, committed 10048K, reserved 1114112K
  class space    used 1069K, committed 1152K, reserved 1048576K
}
Event: 3.063 GC heap before
{Heap before GC invocations=23 (full 0):
 garbage-first heap   total 70656K, used 58877K [0x0000000083200000, 0x0000000100000000)
  region size 1024K, 16 young (16384K), 2 survivors (2048K)
 Metaspace       used 11639K, committed 11840K, reserved 1114112K
  class space    used 1262K, committed 1344K, reserved 1048576K
}

