# JRE version: Java(TM) SE Runtime Environment (21.0.2+13) (build 21.0.2+13-LTS-58)
# Java VM: Java HotSpot(TM) 64-Bit Server VM (21.0.2+13-LTS-58, mixed mode, sharing, tiered, compressed oops, compressed class ptrs, g1 gc, windows-amd64)
GC Precious Log:
 CardTable entry size: 512
 Card Set container configuration: InlinePtr #cards 5 size 8 Array Of Cards #cards 12 size 40 Howl #buckets 4 coarsen threshold 1843 Howl Bitmap #cards 512 size 80 coarsen threshold 460 Card regions per heap region 1 cards per card region 2048
 CPUs: 8 total, 8 available
 Memory: 7987M
 Large Page Support: Disabled
 NUMA Support: Disabled
 Compressed Oops: Enabled (32-bit)
 Heap Region Size: 1M
 Heap Min Capacity: 8M
 Heap Initial Capacity: 8M
 Heap Max Capacity: 1998M
 Pre-touch: Disabled
 Parallel Workers: 8
 Concurrent Workers: 2
 Concurrent Refinement Workers: 8
 Periodic GC: Disabled
Heap:
 garbage-first heap   total 89088K, used 45253K [0x0000000083200000, 0x0000000100000000)
  region size 1024K, 5 young (5120K), 3 survivors (3072K)
 Metaspace       used 11363K, committed 11584K, reserved 1114112K
  class space    used 1249K, committed 1344K, reserved 1048576K
GC Heap History (20 events):
Event: 1.869 GC heap before
{Heap before GC invocations=11 (full 0):
 garbage-first heap   total 24576K, used 16160K [0x0000000083200000, 0x0000000100000000)
  region size 1024K, 4 young (4096K), 1 survivors (1024K)
 Metaspace       used 9083K, committed 9280K, reserved 1114112K
  class space    used 1006K, committed 1088K, reserved 1048576K
}
Event: 1.876 GC heap after
{Heap after GC invocations=12 (full 0):
 garbage-first heap   total 30720K, used 14336K [0x0000000083200000, 0x0000000100000000)
  region size 1024K, 1 young (1024K), 1 survivors (1024K)
 Metaspace       used 9083K, committed 9280K, reserved 1114112K
  class space    used 1006K, committed 1088K, reserved 1048576K
}
Event: 1.984 GC heap before
{Heap before GC invocations=12 (full 0):
 garbage-first heap   total 30720K, used 19456K [0x0000000083200000, 0x0000000100000000)
  region size 1024K, 7 young (7168K), 1 survivors (1024K)
 Metaspace       used 9139K, committed 9280K, reserved 1114112K
  class space    used 1008K, committed 1088K, reserved 1048576K
}
Event: 1.988 GC heap after
{Heap after GC invocations=13 (full 0):
 garbage-first heap   total 30720K, used 16214K [0x0000000083200000, 0x0000000100000000)
  region size 1024K, 1 young (1024K), 1 survivors (1024K)
 Metaspace       used 9139K, committed 9280K, reserved 1114112K
  class space    used 1008K, committed 1088K, reserved 1048576K
}
Event: 2.049 GC heap before
{Heap before GC invocations=13 (full 0):
 garbage-first heap   total 30720K, used 20310K [0x0000000083200000, 0x0000000100000000)
  region size 1024K, 6 young (6144K), 1 survivors (1024K)
 Metaspace       used 9143K, committed 9280K, reserved 1114112K
  class space    used 1008K, committed 1088K, reserved 1048576K
}
Event: 2.054 GC heap after
{Heap after GC invocations=14 (full 0):
 garbage-first heap   total 30720K, used 17730K [0x0000000083200000, 0x0000000100000000)
  region size 1024K, 1 young (1024K), 1 survivors (1024K)
 Metaspace       used 9143K, committed 9280K, reserved 1114112K
  class space    used 1008K, committed 1088K, reserved 1048576K
}
Event: 2.157 GC heap before
{Heap before GC invocations=15 (full 0):
 garbage-first heap   total 35840K, used 25922K [0x0000000083200000, 0x0000000100000000)
  region size 1024K, 6 young (6144K), 1 survivors (1024K)
 Metaspace       used 9143K, committed 9280K, reserved 1114112K
  class space    used 1008K, committed 1088K, reserved 1048576K
}
Event: 2.165 GC heap after
{Heap after GC invocations=16 (full 0):
 garbage-first heap   total 35840K, used 22449K [0x0000000083200000, 0x0000000100000000)
  region size 1024K, 1 young (1024K), 1 survivors (1024K)
 Metaspace       used 9143K, committed 9280K, reserved 1114112K
  class space    used 1008K, committed 1088K, reserved 1048576K
}
Event: 2.199 GC heap before
{Heap before GC invocations=16 (full 0):
 garbage-first heap   total 35840K, used 27569K [0x0000000083200000, 0x0000000100000000)
  region size 1024K, 6 young (6144K), 1 survivors (1024K)
 Metaspace       used 9143K, committed 9280K, reserved 1114112K
  class space    used 1008K, committed 1088K, reserved 1048576K
}
Event: 2.206 GC heap after
{Heap after GC invocations=17 (full 0):
 garbage-first heap   total 35840K, used 25126K [0x0000000083200000, 0x0000000100000000)
  region size 1024K, 1 young (1024K), 1 survivors (1024K)
 Metaspace       used 9143K, committed 9280K, reserved 1114112K
  class space    used 1008K, committed 1088K, reserved 1048576K
}
Event: 2.231 GC heap before
{Heap before GC invocations=17 (full 0):
 garbage-first heap   total 35840K, used 29222K [0x0000000083200000, 0x0000000100000000)
  region size 1024K, 5 young (5120K), 1 survivors (1024K)
 Metaspace       used 9143K, committed 9280K, reserved 1114112K
  class space    used 1008K, committed 1088K, reserved 1048576K
}
Event: 2.234 GC heap after
{Heap after GC invocations=18 (full 0):
 garbage-first heap   total 71680K, used 25396K [0x0000000083200000, 0x0000000100000000)
  region size 1024K, 1 young (1024K), 1 survivors (1024K)
 Metaspace       used 9143K, committed 9280K, reserved 1114112K
  class space    used 1008K, committed 1088K, reserved 1048576K
}
Event: 2.440 GC heap before
{Heap before GC invocations=19 (full 0):
 garbage-first heap   total 71680K, used 43828K [0x0000000083200000, 0x0000000100000000)
  region size 1024K, 20 young (20480K), 1 survivors (1024K)
 Metaspace       used 9178K, committed 9344K, reserved 1114112K
  class space    used 1008K, committed 1088K, reserved 1048576K
}
Event: 2.448 GC heap after
{Heap after GC invocations=20 (full 0):
 garbage-first heap   total 71680K, used 31366K [0x0000000083200000, 0x0000000100000000)
  region size 1024K, 3 young (3072K), 3 survivors (3072K)
 Metaspace       used 9178K, committed 9344K, reserved 1114112K
  class space    used 1008K, committed 1088K, reserved 1048576K
}
Event: 3.017 GC heap before
{Heap before GC invocations=20 (full 0):
 garbage-first heap   total 71680K, used 50822K [0x0000000083200000, 0x0000000100000000)
  region size 1024K, 22 young (22528K), 3 survivors (3072K)
 Metaspace       used 9397K, committed 9664K, reserved 1114112K
  class space    used 1032K, committed 1152K, reserved 1048576K
}
Event: 3.027 GC heap after
{Heap after GC invocations=21 (full 0):
 garbage-first heap   total 71680K, used 37707K [0x0000000083200000, 0x0000000100000000)
  region size 1024K, 3 young (3072K), 3 survivors (3072K)
 Metaspace       used 9397K, committed 9664K, reserved 1114112K
  class space    used 1032K, committed 1152K, reserved 1048576K
}
Event: 3.190 GC heap before
{Heap before GC invocations=21 (full 0):
 garbage-first heap   total 71680K, used 53067K [0x0000000083200000, 0x0000000100000000)
  region size 1024K, 18 young (18432K), 3 survivors (3072K)
 Metaspace       used 9626K, committed 9792K, reserved 1114112K
  class space    used 1054K, committed 1152K, reserved 1048576K
}
Event: 3.200 GC heap after
{Heap after GC invocations=22 (full 0):
 garbage-first heap   total 71680K, used 40581K [0x0000000083200000, 0x0000000100000000)
  region size 1024K, 3 young (3072K), 3 survivors (3072K)
 Metaspace       used 9626K, committed 9792K, reserved 1114112K
  class space    used 1054K, committed 1152K, reserved 1048576K
}
Event: 3.735 GC heap before
{Heap before GC invocations=23 (full 0):
 garbage-first heap   total 73728K, used 55941K [0x0000000083200000, 0x0000000100000000)
  region size 1024K, 18 young (18432K), 3 survivors (3072K)
 Metaspace       used 11066K, committed 11200K, reserved 1114112K
  class space    used 1215K, committed 1280K, reserved 1048576K
}
Event: 3.746 GC heap after
{Heap after GC invocations=24 (full 0):
 garbage-first heap   total 89088K, used 44229K [0x0000000083200000, 0x0000000100000000)
  region size 1024K, 3 young (3072K), 3 survivors (3072K)
 Metaspace       used 11066K, committed 11200K, reserved 1114112K
  class space    used 1215K, committed 1280K, reserved 1048576K
}

