# JRE version: OpenJDK Runtime Environment Temurin-17.0.10+7 (17.0.10+7) (build 17.0.10+7)
# Java VM: OpenJDK 64-Bit Server VM Temurin-17.0.10+7 (17.0.10+7, mixed mode, tiered, compressed oops, compressed class ptrs, parallel gc, windows-amd64)
GC Precious Log:
 CPUs: 8 total, 8 available
 Memory: 7987M
 Large Page Support: Disabled
 NUMA Support: Disabled
 Compressed Oops: Enabled (32-bit)
 Alignments: Space 512K, Generation 512K, Heap 2M
 Heap Min Capacity: 100M
 Heap Initial Capacity: 100M
 Heap Max Capacity: 1G
 Pre-touch: Disabled
 Parallel Workers: 8
Heap:
 PSYoungGen      total 23040K, used 5851K [0x00000000eab00000, 0x00000000ec500000, 0x0000000100000000)
  eden space 21504K, 24% used [0x00000000eab00000,0x00000000eb016c68,0x00000000ec000000)
  from space 1536K, 41% used [0x00000000ec280000,0x00000000ec320010,0x00000000ec400000)
  to   space 1024K, 0% used [0x00000000ec400000,0x00000000ec400000,0x00000000ec500000)
 ParOldGen       total 68608K, used 31850K [0x00000000c0000000, 0x00000000c4300000, 0x00000000eab00000)
  object space 68608K, 46% used [0x00000000c0000000,0x00000000c1f1aa28,0x00000000c4300000)
 Metaspace       used 44652K, committed 45504K, reserved 1114112K
  class space    used 4491K, committed 4864K, reserved 1048576K
GC Heap History (20 events):
Event: 4.036 GC heap before
{Heap before GC invocations=14 (full 2):
 PSYoungGen      total 24576K, used 24480K [0x00000000eab00000, 0x00000000ec700000, 0x0000000100000000)
  eden space 22528K, 100% used [0x00000000eab00000,0x00000000ec100000,0x00000000ec100000)
  from space 2048K, 95% used [0x00000000ec200000,0x00000000ec3e8040,0x00000000ec400000)
  to   space 2560K, 0% used [0x00000000ec480000,0x00000000ec480000,0x00000000ec700000)
 ParOldGen       total 68608K, used 15263K [0x00000000c0000000, 0x00000000c4300000, 0x00000000eab00000)
  object space 68608K, 22% used [0x00000000c0000000,0x00000000c0ee7f60,0x00000000c4300000)
 Metaspace       used 37787K, committed 38528K, reserved 1114112K
  class space    used 3791K, committed 4096K, reserved 1048576K
}
Event: 4.039 GC heap after
{Heap after GC invocations=14 (full 2):
 PSYoungGen      total 24064K, used 1888K [0x00000000eab00000, 0x00000000ec680000, 0x0000000100000000)
  eden space 22016K, 0% used [0x00000000eab00000,0x00000000eab00000,0x00000000ec080000)
  from space 2048K, 92% used [0x00000000ec480000,0x00000000ec658000,0x00000000ec680000)
  to   space 2048K, 0% used [0x00000000ec280000,0x00000000ec280000,0x00000000ec480000)
 ParOldGen       total 68608K, used 17143K [0x00000000c0000000, 0x00000000c4300000, 0x00000000eab00000)
  object space 68608K, 24% used [0x00000000c0000000,0x00000000c10bdfa0,0x00000000c4300000)
 Metaspace       used 37787K, committed 38528K, reserved 1114112K
  class space    used 3791K, committed 4096K, reserved 1048576K
}
Event: 4.091 GC heap before
{Heap before GC invocations=15 (full 2):
 PSYoungGen      total 24064K, used 23904K [0x00000000eab00000, 0x00000000ec680000, 0x0000000100000000)
  eden space 22016K, 100% used [0x00000000eab00000,0x00000000ec080000,0x00000000ec080000)
  from space 2048K, 92% used [0x00000000ec480000,0x00000000ec658000,0x00000000ec680000)
  to   space 2048K, 0% used [0x00000000ec280000,0x00000000ec280000,0x00000000ec480000)
 ParOldGen       total 68608K, used 17143K [0x00000000c0000000, 0x00000000c4300000, 0x00000000eab00000)
  object space 68608K, 24% used [0x00000000c0000000,0x00000000c10bdfa0,0x00000000c4300000)
 Metaspace       used 37856K, committed 38656K, reserved 1114112K
  class space    used 3804K, committed 4160K, reserved 1048576K
}
Event: 4.094 GC heap after
{Heap after GC invocations=15 (full 2):
 PSYoungGen      total 24064K, used 1984K [0x00000000eab00000, 0x00000000ec500000, 0x0000000100000000)
  eden space 22016K, 0% used [0x00000000eab00000,0x00000000eab00000,0x00000000ec080000)
  from space 2048K, 96% used [0x00000000ec280000,0x00000000ec470010,0x00000000ec480000)
  to   space 512K, 0% used [0x00000000ec480000,0x00000000ec480000,0x00000000ec500000)
 ParOldGen       total 68608K, used 18935K [0x00000000c0000000, 0x00000000c4300000, 0x00000000eab00000)
  object space 68608K, 27% used [0x00000000c0000000,0x00000000c127dfa0,0x00000000c4300000)
 Metaspace       used 37856K, committed 38656K, reserved 1114112K
  class space    used 3804K, committed 4160K, reserved 1048576K
}
Event: 4.136 GC heap before
{Heap before GC invocations=16 (full 2):
 PSYoungGen      total 24064K, used 24000K [0x00000000eab00000, 0x00000000ec500000, 0x0000000100000000)
  eden space 22016K, 100% used [0x00000000eab00000,0x00000000ec080000,0x00000000ec080000)
  from space 2048K, 96% used [0x00000000ec280000,0x00000000ec470010,0x00000000ec480000)
  to   space 512K, 0% used [0x00000000ec480000,0x00000000ec480000,0x00000000ec500000)
 ParOldGen       total 68608K, used 18935K [0x00000000c0000000, 0x00000000c4300000, 0x00000000eab00000)
  object space 68608K, 27% used [0x00000000c0000000,0x00000000c127dfa0,0x00000000c4300000)
 Metaspace       used 37857K, committed 38656K, reserved 1114112K
  class space    used 3804K, committed 4160K, reserved 1048576K
}
Event: 4.140 GC heap after
{Heap after GC invocations=16 (full 2):
 PSYoungGen      total 22016K, used 512K [0x00000000eab00000, 0x00000000ec980000, 0x0000000100000000)
  eden space 21504K, 0% used [0x00000000eab00000,0x00000000eab00000,0x00000000ec000000)
  from space 512K, 100% used [0x00000000ec480000,0x00000000ec500000,0x00000000ec500000)
  to   space 4608K, 0% used [0x00000000ec000000,0x00000000ec000000,0x00000000ec480000)
 ParOldGen       total 68608K, used 22268K [0x00000000c0000000, 0x00000000c4300000, 0x00000000eab00000)
  object space 68608K, 32% used [0x00000000c0000000,0x00000000c15bf138,0x00000000c4300000)
 Metaspace       used 37857K, committed 38656K, reserved 1114112K
  class space    used 3804K, committed 4160K, reserved 1048576K
}
Event: 4.171 GC heap before
{Heap before GC invocations=17 (full 2):
 PSYoungGen      total 22016K, used 22016K [0x00000000eab00000, 0x00000000ec980000, 0x0000000100000000)
  eden space 21504K, 100% used [0x00000000eab00000,0x00000000ec000000,0x00000000ec000000)
  from space 512K, 100% used [0x00000000ec480000,0x00000000ec500000,0x00000000ec500000)
  to   space 4608K, 0% used [0x00000000ec000000,0x00000000ec000000,0x00000000ec480000)
 ParOldGen       total 68608K, used 22268K [0x00000000c0000000, 0x00000000c4300000, 0x00000000eab00000)
  object space 68608K, 32% used [0x00000000c0000000,0x00000000c15bf138,0x00000000c4300000)
 Metaspace       used 37858K, committed 38656K, reserved 1114112K
  class space    used 3804K, committed 4160K, reserved 1048576K
}
Event: 4.175 GC heap after
{Heap after GC invocations=17 (full 2):
 PSYoungGen      total 24064K, used 2240K [0x00000000eab00000, 0x00000000ec600000, 0x0000000100000000)
  eden space 21504K, 0% used [0x00000000eab00000,0x00000000eab00000,0x00000000ec000000)
  from space 2560K, 87% used [0x00000000ec000000,0x00000000ec230010,0x00000000ec280000)
  to   space 3072K, 0% used [0x00000000ec300000,0x00000000ec300000,0x00000000ec600000)
 ParOldGen       total 68608K, used 22828K [0x00000000c0000000, 0x00000000c4300000, 0x00000000eab00000)
  object space 68608K, 33% used [0x00000000c0000000,0x00000000c164b138,0x00000000c4300000)
 Metaspace       used 37858K, committed 38656K, reserved 1114112K
  class space    used 3804K, committed 4160K, reserved 1048576K
}
Event: 4.208 GC heap before
{Heap before GC invocations=18 (full 2):
 PSYoungGen      total 24064K, used 23744K [0x00000000eab00000, 0x00000000ec600000, 0x0000000100000000)
  eden space 21504K, 99% used [0x00000000eab00000,0x00000000ebfffff8,0x00000000ec000000)
  from space 2560K, 87% used [0x00000000ec000000,0x00000000ec230010,0x00000000ec280000)
  to   space 3072K, 0% used [0x00000000ec300000,0x00000000ec300000,0x00000000ec600000)
 ParOldGen       total 68608K, used 22828K [0x00000000c0000000, 0x00000000c4300000, 0x00000000eab00000)
  object space 68608K, 33% used [0x00000000c0000000,0x00000000c164b138,0x00000000c4300000)
 Metaspace       used 37872K, committed 38656K, reserved 1114112K
  class space    used 3807K, committed 4160K, reserved 1048576K
}
Event: 4.211 GC heap after
{Heap after GC invocations=18 (full 2):
 PSYoungGen      total 23552K, used 1856K [0x00000000eab00000, 0x00000000ec500000, 0x0000000100000000)
  eden space 21504K, 0% used [0x00000000eab00000,0x00000000eab00000,0x00000000ec000000)
  from space 2048K, 90% used [0x00000000ec300000,0x00000000ec4d0000,0x00000000ec500000)
  to   space 2560K, 0% used [0x00000000ec000000,0x00000000ec000000,0x00000000ec280000)
 ParOldGen       total 68608K, used 24996K [0x00000000c0000000, 0x00000000c4300000, 0x00000000eab00000)
  object space 68608K, 36% used [0x00000000c0000000,0x00000000c1869148,0x00000000c4300000)
 Metaspace       used 37872K, committed 38656K, reserved 1114112K
  class space    used 3807K, committed 4160K, reserved 1048576K
}
Event: 4.386 GC heap before
{Heap before GC invocations=19 (full 2):
 PSYoungGen      total 23552K, used 23360K [0x00000000eab00000, 0x00000000ec500000, 0x0000000100000000)
  eden space 21504K, 100% used [0x00000000eab00000,0x00000000ec000000,0x00000000ec000000)
  from space 2048K, 90% used [0x00000000ec300000,0x00000000ec4d0000,0x00000000ec500000)
  to   space 2560K, 0% used [0x00000000ec000000,0x00000000ec000000,0x00000000ec280000)
 ParOldGen       total 68608K, used 24996K [0x00000000c0000000, 0x00000000c4300000, 0x00000000eab00000)
  object space 68608K, 36% used [0x00000000c0000000,0x00000000c1869148,0x00000000c4300000)
 Metaspace       used 38980K, committed 39744K, reserved 1114112K
  class space    used 3931K, committed 4224K, reserved 1048576K
}
Event: 4.390 GC heap after
{Heap after GC invocations=19 (full 2):
 PSYoungGen      total 24064K, used 2544K [0x00000000eab00000, 0x00000000ecd00000, 0x0000000100000000)
  eden space 21504K, 0% used [0x00000000eab00000,0x00000000eab00000,0x00000000ec000000)
  from space 2560K, 99% used [0x00000000ec000000,0x00000000ec27c228,0x00000000ec280000)
  to   space 6656K, 0% used [0x00000000ec680000,0x00000000ec680000,0x00000000ecd00000)
 ParOldGen       total 68608K, used 28073K [0x00000000c0000000, 0x00000000c4300000, 0x00000000eab00000)
  object space 68608K, 40% used [0x00000000c0000000,0x00000000c1b6a6a0,0x00000000c4300000)
 Metaspace       used 38980K, committed 39744K, reserved 1114112K
  class space    used 3931K, committed 4224K, reserved 1048576K
}
Event: 4.646 GC heap before
{Heap before GC invocations=20 (full 2):
 PSYoungGen      total 24064K, used 24048K [0x00000000eab00000, 0x00000000ecd00000, 0x0000000100000000)
  eden space 21504K, 100% used [0x00000000eab00000,0x00000000ec000000,0x00000000ec000000)
  from space 2560K, 99% used [0x00000000ec000000,0x00000000ec27c228,0x00000000ec280000)
  to   space 6656K, 0% used [0x00000000ec680000,0x00000000ec680000,0x00000000ecd00000)
 ParOldGen       total 68608K, used 28073K [0x00000000c0000000, 0x00000000c4300000, 0x00000000eab00000)
  object space 68608K, 40% used [0x00000000c0000000,0x00000000c1b6a6a0,0x00000000c4300000)
 Metaspace       used 41051K, committed 41792K, reserved 1114112K
  class space    used 4164K, committed 4480K, reserved 1048576K
}
Event: 4.648 GC heap after
{Heap after GC invocations=20 (full 2):
 PSYoungGen      total 22528K, used 600K [0x00000000eab00000, 0x00000000ec780000, 0x0000000100000000)
  eden space 21504K, 0% used [0x00000000eab00000,0x00000000eab00000,0x00000000ec000000)
  from space 1024K, 58% used [0x00000000ec680000,0x00000000ec7161e8,0x00000000ec780000)
  to   space 2560K, 0% used [0x00000000ec280000,0x00000000ec280000,0x00000000ec500000)
 ParOldGen       total 68608K, used 30642K [0x00000000c0000000, 0x00000000c4300000, 0x00000000eab00000)
  object space 68608K, 44% used [0x00000000c0000000,0x00000000c1dec930,0x00000000c4300000)
 Metaspace       used 41051K, committed 41792K, reserved 1114112K
  class space    used 4164K, committed 4480K, reserved 1048576K
}
Event: 4.824 GC heap before
{Heap before GC invocations=21 (full 2):
 PSYoungGen      total 22528K, used 22104K [0x00000000eab00000, 0x00000000ec780000, 0x0000000100000000)
  eden space 21504K, 100% used [0x00000000eab00000,0x00000000ec000000,0x00000000ec000000)
  from space 1024K, 58% used [0x00000000ec680000,0x00000000ec7161e8,0x00000000ec780000)
  to   space 2560K, 0% used [0x00000000ec280000,0x00000000ec280000,0x00000000ec500000)
 ParOldGen       total 68608K, used 30642K [0x00000000c0000000, 0x00000000c4300000, 0x00000000eab00000)
  object space 68608K, 44% used [0x00000000c0000000,0x00000000c1dec930,0x00000000c4300000)
 Metaspace       used 42570K, committed 43392K, reserved 1114112K
  class space    used 4295K, committed 4608K, reserved 1048576K
}
Event: 4.825 GC heap after
{Heap after GC invocations=21 (full 2):
 PSYoungGen      total 23552K, used 1830K [0x00000000eab00000, 0x00000000ec700000, 0x0000000100000000)
  eden space 21504K, 0% used [0x00000000eab00000,0x00000000eab00000,0x00000000ec000000)
  from space 2048K, 89% used [0x00000000ec280000,0x00000000ec449a50,0x00000000ec480000)
  to   space 2560K, 0% used [0x00000000ec480000,0x00000000ec480000,0x00000000ec700000)
 ParOldGen       total 68608K, used 31163K [0x00000000c0000000, 0x00000000c4300000, 0x00000000eab00000)
  object space 68608K, 45% used [0x00000000c0000000,0x00000000c1e6edd8,0x00000000c4300000)
 Metaspace       used 42570K, committed 43392K, reserved 1114112K
  class space    used 4295K, committed 4608K, reserved 1048576K
}
Event: 4.892 GC heap before
{Heap before GC invocations=22 (full 2):
 PSYoungGen      total 23552K, used 23334K [0x00000000eab00000, 0x00000000ec700000, 0x0000000100000000)
  eden space 21504K, 100% used [0x00000000eab00000,0x00000000ec000000,0x00000000ec000000)
  from space 2048K, 89% used [0x00000000ec280000,0x00000000ec449a50,0x00000000ec480000)
  to   space 2560K, 0% used [0x00000000ec480000,0x00000000ec480000,0x00000000ec700000)
 ParOldGen       total 68608K, used 31163K [0x00000000c0000000, 0x00000000c4300000, 0x00000000eab00000)
  object space 68608K, 45% used [0x00000000c0000000,0x00000000c1e6edd8,0x00000000c4300000)
 Metaspace       used 42605K, committed 43392K, reserved 1114112K
  class space    used 4295K, committed 4608K, reserved 1048576K
}
Event: 4.894 GC heap after
{Heap after GC invocations=22 (full 2):
 PSYoungGen      total 22528K, used 602K [0x00000000eab00000, 0x00000000ec580000, 0x0000000100000000)
  eden space 21504K, 0% used [0x00000000eab00000,0x00000000eab00000,0x00000000ec000000)
  from space 1024K, 58% used [0x00000000ec480000,0x00000000ec516a80,0x00000000ec580000)
  to   space 1536K, 0% used [0x00000000ec280000,0x00000000ec280000,0x00000000ec400000)
 ParOldGen       total 68608K, used 31826K [0x00000000c0000000, 0x00000000c4300000, 0x00000000eab00000)
  object space 68608K, 46% used [0x00000000c0000000,0x00000000c1f14a28,0x00000000c4300000)
 Metaspace       used 42605K, committed 43392K, reserved 1114112K
  class space    used 4295K, committed 4608K, reserved 1048576K
}
Event: 5.053 GC heap before
{Heap before GC invocations=23 (full 2):
 PSYoungGen      total 22528K, used 22038K [0x00000000eab00000, 0x00000000ec580000, 0x0000000100000000)
  eden space 21504K, 99% used [0x00000000eab00000,0x00000000ebfeede0,0x00000000ec000000)
  from space 1024K, 58% used [0x00000000ec480000,0x00000000ec516a80,0x00000000ec580000)
  to   space 1536K, 0% used [0x00000000ec280000,0x00000000ec280000,0x00000000ec400000)
 ParOldGen       total 68608K, used 31826K [0x00000000c0000000, 0x00000000c4300000, 0x00000000eab00000)
  object space 68608K, 46% used [0x00000000c0000000,0x00000000c1f14a28,0x00000000c4300000)
 Metaspace       used 44274K, committed 45056K, reserved 1114112K
  class space    used 4457K, committed 4800K, reserved 1048576K
}
Event: 5.054 GC heap after
{Heap after GC invocations=23 (full 2):
 PSYoungGen      total 23040K, used 640K [0x00000000eab00000, 0x00000000ec500000, 0x0000000100000000)
  eden space 21504K, 0% used [0x00000000eab00000,0x00000000eab00000,0x00000000ec000000)
  from space 1536K, 41% used [0x00000000ec280000,0x00000000ec320010,0x00000000ec400000)
  to   space 1024K, 0% used [0x00000000ec400000,0x00000000ec400000,0x00000000ec500000)
 ParOldGen       total 68608K, used 31850K [0x00000000c0000000, 0x00000000c4300000, 0x00000000eab00000)
  object space 68608K, 46% used [0x00000000c0000000,0x00000000c1f1aa28,0x00000000c4300000)
 Metaspace       used 44274K, committed 45056K, reserved 1114112K
  class space    used 4457K, committed 4800K, reserved 1048576K
}

