# JRE version: OpenJDK Runtime Environment Temurin-17.0.10+7 (17.0.10+7) (build 17.0.10+7)
# Java VM: OpenJDK 64-Bit Server VM Temurin-17.0.10+7 (17.0.10+7, mixed mode, tiered, compressed oops, compressed class ptrs, parallel gc, windows-amd64)
GC Precious Log:
 CPUs: 8 total, 8 available
 Memory: 7987M
 Large Page Support: Disabled
 NUMA Support: Disabled
 Compressed Oops: Enabled (32-bit)
 Alignments: Space 512K, Generation 512K, Heap 2M
 Heap Min Capacity: 100M
 Heap Initial Capacity: 100M
 Heap Max Capacity: 1G
 Pre-touch: Disabled
 Parallel Workers: 8
Heap:
 PSYoungGen      total 4608K, used 999K [0x00000000eab00000, 0x00000000eb180000, 0x0000000100000000)
  eden space 3584K, 0% used [0x00000000eab00000,0x00000000eab00000,0x00000000eae80000)
  from space 1024K, 97% used [0x00000000eb080000,0x00000000eb179c30,0x00000000eb180000)
  to   space 1536K, 0% used [0x00000000eaf00000,0x00000000eaf00000,0x00000000eb080000)
 ParOldGen       total 177152K, used 175449K [0x00000000c0000000, 0x00000000cad00000, 0x00000000eab00000)
  object space 177152K, 99% used [0x00000000c0000000,0x00000000cab567f0,0x00000000cad00000)
 Metaspace       used 88366K, committed 89600K, reserved 1179648K
  class space    used 8942K, committed 9472K, reserved 1048576K
GC Heap History (20 events):
Event: 235.259 GC heap before
{Heap before GC invocations=1722 (full 28):
 PSYoungGen      total 5632K, used 5226K [0x00000000eab00000, 0x00000000eb200000, 0x0000000100000000)
  eden space 4608K, 100% used [0x00000000eab00000,0x00000000eaf80000,0x00000000eaf80000)
  from space 1024K, 60% used [0x00000000eb100000,0x00000000eb19a910,0x00000000eb200000)
  to   space 1024K, 0% used [0x00000000eb000000,0x00000000eb000000,0x00000000eb100000)
 ParOldGen       total 177152K, used 166763K [0x00000000c0000000, 0x00000000cad00000, 0x00000000eab00000)
  object space 177152K, 94% used [0x00000000c0000000,0x00000000ca2dafe8,0x00000000cad00000)
 Metaspace       used 88330K, committed 89600K, reserved 1179648K
  class space    used 8942K, committed 9472K, reserved 1048576K
}
Event: 235.260 GC heap after
{Heap after GC invocations=1722 (full 28):
 PSYoungGen      total 5632K, used 1020K [0x00000000eab00000, 0x00000000eb280000, 0x0000000100000000)
  eden space 4608K, 0% used [0x00000000eab00000,0x00000000eab00000,0x00000000eaf80000)
  from space 1024K, 99% used [0x00000000eb000000,0x00000000eb0ff1b0,0x00000000eb100000)
  to   space 1536K, 0% used [0x00000000eb100000,0x00000000eb100000,0x00000000eb280000)
 ParOldGen       total 177152K, used 167004K [0x00000000c0000000, 0x00000000cad00000, 0x00000000eab00000)
  object space 177152K, 94% used [0x00000000c0000000,0x00000000ca317028,0x00000000cad00000)
 Metaspace       used 88330K, committed 89600K, reserved 1179648K
  class space    used 8942K, committed 9472K, reserved 1048576K
}
Event: 235.291 GC heap before
{Heap before GC invocations=1723 (full 28):
 PSYoungGen      total 5632K, used 5628K [0x00000000eab00000, 0x00000000eb280000, 0x0000000100000000)
  eden space 4608K, 100% used [0x00000000eab00000,0x00000000eaf80000,0x00000000eaf80000)
  from space 1024K, 99% used [0x00000000eb000000,0x00000000eb0ff1b0,0x00000000eb100000)
  to   space 1536K, 0% used [0x00000000eb100000,0x00000000eb100000,0x00000000eb280000)
 ParOldGen       total 177152K, used 167004K [0x00000000c0000000, 0x00000000cad00000, 0x00000000eab00000)
  object space 177152K, 94% used [0x00000000c0000000,0x00000000ca317028,0x00000000cad00000)
 Metaspace       used 88353K, committed 89600K, reserved 1179648K
  class space    used 8942K, committed 9472K, reserved 1048576K
}
Event: 235.294 GC heap after
{Heap after GC invocations=1723 (full 28):
 PSYoungGen      total 5120K, used 1506K [0x00000000eab00000, 0x00000000eb480000, 0x0000000100000000)
  eden space 3584K, 0% used [0x00000000eab00000,0x00000000eab00000,0x00000000eae80000)
  from space 1536K, 98% used [0x00000000eb100000,0x00000000eb278b20,0x00000000eb280000)
  to   space 2560K, 0% used [0x00000000eae80000,0x00000000eae80000,0x00000000eb100000)
 ParOldGen       total 177152K, used 167776K [0x00000000c0000000, 0x00000000cad00000, 0x00000000eab00000)
  object space 177152K, 94% used [0x00000000c0000000,0x00000000ca3d8388,0x00000000cad00000)
 Metaspace       used 88353K, committed 89600K, reserved 1179648K
  class space    used 8942K, committed 9472K, reserved 1048576K
}
Event: 235.302 GC heap before
{Heap before GC invocations=1724 (full 28):
 PSYoungGen      total 5120K, used 5090K [0x00000000eab00000, 0x00000000eb480000, 0x0000000100000000)
  eden space 3584K, 99% used [0x00000000eab00000,0x00000000eae7ffc8,0x00000000eae80000)
  from space 1536K, 98% used [0x00000000eb100000,0x00000000eb278b20,0x00000000eb280000)
  to   space 2560K, 0% used [0x00000000eae80000,0x00000000eae80000,0x00000000eb100000)
 ParOldGen       total 177152K, used 167776K [0x00000000c0000000, 0x00000000cad00000, 0x00000000eab00000)
  object space 177152K, 94% used [0x00000000c0000000,0x00000000ca3d8388,0x00000000cad00000)
 Metaspace       used 88354K, committed 89600K, reserved 1179648K
  class space    used 8942K, committed 9472K, reserved 1048576K
}
Event: 235.304 GC heap after
{Heap after GC invocations=1724 (full 28):
 PSYoungGen      total 5120K, used 1326K [0x00000000eab00000, 0x00000000eb280000, 0x0000000100000000)
  eden space 3584K, 0% used [0x00000000eab00000,0x00000000eab00000,0x00000000eae80000)
  from space 1536K, 86% used [0x00000000eae80000,0x00000000eafcb920,0x00000000eb000000)
  to   space 2048K, 0% used [0x00000000eb080000,0x00000000eb080000,0x00000000eb280000)
 ParOldGen       total 177152K, used 168433K [0x00000000c0000000, 0x00000000cad00000, 0x00000000eab00000)
  object space 177152K, 95% used [0x00000000c0000000,0x00000000ca47c760,0x00000000cad00000)
 Metaspace       used 88354K, committed 89600K, reserved 1179648K
  class space    used 8942K, committed 9472K, reserved 1048576K
}
Event: 235.321 GC heap before
{Heap before GC invocations=1725 (full 28):
 PSYoungGen      total 5120K, used 4910K [0x00000000eab00000, 0x00000000eb280000, 0x0000000100000000)
  eden space 3584K, 100% used [0x00000000eab00000,0x00000000eae80000,0x00000000eae80000)
  from space 1536K, 86% used [0x00000000eae80000,0x00000000eafcb920,0x00000000eb000000)
  to   space 2048K, 0% used [0x00000000eb080000,0x00000000eb080000,0x00000000eb280000)
 ParOldGen       total 177152K, used 168433K [0x00000000c0000000, 0x00000000cad00000, 0x00000000eab00000)
  object space 177152K, 95% used [0x00000000c0000000,0x00000000ca47c760,0x00000000cad00000)
 Metaspace       used 88354K, committed 89600K, reserved 1179648K
  class space    used 8942K, committed 9472K, reserved 1048576K
}
Event: 235.323 GC heap after
{Heap after GC invocations=1725 (full 28):
 PSYoungGen      total 4608K, used 800K [0x00000000eab00000, 0x00000000eb180000, 0x0000000100000000)
  eden space 3584K, 0% used [0x00000000eab00000,0x00000000eab00000,0x00000000eae80000)
  from space 1024K, 78% used [0x00000000eb080000,0x00000000eb148020,0x00000000eb180000)
  to   space 1536K, 0% used [0x00000000eae80000,0x00000000eae80000,0x00000000eb000000)
 ParOldGen       total 177152K, used 169303K [0x00000000c0000000, 0x00000000cad00000, 0x00000000eab00000)
  object space 177152K, 95% used [0x00000000c0000000,0x00000000ca555c10,0x00000000cad00000)
 Metaspace       used 88354K, committed 89600K, reserved 1179648K
  class space    used 8942K, committed 9472K, reserved 1048576K
}
Event: 235.485 GC heap before
{Heap before GC invocations=1726 (full 28):
 PSYoungGen      total 4608K, used 3508K [0x00000000eab00000, 0x00000000eb180000, 0x0000000100000000)
  eden space 3584K, 75% used [0x00000000eab00000,0x00000000eada50a0,0x00000000eae80000)
  from space 1024K, 78% used [0x00000000eb080000,0x00000000eb148020,0x00000000eb180000)
  to   space 1536K, 0% used [0x00000000eae80000,0x00000000eae80000,0x00000000eb000000)
 ParOldGen       total 177152K, used 169303K [0x00000000c0000000, 0x00000000cad00000, 0x00000000eab00000)
  object space 177152K, 95% used [0x00000000c0000000,0x00000000ca555c10,0x00000000cad00000)
 Metaspace       used 88354K, committed 89600K, reserved 1179648K
  class space    used 8942K, committed 9472K, reserved 1048576K
}
Event: 235.486 GC heap after
{Heap after GC invocations=1726 (full 28):
 PSYoungGen      total 5120K, used 448K [0x00000000eab00000, 0x00000000eb100000, 0x0000000100000000)
  eden space 3584K, 0% used [0x00000000eab00000,0x00000000eab00000,0x00000000eae80000)
  from space 1536K, 29% used [0x00000000eae80000,0x00000000eaef0020,0x00000000eb000000)
  to   space 1024K, 0% used [0x00000000eb000000,0x00000000eb000000,0x00000000eb100000)
 ParOldGen       total 177152K, used 169599K [0x00000000c0000000, 0x00000000cad00000, 0x00000000eab00000)
  object space 177152K, 95% used [0x00000000c0000000,0x00000000ca59fc30,0x00000000cad00000)
 Metaspace       used 88354K, committed 89600K, reserved 1179648K
  class space    used 8942K, committed 9472K, reserved 1048576K
}
Event: 235.501 GC heap before
{Heap before GC invocations=1727 (full 28):
 PSYoungGen      total 5120K, used 3854K [0x00000000eab00000, 0x00000000eb100000, 0x0000000100000000)
  eden space 3584K, 95% used [0x00000000eab00000,0x00000000eae539a0,0x00000000eae80000)
  from space 1536K, 29% used [0x00000000eae80000,0x00000000eaef0020,0x00000000eb000000)
  to   space 1024K, 0% used [0x00000000eb000000,0x00000000eb000000,0x00000000eb100000)
 ParOldGen       total 177152K, used 169599K [0x00000000c0000000, 0x00000000cad00000, 0x00000000eab00000)
  object space 177152K, 95% used [0x00000000c0000000,0x00000000ca59fc30,0x00000000cad00000)
 Metaspace       used 88354K, committed 89600K, reserved 1179648K
  class space    used 8942K, committed 9472K, reserved 1048576K
}
Event: 235.502 GC heap after
{Heap after GC invocations=1727 (full 28):
 PSYoungGen      total 4608K, used 908K [0x00000000eab00000, 0x00000000eb100000, 0x0000000100000000)
  eden space 3584K, 0% used [0x00000000eab00000,0x00000000eab00000,0x00000000eae80000)
  from space 1024K, 88% used [0x00000000eb000000,0x00000000eb0e3348,0x00000000eb100000)
  to   space 1024K, 0% used [0x00000000eaf00000,0x00000000eaf00000,0x00000000eb000000)
 ParOldGen       total 177152K, used 169599K [0x00000000c0000000, 0x00000000cad00000, 0x00000000eab00000)
  object space 177152K, 95% used [0x00000000c0000000,0x00000000ca59fc30,0x00000000cad00000)
 Metaspace       used 88354K, committed 89600K, reserved 1179648K
  class space    used 8942K, committed 9472K, reserved 1048576K
}
Event: 235.514 GC heap before
{Heap before GC invocations=1728 (full 28):
 PSYoungGen      total 4608K, used 4487K [0x00000000eab00000, 0x00000000eb100000, 0x0000000100000000)
  eden space 3584K, 99% used [0x00000000eab00000,0x00000000eae7e8f0,0x00000000eae80000)
  from space 1024K, 88% used [0x00000000eb000000,0x00000000eb0e3348,0x00000000eb100000)
  to   space 1024K, 0% used [0x00000000eaf00000,0x00000000eaf00000,0x00000000eb000000)
 ParOldGen       total 177152K, used 169599K [0x00000000c0000000, 0x00000000cad00000, 0x00000000eab00000)
  object space 177152K, 95% used [0x00000000c0000000,0x00000000ca59fc30,0x00000000cad00000)
 Metaspace       used 88354K, committed 89600K, reserved 1179648K
  class space    used 8942K, committed 9472K, reserved 1048576K
}
Event: 235.515 GC heap after
{Heap after GC invocations=1728 (full 28):
 PSYoungGen      total 4608K, used 1002K [0x00000000eab00000, 0x00000000eb480000, 0x0000000100000000)
  eden space 3584K, 0% used [0x00000000eab00000,0x00000000eab00000,0x00000000eae80000)
  from space 1024K, 97% used [0x00000000eaf00000,0x00000000eaffa8e0,0x00000000eb000000)
  to   space 3072K, 0% used [0x00000000eb180000,0x00000000eb180000,0x00000000eb480000)
 ParOldGen       total 177152K, used 171259K [0x00000000c0000000, 0x00000000cad00000, 0x00000000eab00000)
  object space 177152K, 96% used [0x00000000c0000000,0x00000000ca73ecd0,0x00000000cad00000)
 Metaspace       used 88354K, committed 89600K, reserved 1179648K
  class space    used 8942K, committed 9472K, reserved 1048576K
}
Event: 235.562 GC heap before
{Heap before GC invocations=1729 (full 28):
 PSYoungGen      total 4608K, used 3503K [0x00000000eab00000, 0x00000000eb480000, 0x0000000100000000)
  eden space 3584K, 69% used [0x00000000eab00000,0x00000000ead71348,0x00000000eae80000)
  from space 1024K, 97% used [0x00000000eaf00000,0x00000000eaffa8e0,0x00000000eb000000)
  to   space 3072K, 0% used [0x00000000eb180000,0x00000000eb180000,0x00000000eb480000)
 ParOldGen       total 177152K, used 171259K [0x00000000c0000000, 0x00000000cad00000, 0x00000000eab00000)
  object space 177152K, 96% used [0x00000000c0000000,0x00000000ca73ecd0,0x00000000cad00000)
 Metaspace       used 88355K, committed 89600K, reserved 1179648K
  class space    used 8942K, committed 9472K, reserved 1048576K
}
Event: 235.564 GC heap after
{Heap after GC invocations=1729 (full 28):
 PSYoungGen      total 4608K, used 841K [0x00000000eab00000, 0x00000000eb280000, 0x0000000100000000)
  eden space 3584K, 0% used [0x00000000eab00000,0x00000000eab00000,0x00000000eae80000)
  from space 1024K, 82% used [0x00000000eb180000,0x00000000eb252708,0x00000000eb280000)
  to   space 1536K, 0% used [0x00000000eaf80000,0x00000000eaf80000,0x00000000eb100000)
 ParOldGen       total 177152K, used 171568K [0x00000000c0000000, 0x00000000cad00000, 0x00000000eab00000)
  object space 177152K, 96% used [0x00000000c0000000,0x00000000ca78c080,0x00000000cad00000)
 Metaspace       used 88355K, committed 89600K, reserved 1179648K
  class space    used 8942K, committed 9472K, reserved 1048576K
}
Event: 235.587 GC heap before
{Heap before GC invocations=1730 (full 28):
 PSYoungGen      total 4608K, used 3142K [0x00000000eab00000, 0x00000000eb280000, 0x0000000100000000)
  eden space 3584K, 64% used [0x00000000eab00000,0x00000000ead3f348,0x00000000eae80000)
  from space 1024K, 82% used [0x00000000eb180000,0x00000000eb252708,0x00000000eb280000)
  to   space 1536K, 0% used [0x00000000eaf80000,0x00000000eaf80000,0x00000000eb100000)
 ParOldGen       total 177152K, used 171568K [0x00000000c0000000, 0x00000000cad00000, 0x00000000eab00000)
  object space 177152K, 96% used [0x00000000c0000000,0x00000000ca78c080,0x00000000cad00000)
 Metaspace       used 88355K, committed 89600K, reserved 1179648K
  class space    used 8942K, committed 9472K, reserved 1048576K
}
Event: 235.588 GC heap after
{Heap after GC invocations=1730 (full 28):
 PSYoungGen      total 5120K, used 929K [0x00000000eab00000, 0x00000000eb200000, 0x0000000100000000)
  eden space 3584K, 0% used [0x00000000eab00000,0x00000000eab00000,0x00000000eae80000)
  from space 1536K, 60% used [0x00000000eaf80000,0x00000000eb0685d8,0x00000000eb100000)
  to   space 1024K, 0% used [0x00000000eb100000,0x00000000eb100000,0x00000000eb200000)
 ParOldGen       total 177152K, used 171568K [0x00000000c0000000, 0x00000000cad00000, 0x00000000eab00000)
  object space 177152K, 96% used [0x00000000c0000000,0x00000000ca78c080,0x00000000cad00000)
 Metaspace       used 88355K, committed 89600K, reserved 1179648K
  class space    used 8942K, committed 9472K, reserved 1048576K
}
Event: 235.610 GC heap before
{Heap before GC invocations=1731 (full 28):
 PSYoungGen      total 5120K, used 4505K [0x00000000eab00000, 0x00000000eb200000, 0x0000000100000000)
  eden space 3584K, 99% used [0x00000000eab00000,0x00000000eae7e0a0,0x00000000eae80000)
  from space 1536K, 60% used [0x00000000eaf80000,0x00000000eb0685d8,0x00000000eb100000)
  to   space 1024K, 0% used [0x00000000eb100000,0x00000000eb100000,0x00000000eb200000)
 ParOldGen       total 177152K, used 171568K [0x00000000c0000000, 0x00000000cad00000, 0x00000000eab00000)
  object space 177152K, 96% used [0x00000000c0000000,0x00000000ca78c080,0x00000000cad00000)
 Metaspace       used 88355K, committed 89600K, reserved 1179648K
  class space    used 8942K, committed 9472K, reserved 1048576K
}
Event: 235.612 GC heap after
{Heap after GC invocations=1731 (full 28):
 PSYoungGen      total 4608K, used 1012K [0x00000000eab00000, 0x00000000eb200000, 0x0000000100000000)
  eden space 3584K, 0% used [0x00000000eab00000,0x00000000eab00000,0x00000000eae80000)
  from space 1024K, 98% used [0x00000000eb100000,0x00000000eb1fd110,0x00000000eb200000)
  to   space 1536K, 0% used [0x00000000eaf00000,0x00000000eaf00000,0x00000000eb080000)
 ParOldGen       total 177152K, used 173252K [0x00000000c0000000, 0x00000000cad00000, 0x00000000eab00000)
  object space 177152K, 97% used [0x00000000c0000000,0x00000000ca931130,0x00000000cad00000)
 Metaspace       used 88355K, committed 89600K, reserved 1179648K
  class space    used 8942K, committed 9472K, reserved 1048576K
}

