# JRE version: OpenJDK Runtime Environment Temurin-17.0.10+7 (17.0.10+7) (build 17.0.10+7)
# Java VM: OpenJDK 64-Bit Server VM Temurin-17.0.10+7 (17.0.10+7, mixed mode, tiered, compressed oops, compressed class ptrs, parallel gc, windows-amd64)
GC Precious Log:
 CPUs: 8 total, 8 available
 Memory: 7987M
 Large Page Support: Disabled
 NUMA Support: Disabled
 Compressed Oops: Enabled (32-bit)
 Alignments: Space 512K, Generation 512K, Heap 2M
 Heap Min Capacity: 100M
 Heap Initial Capacity: 100M
 Heap Max Capacity: 1G
 Pre-touch: Disabled
 Parallel Workers: 8
Heap:
 PSYoungGen      total 18944K, used 12884K [0x00000000eab00000, 0x00000000ec180000, 0x0000000100000000)
  eden space 17920K, 68% used [0x00000000eab00000,0x00000000eb712f58,0x00000000ebc80000)
  from space 1024K, 50% used [0x00000000ec080000,0x00000000ec102398,0x00000000ec180000)
  to   space 1024K, 0% used [0x00000000ebf80000,0x00000000ebf80000,0x00000000ec080000)
 ParOldGen       total 68608K, used 31329K [0x00000000c0000000, 0x00000000c4300000, 0x00000000eab00000)
  object space 68608K, 45% used [0x00000000c0000000,0x00000000c1e986b0,0x00000000c4300000)
 Metaspace       used 43647K, committed 44480K, reserved 1114112K
  class space    used 4405K, committed 4800K, reserved 1048576K
GC Heap History (20 events):
Event: 7.815 GC heap before
{Heap before GC invocations=13 (full 2):
 PSYoungGen      total 25600K, used 25331K [0x00000000eab00000, 0x00000000ec980000, 0x0000000100000000)
  eden space 23040K, 100% used [0x00000000eab00000,0x00000000ec180000,0x00000000ec180000)
  from space 2560K, 89% used [0x00000000ec700000,0x00000000ec93cf60,0x00000000ec980000)
  to   space 3584K, 0% used [0x00000000ec280000,0x00000000ec280000,0x00000000ec600000)
 ParOldGen       total 68608K, used 13242K [0x00000000c0000000, 0x00000000c4300000, 0x00000000eab00000)
  object space 68608K, 19% used [0x00000000c0000000,0x00000000c0ceea68,0x00000000c4300000)
 Metaspace       used 37730K, committed 38528K, reserved 1114112K
  class space    used 3793K, committed 4160K, reserved 1048576K
}
Event: 7.819 GC heap after
{Heap after GC invocations=13 (full 2):
 PSYoungGen      total 24576K, used 1952K [0x00000000eab00000, 0x00000000ec780000, 0x0000000100000000)
  eden space 22528K, 0% used [0x00000000eab00000,0x00000000eab00000,0x00000000ec100000)
  from space 2048K, 95% used [0x00000000ec280000,0x00000000ec468010,0x00000000ec480000)
  to   space 2560K, 0% used [0x00000000ec500000,0x00000000ec500000,0x00000000ec780000)
 ParOldGen       total 68608K, used 15368K [0x00000000c0000000, 0x00000000c4300000, 0x00000000eab00000)
  object space 68608K, 22% used [0x00000000c0000000,0x00000000c0f022f8,0x00000000c4300000)
 Metaspace       used 37730K, committed 38528K, reserved 1114112K
  class space    used 3793K, committed 4160K, reserved 1048576K
}
Event: 7.981 GC heap before
{Heap before GC invocations=14 (full 2):
 PSYoungGen      total 24576K, used 24480K [0x00000000eab00000, 0x00000000ec780000, 0x0000000100000000)
  eden space 22528K, 100% used [0x00000000eab00000,0x00000000ec100000,0x00000000ec100000)
  from space 2048K, 95% used [0x00000000ec280000,0x00000000ec468010,0x00000000ec480000)
  to   space 2560K, 0% used [0x00000000ec500000,0x00000000ec500000,0x00000000ec780000)
 ParOldGen       total 68608K, used 15368K [0x00000000c0000000, 0x00000000c4300000, 0x00000000eab00000)
  object space 68608K, 22% used [0x00000000c0000000,0x00000000c0f022f8,0x00000000c4300000)
 Metaspace       used 37784K, committed 38592K, reserved 1114112K
  class space    used 3793K, committed 4160K, reserved 1048576K
}
Event: 7.985 GC heap after
{Heap after GC invocations=14 (full 2):
 PSYoungGen      total 24064K, used 2016K [0x00000000eab00000, 0x00000000ec700000, 0x0000000100000000)
  eden space 22016K, 0% used [0x00000000eab00000,0x00000000eab00000,0x00000000ec080000)
  from space 2048K, 98% used [0x00000000ec500000,0x00000000ec6f8010,0x00000000ec700000)
  to   space 2048K, 0% used [0x00000000ec300000,0x00000000ec300000,0x00000000ec500000)
 ParOldGen       total 68608K, used 17216K [0x00000000c0000000, 0x00000000c4300000, 0x00000000eab00000)
  object space 68608K, 25% used [0x00000000c0000000,0x00000000c10d02f8,0x00000000c4300000)
 Metaspace       used 37784K, committed 38592K, reserved 1114112K
  class space    used 3793K, committed 4160K, reserved 1048576K
}
Event: 8.163 GC heap before
{Heap before GC invocations=15 (full 2):
 PSYoungGen      total 24064K, used 24032K [0x00000000eab00000, 0x00000000ec700000, 0x0000000100000000)
  eden space 22016K, 100% used [0x00000000eab00000,0x00000000ec080000,0x00000000ec080000)
  from space 2048K, 98% used [0x00000000ec500000,0x00000000ec6f8010,0x00000000ec700000)
  to   space 2048K, 0% used [0x00000000ec300000,0x00000000ec300000,0x00000000ec500000)
 ParOldGen       total 68608K, used 17216K [0x00000000c0000000, 0x00000000c4300000, 0x00000000eab00000)
  object space 68608K, 25% used [0x00000000c0000000,0x00000000c10d02f8,0x00000000c4300000)
 Metaspace       used 37846K, committed 38656K, reserved 1114112K
  class space    used 3805K, committed 4160K, reserved 1048576K
}
Event: 8.167 GC heap after
{Heap after GC invocations=15 (full 2):
 PSYoungGen      total 24064K, used 1984K [0x00000000eab00000, 0x00000000ec580000, 0x0000000100000000)
  eden space 22016K, 0% used [0x00000000eab00000,0x00000000eab00000,0x00000000ec080000)
  from space 2048K, 96% used [0x00000000ec300000,0x00000000ec4f0000,0x00000000ec500000)
  to   space 512K, 0% used [0x00000000ec500000,0x00000000ec500000,0x00000000ec580000)
 ParOldGen       total 68608K, used 19141K [0x00000000c0000000, 0x00000000c4300000, 0x00000000eab00000)
  object space 68608K, 27% used [0x00000000c0000000,0x00000000c12b1660,0x00000000c4300000)
 Metaspace       used 37846K, committed 38656K, reserved 1114112K
  class space    used 3805K, committed 4160K, reserved 1048576K
}
Event: 8.489 GC heap before
{Heap before GC invocations=16 (full 2):
 PSYoungGen      total 24064K, used 24000K [0x00000000eab00000, 0x00000000ec580000, 0x0000000100000000)
  eden space 22016K, 100% used [0x00000000eab00000,0x00000000ec080000,0x00000000ec080000)
  from space 2048K, 96% used [0x00000000ec300000,0x00000000ec4f0000,0x00000000ec500000)
  to   space 512K, 0% used [0x00000000ec500000,0x00000000ec500000,0x00000000ec580000)
 ParOldGen       total 68608K, used 19141K [0x00000000c0000000, 0x00000000c4300000, 0x00000000eab00000)
  object space 68608K, 27% used [0x00000000c0000000,0x00000000c12b1660,0x00000000c4300000)
 Metaspace       used 37847K, committed 38656K, reserved 1114112K
  class space    used 3805K, committed 4160K, reserved 1048576K
}
Event: 8.496 GC heap after
{Heap after GC invocations=16 (full 2):
 PSYoungGen      total 22528K, used 512K [0x00000000eab00000, 0x00000000ec980000, 0x0000000100000000)
  eden space 22016K, 0% used [0x00000000eab00000,0x00000000eab00000,0x00000000ec080000)
  from space 512K, 100% used [0x00000000ec500000,0x00000000ec580000,0x00000000ec580000)
  to   space 4608K, 0% used [0x00000000ec080000,0x00000000ec080000,0x00000000ec500000)
 ParOldGen       total 68608K, used 22461K [0x00000000c0000000, 0x00000000c4300000, 0x00000000eab00000)
  object space 68608K, 32% used [0x00000000c0000000,0x00000000c15ef660,0x00000000c4300000)
 Metaspace       used 37847K, committed 38656K, reserved 1114112K
  class space    used 3805K, committed 4160K, reserved 1048576K
}
Event: 8.602 GC heap before
{Heap before GC invocations=17 (full 2):
 PSYoungGen      total 22528K, used 22528K [0x00000000eab00000, 0x00000000ec980000, 0x0000000100000000)
  eden space 22016K, 100% used [0x00000000eab00000,0x00000000ec080000,0x00000000ec080000)
  from space 512K, 100% used [0x00000000ec500000,0x00000000ec580000,0x00000000ec580000)
  to   space 4608K, 0% used [0x00000000ec080000,0x00000000ec080000,0x00000000ec500000)
 ParOldGen       total 68608K, used 22461K [0x00000000c0000000, 0x00000000c4300000, 0x00000000eab00000)
  object space 68608K, 32% used [0x00000000c0000000,0x00000000c15ef660,0x00000000c4300000)
 Metaspace       used 37848K, committed 38656K, reserved 1114112K
  class space    used 3805K, committed 4160K, reserved 1048576K
}
Event: 8.605 GC heap after
{Heap after GC invocations=17 (full 2):
 PSYoungGen      total 24576K, used 2208K [0x00000000eab00000, 0x00000000ec680000, 0x0000000100000000)
  eden space 22016K, 0% used [0x00000000eab00000,0x00000000eab00000,0x00000000ec080000)
  from space 2560K, 86% used [0x00000000ec080000,0x00000000ec2a8010,0x00000000ec300000)
  to   space 3072K, 0% used [0x00000000ec380000,0x00000000ec380000,0x00000000ec680000)
 ParOldGen       total 68608K, used 23005K [0x00000000c0000000, 0x00000000c4300000, 0x00000000eab00000)
  object space 68608K, 33% used [0x00000000c0000000,0x00000000c1677660,0x00000000c4300000)
 Metaspace       used 37848K, committed 38656K, reserved 1114112K
  class space    used 3805K, committed 4160K, reserved 1048576K
}
Event: 9.083 GC heap before
{Heap before GC invocations=18 (full 2):
 PSYoungGen      total 24576K, used 24224K [0x00000000eab00000, 0x00000000ec680000, 0x0000000100000000)
  eden space 22016K, 100% used [0x00000000eab00000,0x00000000ec080000,0x00000000ec080000)
  from space 2560K, 86% used [0x00000000ec080000,0x00000000ec2a8010,0x00000000ec300000)
  to   space 3072K, 0% used [0x00000000ec380000,0x00000000ec380000,0x00000000ec680000)
 ParOldGen       total 68608K, used 23005K [0x00000000c0000000, 0x00000000c4300000, 0x00000000eab00000)
  object space 68608K, 33% used [0x00000000c0000000,0x00000000c1677660,0x00000000c4300000)
 Metaspace       used 38361K, committed 39104K, reserved 1114112K
  class space    used 3857K, committed 4224K, reserved 1048576K
}
Event: 9.092 GC heap after
{Heap after GC invocations=18 (full 2):
 PSYoungGen      total 20992K, used 3065K [0x00000000eab00000, 0x00000000ece80000, 0x0000000100000000)
  eden space 17920K, 0% used [0x00000000eab00000,0x00000000eab00000,0x00000000ebc80000)
  from space 3072K, 99% used [0x00000000ec380000,0x00000000ec67e6f0,0x00000000ec680000)
  to   space 7168K, 0% used [0x00000000ebc80000,0x00000000ebc80000,0x00000000ec380000)
 ParOldGen       total 68608K, used 26201K [0x00000000c0000000, 0x00000000c4300000, 0x00000000eab00000)
  object space 68608K, 38% used [0x00000000c0000000,0x00000000c1996670,0x00000000c4300000)
 Metaspace       used 38361K, committed 39104K, reserved 1114112K
  class space    used 3857K, committed 4224K, reserved 1048576K
}
Event: 9.698 GC heap before
{Heap before GC invocations=19 (full 2):
 PSYoungGen      total 20992K, used 20985K [0x00000000eab00000, 0x00000000ece80000, 0x0000000100000000)
  eden space 17920K, 100% used [0x00000000eab00000,0x00000000ebc80000,0x00000000ebc80000)
  from space 3072K, 99% used [0x00000000ec380000,0x00000000ec67e6f0,0x00000000ec680000)
  to   space 7168K, 0% used [0x00000000ebc80000,0x00000000ebc80000,0x00000000ec380000)
 ParOldGen       total 68608K, used 26201K [0x00000000c0000000, 0x00000000c4300000, 0x00000000eab00000)
  object space 68608K, 38% used [0x00000000c0000000,0x00000000c1996670,0x00000000c4300000)
 Metaspace       used 40734K, committed 41536K, reserved 1114112K
  class space    used 4123K, committed 4480K, reserved 1048576K
}
Event: 9.703 GC heap after
{Heap after GC invocations=19 (full 2):
 PSYoungGen      total 18944K, used 920K [0x00000000eab00000, 0x00000000ec400000, 0x0000000100000000)
  eden space 17920K, 0% used [0x00000000eab00000,0x00000000eab00000,0x00000000ebc80000)
  from space 1024K, 89% used [0x00000000ebc80000,0x00000000ebd66208,0x00000000ebd80000)
  to   space 3072K, 0% used [0x00000000ec100000,0x00000000ec100000,0x00000000ec400000)
 ParOldGen       total 68608K, used 28978K [0x00000000c0000000, 0x00000000c4300000, 0x00000000eab00000)
  object space 68608K, 42% used [0x00000000c0000000,0x00000000c1c4ca08,0x00000000c4300000)
 Metaspace       used 40734K, committed 41536K, reserved 1114112K
  class space    used 4123K, committed 4480K, reserved 1048576K
}
Event: 10.301 GC heap before
{Heap before GC invocations=20 (full 2):
 PSYoungGen      total 18944K, used 18836K [0x00000000eab00000, 0x00000000ec400000, 0x0000000100000000)
  eden space 17920K, 99% used [0x00000000eab00000,0x00000000ebc7f0f0,0x00000000ebc80000)
  from space 1024K, 89% used [0x00000000ebc80000,0x00000000ebd66208,0x00000000ebd80000)
  to   space 3072K, 0% used [0x00000000ec100000,0x00000000ec100000,0x00000000ec400000)
 ParOldGen       total 68608K, used 28978K [0x00000000c0000000, 0x00000000c4300000, 0x00000000eab00000)
  object space 68608K, 42% used [0x00000000c0000000,0x00000000c1c4ca08,0x00000000c4300000)
 Metaspace       used 41540K, committed 42304K, reserved 1114112K
  class space    used 4219K, committed 4608K, reserved 1048576K
}
Event: 10.303 GC heap after
{Heap after GC invocations=20 (full 2):
 PSYoungGen      total 18432K, used 448K [0x00000000eab00000, 0x00000000ec180000, 0x0000000100000000)
  eden space 17920K, 0% used [0x00000000eab00000,0x00000000eab00000,0x00000000ebc80000)
  from space 512K, 87% used [0x00000000ec100000,0x00000000ec170010,0x00000000ec180000)
  to   space 1024K, 0% used [0x00000000ebf80000,0x00000000ebf80000,0x00000000ec080000)
 ParOldGen       total 68608K, used 29811K [0x00000000c0000000, 0x00000000c4300000, 0x00000000eab00000)
  object space 68608K, 43% used [0x00000000c0000000,0x00000000c1d1ce10,0x00000000c4300000)
 Metaspace       used 41540K, committed 42304K, reserved 1114112K
  class space    used 4219K, committed 4608K, reserved 1048576K
}
Event: 10.593 GC heap before
{Heap before GC invocations=21 (full 2):
 PSYoungGen      total 18432K, used 18368K [0x00000000eab00000, 0x00000000ec180000, 0x0000000100000000)
  eden space 17920K, 100% used [0x00000000eab00000,0x00000000ebc80000,0x00000000ebc80000)
  from space 512K, 87% used [0x00000000ec100000,0x00000000ec170010,0x00000000ec180000)
  to   space 1024K, 0% used [0x00000000ebf80000,0x00000000ebf80000,0x00000000ec080000)
 ParOldGen       total 68608K, used 29811K [0x00000000c0000000, 0x00000000c4300000, 0x00000000eab00000)
  object space 68608K, 43% used [0x00000000c0000000,0x00000000c1d1ce10,0x00000000c4300000)
 Metaspace       used 42503K, committed 43328K, reserved 1114112K
  class space    used 4296K, committed 4672K, reserved 1048576K
}
Event: 10.595 GC heap after
{Heap after GC invocations=21 (full 2):
 PSYoungGen      total 18944K, used 1000K [0x00000000eab00000, 0x00000000ec180000, 0x0000000100000000)
  eden space 17920K, 0% used [0x00000000eab00000,0x00000000eab00000,0x00000000ebc80000)
  from space 1024K, 97% used [0x00000000ebf80000,0x00000000ec07a0a0,0x00000000ec080000)
  to   space 1024K, 0% used [0x00000000ec080000,0x00000000ec080000,0x00000000ec180000)
 ParOldGen       total 68608K, used 30347K [0x00000000c0000000, 0x00000000c4300000, 0x00000000eab00000)
  object space 68608K, 44% used [0x00000000c0000000,0x00000000c1da2e10,0x00000000c4300000)
 Metaspace       used 42503K, committed 43328K, reserved 1114112K
  class space    used 4296K, committed 4672K, reserved 1048576K
}
Event: 10.760 GC heap before
{Heap before GC invocations=22 (full 2):
 PSYoungGen      total 18944K, used 18920K [0x00000000eab00000, 0x00000000ec180000, 0x0000000100000000)
  eden space 17920K, 100% used [0x00000000eab00000,0x00000000ebc80000,0x00000000ebc80000)
  from space 1024K, 97% used [0x00000000ebf80000,0x00000000ec07a0a0,0x00000000ec080000)
  to   space 1024K, 0% used [0x00000000ec080000,0x00000000ec080000,0x00000000ec180000)
 ParOldGen       total 68608K, used 30347K [0x00000000c0000000, 0x00000000c4300000, 0x00000000eab00000)
  object space 68608K, 44% used [0x00000000c0000000,0x00000000c1da2e10,0x00000000c4300000)
 Metaspace       used 42522K, committed 43328K, reserved 1114112K
  class space    used 4296K, committed 4672K, reserved 1048576K
}
Event: 10.762 GC heap after
{Heap after GC invocations=22 (full 2):
 PSYoungGen      total 18944K, used 520K [0x00000000eab00000, 0x00000000ec180000, 0x0000000100000000)
  eden space 17920K, 0% used [0x00000000eab00000,0x00000000eab00000,0x00000000ebc80000)
  from space 1024K, 50% used [0x00000000ec080000,0x00000000ec102398,0x00000000ec180000)
  to   space 1024K, 0% used [0x00000000ebf80000,0x00000000ebf80000,0x00000000ec080000)
 ParOldGen       total 68608K, used 31329K [0x00000000c0000000, 0x00000000c4300000, 0x00000000eab00000)
  object space 68608K, 45% used [0x00000000c0000000,0x00000000c1e986b0,0x00000000c4300000)
 Metaspace       used 42522K, committed 43328K, reserved 1114112K
  class space    used 4296K, committed 4672K, reserved 1048576K
}

