# JRE version: OpenJDK Runtime Environment Temurin-17.0.10+7 (17.0.10+7) (build 17.0.10+7)
# Java VM: OpenJDK 64-Bit Server VM Temurin-17.0.10+7 (17.0.10+7, mixed mode, tiered, compressed oops, compressed class ptrs, parallel gc, windows-amd64)
GC Precious Log:
 CPUs: 8 total, 8 available
 Memory: 7987M
 Large Page Support: Disabled
 NUMA Support: Disabled
 Compressed Oops: Enabled (32-bit)
 Alignments: Space 512K, Generation 512K, Heap 2M
 Heap Min Capacity: 100M
 Heap Initial Capacity: 100M
 Heap Max Capacity: 1G
 Pre-touch: Disabled
 Parallel Workers: 8
Heap:
 PSYoungGen      total 21504K, used 9997K [0x00000000eab00000, 0x00000000ec700000, 0x0000000100000000)
  eden space 15360K, 25% used [0x00000000eab00000,0x00000000eaeca9a0,0x00000000eba00000)
  from space 6144K, 99% used [0x00000000eba80000,0x00000000ec078b40,0x00000000ec080000)
  to   space 6656K, 0% used [0x00000000ec080000,0x00000000ec080000,0x00000000ec700000)
 ParOldGen       total 146944K, used 128158K [0x00000000c0000000, 0x00000000c8f80000, 0x00000000eab00000)
  object space 146944K, 87% used [0x00000000c0000000,0x00000000c7d27b48,0x00000000c8f80000)
 Metaspace       used 75486K, committed 76672K, reserved 1179648K
  class space    used 7947K, committed 8512K, reserved 1048576K
GC Heap History (20 events):
Event: 16.049 GC heap before
{Heap before GC invocations=119 (full 8):
 PSYoungGen      total 19968K, used 19955K [0x00000000eab00000, 0x00000000ed600000, 0x0000000100000000)
  eden space 15360K, 100% used [0x00000000eab00000,0x00000000eba00000,0x00000000eba00000)
  from space 4608K, 99% used [0x00000000eba00000,0x00000000ebe7cec0,0x00000000ebe80000)
  to   space 14336K, 0% used [0x00000000ec800000,0x00000000ec800000,0x00000000ed600000)
 ParOldGen       total 146944K, used 114217K [0x00000000c0000000, 0x00000000c8f80000, 0x00000000eab00000)
  object space 146944K, 77% used [0x00000000c0000000,0x00000000c6f8a538,0x00000000c8f80000)
 Metaspace       used 71532K, committed 72768K, reserved 1114112K
  class space    used 7470K, committed 8000K, reserved 1048576K
}
Event: 16.055 GC heap after
{Heap after GC invocations=119 (full 8):
 PSYoungGen      total 23040K, used 7469K [0x00000000eab00000, 0x00000000ecf80000, 0x0000000100000000)
  eden space 15360K, 0% used [0x00000000eab00000,0x00000000eab00000,0x00000000eba00000)
  from space 7680K, 97% used [0x00000000ec800000,0x00000000ecf4b4b8,0x00000000ecf80000)
  to   space 9728K, 0% used [0x00000000ebc80000,0x00000000ebc80000,0x00000000ec600000)
 ParOldGen       total 146944K, used 115578K [0x00000000c0000000, 0x00000000c8f80000, 0x00000000eab00000)
  object space 146944K, 78% used [0x00000000c0000000,0x00000000c70deb38,0x00000000c8f80000)
 Metaspace       used 71532K, committed 72768K, reserved 1114112K
  class space    used 7470K, committed 8000K, reserved 1048576K
}
Event: 16.982 GC heap before
{Heap before GC invocations=120 (full 8):
 PSYoungGen      total 23040K, used 22829K [0x00000000eab00000, 0x00000000ecf80000, 0x0000000100000000)
  eden space 15360K, 100% used [0x00000000eab00000,0x00000000eba00000,0x00000000eba00000)
  from space 7680K, 97% used [0x00000000ec800000,0x00000000ecf4b4b8,0x00000000ecf80000)
  to   space 9728K, 0% used [0x00000000ebc80000,0x00000000ebc80000,0x00000000ec600000)
 ParOldGen       total 146944K, used 115578K [0x00000000c0000000, 0x00000000c8f80000, 0x00000000eab00000)
  object space 146944K, 78% used [0x00000000c0000000,0x00000000c70deb38,0x00000000c8f80000)
 Metaspace       used 71660K, committed 72832K, reserved 1114112K
  class space    used 7470K, committed 8000K, reserved 1048576K
}
Event: 16.987 GC heap after
{Heap after GC invocations=120 (full 8):
 PSYoungGen      total 25088K, used 9701K [0x00000000eab00000, 0x00000000ed000000, 0x0000000100000000)
  eden space 15360K, 0% used [0x00000000eab00000,0x00000000eab00000,0x00000000eba00000)
  from space 9728K, 99% used [0x00000000ebc80000,0x00000000ec5f97b8,0x00000000ec600000)
  to   space 10240K, 0% used [0x00000000ec600000,0x00000000ec600000,0x00000000ed000000)
 ParOldGen       total 146944K, used 116480K [0x00000000c0000000, 0x00000000c8f80000, 0x00000000eab00000)
  object space 146944K, 79% used [0x00000000c0000000,0x00000000c71c0398,0x00000000c8f80000)
 Metaspace       used 71660K, committed 72832K, reserved 1114112K
  class space    used 7470K, committed 8000K, reserved 1048576K
}
Event: 17.152 GC heap before
{Heap before GC invocations=121 (full 8):
 PSYoungGen      total 25088K, used 25061K [0x00000000eab00000, 0x00000000ed000000, 0x0000000100000000)
  eden space 15360K, 100% used [0x00000000eab00000,0x00000000eba00000,0x00000000eba00000)
  from space 9728K, 99% used [0x00000000ebc80000,0x00000000ec5f97b8,0x00000000ec600000)
  to   space 10240K, 0% used [0x00000000ec600000,0x00000000ec600000,0x00000000ed000000)
 ParOldGen       total 146944K, used 116480K [0x00000000c0000000, 0x00000000c8f80000, 0x00000000eab00000)
  object space 146944K, 79% used [0x00000000c0000000,0x00000000c71c0398,0x00000000c8f80000)
 Metaspace       used 71749K, committed 72960K, reserved 1114112K
  class space    used 7471K, committed 8000K, reserved 1048576K
}
Event: 17.160 GC heap after
{Heap after GC invocations=121 (full 8):
 PSYoungGen      total 25600K, used 10026K [0x00000000eab00000, 0x00000000ed000000, 0x0000000100000000)
  eden space 15360K, 0% used [0x00000000eab00000,0x00000000eab00000,0x00000000eba00000)
  from space 10240K, 97% used [0x00000000ec600000,0x00000000ecfca830,0x00000000ed000000)
  to   space 10240K, 0% used [0x00000000ebc00000,0x00000000ebc00000,0x00000000ec600000)
 ParOldGen       total 146944K, used 119896K [0x00000000c0000000, 0x00000000c8f80000, 0x00000000eab00000)
  object space 146944K, 81% used [0x00000000c0000000,0x00000000c7516270,0x00000000c8f80000)
 Metaspace       used 71749K, committed 72960K, reserved 1114112K
  class space    used 7471K, committed 8000K, reserved 1048576K
}
Event: 17.352 GC heap before
{Heap before GC invocations=122 (full 8):
 PSYoungGen      total 25600K, used 25386K [0x00000000eab00000, 0x00000000ed000000, 0x0000000100000000)
  eden space 15360K, 100% used [0x00000000eab00000,0x00000000eba00000,0x00000000eba00000)
  from space 10240K, 97% used [0x00000000ec600000,0x00000000ecfca830,0x00000000ed000000)
  to   space 10240K, 0% used [0x00000000ebc00000,0x00000000ebc00000,0x00000000ec600000)
 ParOldGen       total 146944K, used 119896K [0x00000000c0000000, 0x00000000c8f80000, 0x00000000eab00000)
  object space 146944K, 81% used [0x00000000c0000000,0x00000000c7516270,0x00000000c8f80000)
 Metaspace       used 71753K, committed 72960K, reserved 1114112K
  class space    used 7471K, committed 8000K, reserved 1048576K
}
Event: 17.357 GC heap after
{Heap after GC invocations=122 (full 8):
 PSYoungGen      total 25600K, used 10224K [0x00000000eab00000, 0x00000000ed000000, 0x0000000100000000)
  eden space 15360K, 0% used [0x00000000eab00000,0x00000000eab00000,0x00000000eba00000)
  from space 10240K, 99% used [0x00000000ebc00000,0x00000000ec5fc308,0x00000000ec600000)
  to   space 10240K, 0% used [0x00000000ec600000,0x00000000ec600000,0x00000000ed000000)
 ParOldGen       total 146944K, used 120736K [0x00000000c0000000, 0x00000000c8f80000, 0x00000000eab00000)
  object space 146944K, 82% used [0x00000000c0000000,0x00000000c75e8270,0x00000000c8f80000)
 Metaspace       used 71753K, committed 72960K, reserved 1114112K
  class space    used 7471K, committed 8000K, reserved 1048576K
}
Event: 17.497 GC heap before
{Heap before GC invocations=123 (full 8):
 PSYoungGen      total 25600K, used 25584K [0x00000000eab00000, 0x00000000ed000000, 0x0000000100000000)
  eden space 15360K, 100% used [0x00000000eab00000,0x00000000eba00000,0x00000000eba00000)
  from space 10240K, 99% used [0x00000000ebc00000,0x00000000ec5fc308,0x00000000ec600000)
  to   space 10240K, 0% used [0x00000000ec600000,0x00000000ec600000,0x00000000ed000000)
 ParOldGen       total 146944K, used 120736K [0x00000000c0000000, 0x00000000c8f80000, 0x00000000eab00000)
  object space 146944K, 82% used [0x00000000c0000000,0x00000000c75e8270,0x00000000c8f80000)
 Metaspace       used 71795K, committed 72960K, reserved 1114112K
  class space    used 7471K, committed 8000K, reserved 1048576K
}
Event: 17.501 GC heap after
{Heap after GC invocations=123 (full 8):
 PSYoungGen      total 24576K, used 9084K [0x00000000eab00000, 0x00000000ecf00000, 0x0000000100000000)
  eden space 15360K, 0% used [0x00000000eab00000,0x00000000eab00000,0x00000000eba00000)
  from space 9216K, 98% used [0x00000000ec600000,0x00000000ecedf370,0x00000000ecf00000)
  to   space 10240K, 0% used [0x00000000ebb00000,0x00000000ebb00000,0x00000000ec500000)
 ParOldGen       total 146944K, used 124856K [0x00000000c0000000, 0x00000000c8f80000, 0x00000000eab00000)
  object space 146944K, 84% used [0x00000000c0000000,0x00000000c79ee2e8,0x00000000c8f80000)
 Metaspace       used 71795K, committed 72960K, reserved 1114112K
  class space    used 7471K, committed 8000K, reserved 1048576K
}
Event: 42.411 GC heap before
{Heap before GC invocations=124 (full 8):
 PSYoungGen      total 24576K, used 24444K [0x00000000eab00000, 0x00000000ecf00000, 0x0000000100000000)
  eden space 15360K, 100% used [0x00000000eab00000,0x00000000eba00000,0x00000000eba00000)
  from space 9216K, 98% used [0x00000000ec600000,0x00000000ecedf370,0x00000000ecf00000)
  to   space 10240K, 0% used [0x00000000ebb00000,0x00000000ebb00000,0x00000000ec500000)
 ParOldGen       total 146944K, used 124856K [0x00000000c0000000, 0x00000000c8f80000, 0x00000000eab00000)
  object space 146944K, 84% used [0x00000000c0000000,0x00000000c79ee2e8,0x00000000c8f80000)
 Metaspace       used 73308K, committed 74432K, reserved 1179648K
  class space    used 7633K, committed 8128K, reserved 1048576K
}
Event: 42.414 GC heap after
{Heap after GC invocations=124 (full 8):
 PSYoungGen      total 18944K, used 3153K [0x00000000eab00000, 0x00000000ec680000, 0x0000000100000000)
  eden space 15360K, 0% used [0x00000000eab00000,0x00000000eab00000,0x00000000eba00000)
  from space 3584K, 87% used [0x00000000ebb00000,0x00000000ebe14480,0x00000000ebe80000)
  to   space 5632K, 0% used [0x00000000ec100000,0x00000000ec100000,0x00000000ec680000)
 ParOldGen       total 146944K, used 124856K [0x00000000c0000000, 0x00000000c8f80000, 0x00000000eab00000)
  object space 146944K, 84% used [0x00000000c0000000,0x00000000c79ee2e8,0x00000000c8f80000)
 Metaspace       used 73308K, committed 74432K, reserved 1179648K
  class space    used 7633K, committed 8128K, reserved 1048576K
}
Event: 68.551 GC heap before
{Heap before GC invocations=125 (full 8):
 PSYoungGen      total 18944K, used 18513K [0x00000000eab00000, 0x00000000ec680000, 0x0000000100000000)
  eden space 15360K, 99% used [0x00000000eab00000,0x00000000eb9fffd8,0x00000000eba00000)
  from space 3584K, 87% used [0x00000000ebb00000,0x00000000ebe14480,0x00000000ebe80000)
  to   space 5632K, 0% used [0x00000000ec100000,0x00000000ec100000,0x00000000ec680000)
 ParOldGen       total 146944K, used 124856K [0x00000000c0000000, 0x00000000c8f80000, 0x00000000eab00000)
  object space 146944K, 84% used [0x00000000c0000000,0x00000000c79ee2e8,0x00000000c8f80000)
 Metaspace       used 74965K, committed 76224K, reserved 1179648K
  class space    used 7913K, committed 8448K, reserved 1048576K
}
Event: 68.554 GC heap after
{Heap after GC invocations=125 (full 8):
 PSYoungGen      total 18944K, used 3507K [0x00000000eab00000, 0x00000000ec480000, 0x0000000100000000)
  eden space 15360K, 0% used [0x00000000eab00000,0x00000000eab00000,0x00000000eba00000)
  from space 3584K, 97% used [0x00000000ec100000,0x00000000ec46cda0,0x00000000ec480000)
  to   space 4096K, 0% used [0x00000000ebc80000,0x00000000ebc80000,0x00000000ec080000)
 ParOldGen       total 146944K, used 124864K [0x00000000c0000000, 0x00000000c8f80000, 0x00000000eab00000)
  object space 146944K, 84% used [0x00000000c0000000,0x00000000c79f02e8,0x00000000c8f80000)
 Metaspace       used 74965K, committed 76224K, reserved 1179648K
  class space    used 7913K, committed 8448K, reserved 1048576K
}
Event: 68.886 GC heap before
{Heap before GC invocations=126 (full 8):
 PSYoungGen      total 18944K, used 18512K [0x00000000eab00000, 0x00000000ec480000, 0x0000000100000000)
  eden space 15360K, 97% used [0x00000000eab00000,0x00000000eb9a7310,0x00000000eba00000)
  from space 3584K, 97% used [0x00000000ec100000,0x00000000ec46cda0,0x00000000ec480000)
  to   space 4096K, 0% used [0x00000000ebc80000,0x00000000ebc80000,0x00000000ec080000)
 ParOldGen       total 146944K, used 124864K [0x00000000c0000000, 0x00000000c8f80000, 0x00000000eab00000)
  object space 146944K, 84% used [0x00000000c0000000,0x00000000c79f02e8,0x00000000c8f80000)
 Metaspace       used 75236K, committed 76416K, reserved 1179648K
  class space    used 7922K, committed 8448K, reserved 1048576K
}
Event: 68.891 GC heap after
{Heap after GC invocations=126 (full 8):
 PSYoungGen      total 19456K, used 4075K [0x00000000eab00000, 0x00000000ec800000, 0x0000000100000000)
  eden space 15360K, 0% used [0x00000000eab00000,0x00000000eab00000,0x00000000eba00000)
  from space 4096K, 99% used [0x00000000ebc80000,0x00000000ec07adb8,0x00000000ec080000)
  to   space 7168K, 0% used [0x00000000ec100000,0x00000000ec100000,0x00000000ec800000)
 ParOldGen       total 146944K, used 127157K [0x00000000c0000000, 0x00000000c8f80000, 0x00000000eab00000)
  object space 146944K, 86% used [0x00000000c0000000,0x00000000c7c2d608,0x00000000c8f80000)
 Metaspace       used 75236K, committed 76416K, reserved 1179648K
  class space    used 7922K, committed 8448K, reserved 1048576K
}
Event: 68.997 GC heap before
{Heap before GC invocations=127 (full 8):
 PSYoungGen      total 19456K, used 19435K [0x00000000eab00000, 0x00000000ec800000, 0x0000000100000000)
  eden space 15360K, 100% used [0x00000000eab00000,0x00000000eba00000,0x00000000eba00000)
  from space 4096K, 99% used [0x00000000ebc80000,0x00000000ec07adb8,0x00000000ec080000)
  to   space 7168K, 0% used [0x00000000ec100000,0x00000000ec100000,0x00000000ec800000)
 ParOldGen       total 146944K, used 127157K [0x00000000c0000000, 0x00000000c8f80000, 0x00000000eab00000)
  object space 146944K, 86% used [0x00000000c0000000,0x00000000c7c2d608,0x00000000c8f80000)
 Metaspace       used 75315K, committed 76480K, reserved 1179648K
  class space    used 7930K, committed 8448K, reserved 1048576K
}
Event: 69.002 GC heap after
{Heap after GC invocations=127 (full 8):
 PSYoungGen      total 20992K, used 5558K [0x00000000eab00000, 0x00000000ec680000, 0x0000000100000000)
  eden space 15360K, 0% used [0x00000000eab00000,0x00000000eab00000,0x00000000eba00000)
  from space 5632K, 98% used [0x00000000ec100000,0x00000000ec66db28,0x00000000ec680000)
  to   space 6144K, 0% used [0x00000000eba80000,0x00000000eba80000,0x00000000ec080000)
 ParOldGen       total 146944K, used 128046K [0x00000000c0000000, 0x00000000c8f80000, 0x00000000eab00000)
  object space 146944K, 87% used [0x00000000c0000000,0x00000000c7d0bb28,0x00000000c8f80000)
 Metaspace       used 75315K, committed 76480K, reserved 1179648K
  class space    used 7930K, committed 8448K, reserved 1048576K
}
Event: 69.093 GC heap before
{Heap before GC invocations=128 (full 8):
 PSYoungGen      total 20992K, used 20918K [0x00000000eab00000, 0x00000000ec680000, 0x0000000100000000)
  eden space 15360K, 100% used [0x00000000eab00000,0x00000000eba00000,0x00000000eba00000)
  from space 5632K, 98% used [0x00000000ec100000,0x00000000ec66db28,0x00000000ec680000)
  to   space 6144K, 0% used [0x00000000eba80000,0x00000000eba80000,0x00000000ec080000)
 ParOldGen       total 146944K, used 128046K [0x00000000c0000000, 0x00000000c8f80000, 0x00000000eab00000)
  object space 146944K, 87% used [0x00000000c0000000,0x00000000c7d0bb28,0x00000000c8f80000)
 Metaspace       used 75359K, committed 76544K, reserved 1179648K
  class space    used 7931K, committed 8448K, reserved 1048576K
}
Event: 69.097 GC heap after
{Heap after GC invocations=128 (full 8):
 PSYoungGen      total 21504K, used 6114K [0x00000000eab00000, 0x00000000ec700000, 0x0000000100000000)
  eden space 15360K, 0% used [0x00000000eab00000,0x00000000eab00000,0x00000000eba00000)
  from space 6144K, 99% used [0x00000000eba80000,0x00000000ec078b40,0x00000000ec080000)
  to   space 6656K, 0% used [0x00000000ec080000,0x00000000ec080000,0x00000000ec700000)
 ParOldGen       total 146944K, used 128158K [0x00000000c0000000, 0x00000000c8f80000, 0x00000000eab00000)
  object space 146944K, 87% used [0x00000000c0000000,0x00000000c7d27b48,0x00000000c8f80000)
 Metaspace       used 75359K, committed 76544K, reserved 1179648K
  class space    used 7931K, committed 8448K, reserved 1048576K
}

