# JRE version: OpenJDK Runtime Environment Temurin-17.0.10+7 (17.0.10+7) (build 17.0.10+7)
# Java VM: OpenJDK 64-Bit Server VM Temurin-17.0.10+7 (17.0.10+7, mixed mode, tiered, compressed oops, compressed class ptrs, parallel gc, windows-amd64)
GC Precious Log:
 CPUs: 8 total, 8 available
 Memory: 7987M
 Large Page Support: Disabled
 NUMA Support: Disabled
 Compressed Oops: Enabled (32-bit)
 Alignments: Space 512K, Generation 512K, Heap 2M
 Heap Min Capacity: 100M
 Heap Initial Capacity: 100M
 Heap Max Capacity: 1G
 Pre-touch: Disabled
 Parallel Workers: 8
Heap:
 PSYoungGen      total 6144K, used 3270K [0x00000000eab00000, 0x00000000eb380000, 0x0000000100000000)
  eden space 4608K, 39% used [0x00000000eab00000,0x00000000eacc1900,0x00000000eaf80000)
  from space 1536K, 95% used [0x00000000eb200000,0x00000000eb370000,0x00000000eb380000)
  to   space 2048K, 0% used [0x00000000eaf80000,0x00000000eaf80000,0x00000000eb180000)
 ParOldGen       total 172032K, used 152539K [0x00000000c0000000, 0x00000000ca800000, 0x00000000eab00000)
  object space 172032K, 88% used [0x00000000c0000000,0x00000000c94f6fb0,0x00000000ca800000)
 Metaspace       used 84914K, committed 86208K, reserved 1179648K
  class space    used 8640K, committed 9216K, reserved 1048576K
GC Heap History (20 events):
Event: 170.282 GC heap before
{Heap before GC invocations=785 (full 23):
 PSYoungGen      total 4608K, used 4583K [0x00000000eab00000, 0x00000000eb280000, 0x0000000100000000)
  eden space 2560K, 100% used [0x00000000eab00000,0x00000000ead80000,0x00000000ead80000)
  from space 2048K, 98% used [0x00000000eae00000,0x00000000eaff9f58,0x00000000eb000000)
  to   space 2560K, 0% used [0x00000000eb000000,0x00000000eb000000,0x00000000eb280000)
 ParOldGen       total 161792K, used 157945K [0x00000000c0000000, 0x00000000c9e00000, 0x00000000eab00000)
  object space 161792K, 97% used [0x00000000c0000000,0x00000000c9a3e428,0x00000000c9e00000)
 Metaspace       used 84897K, committed 86208K, reserved 1179648K
  class space    used 8638K, committed 9216K, reserved 1048576K
}
Event: 170.285 GC heap after
{Heap after GC invocations=785 (full 23):
 PSYoungGen      total 4096K, used 917K [0x00000000eab00000, 0x00000000eb100000, 0x0000000100000000)
  eden space 3072K, 0% used [0x00000000eab00000,0x00000000eab00000,0x00000000eae00000)
  from space 1024K, 89% used [0x00000000eb000000,0x00000000eb0e5458,0x00000000eb100000)
  to   space 1536K, 0% used [0x00000000eae00000,0x00000000eae00000,0x00000000eaf80000)
 ParOldGen       total 161792K, used 159594K [0x00000000c0000000, 0x00000000c9e00000, 0x00000000eab00000)
  object space 161792K, 98% used [0x00000000c0000000,0x00000000c9bdaa38,0x00000000c9e00000)
 Metaspace       used 84897K, committed 86208K, reserved 1179648K
  class space    used 8638K, committed 9216K, reserved 1048576K
}
Event: 170.289 GC heap before
{Heap before GC invocations=786 (full 23):
 PSYoungGen      total 4096K, used 3989K [0x00000000eab00000, 0x00000000eb100000, 0x0000000100000000)
  eden space 3072K, 100% used [0x00000000eab00000,0x00000000eae00000,0x00000000eae00000)
  from space 1024K, 89% used [0x00000000eb000000,0x00000000eb0e5458,0x00000000eb100000)
  to   space 1536K, 0% used [0x00000000eae00000,0x00000000eae00000,0x00000000eaf80000)
 ParOldGen       total 161792K, used 159594K [0x00000000c0000000, 0x00000000c9e00000, 0x00000000eab00000)
  object space 161792K, 98% used [0x00000000c0000000,0x00000000c9bdaa38,0x00000000c9e00000)
 Metaspace       used 84897K, committed 86208K, reserved 1179648K
  class space    used 8638K, committed 9216K, reserved 1048576K
}
Event: 170.291 GC heap after
{Heap after GC invocations=786 (full 23):
 PSYoungGen      total 4608K, used 496K [0x00000000eab00000, 0x00000000eb100000, 0x0000000100000000)
  eden space 3072K, 0% used [0x00000000eab00000,0x00000000eab00000,0x00000000eae00000)
  from space 1536K, 32% used [0x00000000eae00000,0x00000000eae7c010,0x00000000eaf80000)
  to   space 1024K, 0% used [0x00000000eb000000,0x00000000eb000000,0x00000000eb100000)
 ParOldGen       total 162304K, used 161819K [0x00000000c0000000, 0x00000000c9e80000, 0x00000000eab00000)
  object space 162304K, 99% used [0x00000000c0000000,0x00000000c9e06fe0,0x00000000c9e80000)
 Metaspace       used 84897K, committed 86208K, reserved 1179648K
  class space    used 8638K, committed 9216K, reserved 1048576K
}
Event: 170.291 GC heap before
{Heap before GC invocations=787 (full 24):
 PSYoungGen      total 4608K, used 496K [0x00000000eab00000, 0x00000000eb100000, 0x0000000100000000)
  eden space 3072K, 0% used [0x00000000eab00000,0x00000000eab00000,0x00000000eae00000)
  from space 1536K, 32% used [0x00000000eae00000,0x00000000eae7c010,0x00000000eaf80000)
  to   space 1024K, 0% used [0x00000000eb000000,0x00000000eb000000,0x00000000eb100000)
 ParOldGen       total 162304K, used 161819K [0x00000000c0000000, 0x00000000c9e80000, 0x00000000eab00000)
  object space 162304K, 99% used [0x00000000c0000000,0x00000000c9e06fe0,0x00000000c9e80000)
 Metaspace       used 84897K, committed 86208K, reserved 1179648K
  class space    used 8638K, committed 9216K, reserved 1048576K
}
Event: 170.483 GC heap after
{Heap after GC invocations=787 (full 24):
 PSYoungGen      total 5120K, used 0K [0x00000000eab00000, 0x00000000eb100000, 0x0000000100000000)
  eden space 4096K, 0% used [0x00000000eab00000,0x00000000eab00000,0x00000000eaf00000)
  from space 1024K, 0% used [0x00000000eb000000,0x00000000eb000000,0x00000000eb100000)
  to   space 1024K, 0% used [0x00000000eaf00000,0x00000000eaf00000,0x00000000eb000000)
 ParOldGen       total 172032K, used 146361K [0x00000000c0000000, 0x00000000ca800000, 0x00000000eab00000)
  object space 172032K, 85% used [0x00000000c0000000,0x00000000c8eee558,0x00000000ca800000)
 Metaspace       used 84897K, committed 86208K, reserved 1179648K
  class space    used 8638K, committed 9216K, reserved 1048576K
}
Event: 170.495 GC heap before
{Heap before GC invocations=788 (full 24):
 PSYoungGen      total 5120K, used 4096K [0x00000000eab00000, 0x00000000eb100000, 0x0000000100000000)
  eden space 4096K, 100% used [0x00000000eab00000,0x00000000eaf00000,0x00000000eaf00000)
  from space 1024K, 0% used [0x00000000eb000000,0x00000000eb000000,0x00000000eb100000)
  to   space 1024K, 0% used [0x00000000eaf00000,0x00000000eaf00000,0x00000000eb000000)
 ParOldGen       total 172032K, used 146361K [0x00000000c0000000, 0x00000000ca800000, 0x00000000eab00000)
  object space 172032K, 85% used [0x00000000c0000000,0x00000000c8eee558,0x00000000ca800000)
 Metaspace       used 84899K, committed 86208K, reserved 1179648K
  class space    used 8638K, committed 9216K, reserved 1048576K
}
Event: 170.496 GC heap after
{Heap after GC invocations=788 (full 24):
 PSYoungGen      total 5120K, used 781K [0x00000000eab00000, 0x00000000eb100000, 0x0000000100000000)
  eden space 4096K, 0% used [0x00000000eab00000,0x00000000eab00000,0x00000000eaf00000)
  from space 1024K, 76% used [0x00000000eaf00000,0x00000000eafc3700,0x00000000eb000000)
  to   space 1024K, 0% used [0x00000000eb000000,0x00000000eb000000,0x00000000eb100000)
 ParOldGen       total 172032K, used 146361K [0x00000000c0000000, 0x00000000ca800000, 0x00000000eab00000)
  object space 172032K, 85% used [0x00000000c0000000,0x00000000c8eee558,0x00000000ca800000)
 Metaspace       used 84899K, committed 86208K, reserved 1179648K
  class space    used 8638K, committed 9216K, reserved 1048576K
}
Event: 170.508 GC heap before
{Heap before GC invocations=789 (full 24):
 PSYoungGen      total 5120K, used 4877K [0x00000000eab00000, 0x00000000eb100000, 0x0000000100000000)
  eden space 4096K, 99% used [0x00000000eab00000,0x00000000eaeffff0,0x00000000eaf00000)
  from space 1024K, 76% used [0x00000000eaf00000,0x00000000eafc3700,0x00000000eb000000)
  to   space 1024K, 0% used [0x00000000eb000000,0x00000000eb000000,0x00000000eb100000)
 ParOldGen       total 172032K, used 146361K [0x00000000c0000000, 0x00000000ca800000, 0x00000000eab00000)
  object space 172032K, 85% used [0x00000000c0000000,0x00000000c8eee558,0x00000000ca800000)
 Metaspace       used 84909K, committed 86208K, reserved 1179648K
  class space    used 8640K, committed 9216K, reserved 1048576K
}
Event: 170.511 GC heap after
{Heap after GC invocations=789 (full 24):
 PSYoungGen      total 5120K, used 874K [0x00000000eab00000, 0x00000000eb200000, 0x0000000100000000)
  eden space 4096K, 0% used [0x00000000eab00000,0x00000000eab00000,0x00000000eaf00000)
  from space 1024K, 85% used [0x00000000eb000000,0x00000000eb0da970,0x00000000eb100000)
  to   space 1024K, 0% used [0x00000000eaf00000,0x00000000eaf00000,0x00000000eb000000)
 ParOldGen       total 172032K, used 147019K [0x00000000c0000000, 0x00000000ca800000, 0x00000000eab00000)
  object space 172032K, 85% used [0x00000000c0000000,0x00000000c8f92d88,0x00000000ca800000)
 Metaspace       used 84909K, committed 86208K, reserved 1179648K
  class space    used 8640K, committed 9216K, reserved 1048576K
}
Event: 170.517 GC heap before
{Heap before GC invocations=790 (full 24):
 PSYoungGen      total 5120K, used 4970K [0x00000000eab00000, 0x00000000eb200000, 0x0000000100000000)
  eden space 4096K, 100% used [0x00000000eab00000,0x00000000eaf00000,0x00000000eaf00000)
  from space 1024K, 85% used [0x00000000eb000000,0x00000000eb0da970,0x00000000eb100000)
  to   space 1024K, 0% used [0x00000000eaf00000,0x00000000eaf00000,0x00000000eb000000)
 ParOldGen       total 172032K, used 147019K [0x00000000c0000000, 0x00000000ca800000, 0x00000000eab00000)
  object space 172032K, 85% used [0x00000000c0000000,0x00000000c8f92d88,0x00000000ca800000)
 Metaspace       used 84910K, committed 86208K, reserved 1179648K
  class space    used 8640K, committed 9216K, reserved 1048576K
}
Event: 170.519 GC heap after
{Heap after GC invocations=790 (full 24):
 PSYoungGen      total 5120K, used 592K [0x00000000eab00000, 0x00000000eb200000, 0x0000000100000000)
  eden space 4096K, 0% used [0x00000000eab00000,0x00000000eab00000,0x00000000eaf00000)
  from space 1024K, 57% used [0x00000000eaf00000,0x00000000eaf940c0,0x00000000eb000000)
  to   space 1024K, 0% used [0x00000000eb100000,0x00000000eb100000,0x00000000eb200000)
 ParOldGen       total 172032K, used 147746K [0x00000000c0000000, 0x00000000ca800000, 0x00000000eab00000)
  object space 172032K, 85% used [0x00000000c0000000,0x00000000c9048828,0x00000000ca800000)
 Metaspace       used 84910K, committed 86208K, reserved 1179648K
  class space    used 8640K, committed 9216K, reserved 1048576K
}
Event: 170.530 GC heap before
{Heap before GC invocations=791 (full 24):
 PSYoungGen      total 5120K, used 4688K [0x00000000eab00000, 0x00000000eb200000, 0x0000000100000000)
  eden space 4096K, 100% used [0x00000000eab00000,0x00000000eaf00000,0x00000000eaf00000)
  from space 1024K, 57% used [0x00000000eaf00000,0x00000000eaf940c0,0x00000000eb000000)
  to   space 1024K, 0% used [0x00000000eb100000,0x00000000eb100000,0x00000000eb200000)
 ParOldGen       total 172032K, used 147746K [0x00000000c0000000, 0x00000000ca800000, 0x00000000eab00000)
  object space 172032K, 85% used [0x00000000c0000000,0x00000000c9048828,0x00000000ca800000)
 Metaspace       used 84910K, committed 86208K, reserved 1179648K
  class space    used 8640K, committed 9216K, reserved 1048576K
}
Event: 170.532 GC heap after
{Heap after GC invocations=791 (full 24):
 PSYoungGen      total 5632K, used 992K [0x00000000eab00000, 0x00000000eb300000, 0x0000000100000000)
  eden space 4608K, 0% used [0x00000000eab00000,0x00000000eab00000,0x00000000eaf80000)
  from space 1024K, 96% used [0x00000000eb100000,0x00000000eb1f8000,0x00000000eb200000)
  to   space 1536K, 0% used [0x00000000eaf80000,0x00000000eaf80000,0x00000000eb100000)
 ParOldGen       total 172032K, used 148481K [0x00000000c0000000, 0x00000000ca800000, 0x00000000eab00000)
  object space 172032K, 86% used [0x00000000c0000000,0x00000000c9100498,0x00000000ca800000)
 Metaspace       used 84910K, committed 86208K, reserved 1179648K
  class space    used 8640K, committed 9216K, reserved 1048576K
}
Event: 170.548 GC heap before
{Heap before GC invocations=792 (full 24):
 PSYoungGen      total 5632K, used 5599K [0x00000000eab00000, 0x00000000eb300000, 0x0000000100000000)
  eden space 4608K, 99% used [0x00000000eab00000,0x00000000eaf7fff0,0x00000000eaf80000)
  from space 1024K, 96% used [0x00000000eb100000,0x00000000eb1f8000,0x00000000eb200000)
  to   space 1536K, 0% used [0x00000000eaf80000,0x00000000eaf80000,0x00000000eb100000)
 ParOldGen       total 172032K, used 148481K [0x00000000c0000000, 0x00000000ca800000, 0x00000000eab00000)
  object space 172032K, 86% used [0x00000000c0000000,0x00000000c9100498,0x00000000ca800000)
 Metaspace       used 84910K, committed 86208K, reserved 1179648K
  class space    used 8640K, committed 9216K, reserved 1048576K
}
Event: 170.550 GC heap after
{Heap after GC invocations=792 (full 24):
 PSYoungGen      total 6144K, used 1366K [0x00000000eab00000, 0x00000000eb280000, 0x0000000100000000)
  eden space 4608K, 0% used [0x00000000eab00000,0x00000000eab00000,0x00000000eaf80000)
  from space 1536K, 88% used [0x00000000eaf80000,0x00000000eb0d58b0,0x00000000eb100000)
  to   space 1536K, 0% used [0x00000000eb100000,0x00000000eb100000,0x00000000eb280000)
 ParOldGen       total 172032K, used 149360K [0x00000000c0000000, 0x00000000ca800000, 0x00000000eab00000)
  object space 172032K, 86% used [0x00000000c0000000,0x00000000c91dc000,0x00000000ca800000)
 Metaspace       used 84910K, committed 86208K, reserved 1179648K
  class space    used 8640K, committed 9216K, reserved 1048576K
}
Event: 170.562 GC heap before
{Heap before GC invocations=793 (full 24):
 PSYoungGen      total 6144K, used 5974K [0x00000000eab00000, 0x00000000eb280000, 0x0000000100000000)
  eden space 4608K, 100% used [0x00000000eab00000,0x00000000eaf80000,0x00000000eaf80000)
  from space 1536K, 88% used [0x00000000eaf80000,0x00000000eb0d58b0,0x00000000eb100000)
  to   space 1536K, 0% used [0x00000000eb100000,0x00000000eb100000,0x00000000eb280000)
 ParOldGen       total 172032K, used 149360K [0x00000000c0000000, 0x00000000ca800000, 0x00000000eab00000)
  object space 172032K, 86% used [0x00000000c0000000,0x00000000c91dc000,0x00000000ca800000)
 Metaspace       used 84912K, committed 86208K, reserved 1179648K
  class space    used 8640K, committed 9216K, reserved 1048576K
}
Event: 170.565 GC heap after
{Heap after GC invocations=793 (full 24):
 PSYoungGen      total 6144K, used 1094K [0x00000000eab00000, 0x00000000eb380000, 0x0000000100000000)
  eden space 4608K, 0% used [0x00000000eab00000,0x00000000eab00000,0x00000000eaf80000)
  from space 1536K, 71% used [0x00000000eb100000,0x00000000eb211b28,0x00000000eb280000)
  to   space 1536K, 0% used [0x00000000eaf80000,0x00000000eaf80000,0x00000000eb100000)
 ParOldGen       total 172032K, used 150635K [0x00000000c0000000, 0x00000000ca800000, 0x00000000eab00000)
  object space 172032K, 87% used [0x00000000c0000000,0x00000000c931ac68,0x00000000ca800000)
 Metaspace       used 84912K, committed 86208K, reserved 1179648K
  class space    used 8640K, committed 9216K, reserved 1048576K
}
Event: 170.579 GC heap before
{Heap before GC invocations=794 (full 24):
 PSYoungGen      total 6144K, used 5702K [0x00000000eab00000, 0x00000000eb380000, 0x0000000100000000)
  eden space 4608K, 99% used [0x00000000eab00000,0x00000000eaf7ffc0,0x00000000eaf80000)
  from space 1536K, 71% used [0x00000000eb100000,0x00000000eb211b28,0x00000000eb280000)
  to   space 1536K, 0% used [0x00000000eaf80000,0x00000000eaf80000,0x00000000eb100000)
 ParOldGen       total 172032K, used 150635K [0x00000000c0000000, 0x00000000ca800000, 0x00000000eab00000)
  object space 172032K, 87% used [0x00000000c0000000,0x00000000c931ac68,0x00000000ca800000)
 Metaspace       used 84912K, committed 86208K, reserved 1179648K
  class space    used 8640K, committed 9216K, reserved 1048576K
}
Event: 170.581 GC heap after
{Heap after GC invocations=794 (full 24):
 PSYoungGen      total 6144K, used 1062K [0x00000000eab00000, 0x00000000eb380000, 0x0000000100000000)
  eden space 4608K, 0% used [0x00000000eab00000,0x00000000eab00000,0x00000000eaf80000)
  from space 1536K, 69% used [0x00000000eaf80000,0x00000000eb089b28,0x00000000eb100000)
  to   space 1536K, 0% used [0x00000000eb200000,0x00000000eb200000,0x00000000eb380000)
 ParOldGen       total 172032K, used 151605K [0x00000000c0000000, 0x00000000ca800000, 0x00000000eab00000)
  object space 172032K, 88% used [0x00000000c0000000,0x00000000c940d468,0x00000000ca800000)
 Metaspace       used 84912K, committed 86208K, reserved 1179648K
  class space    used 8640K, committed 9216K, reserved 1048576K
}

