# JRE version: OpenJDK Runtime Environment Temurin-17.0.10+7 (17.0.10+7) (build 17.0.10+7)
# Java VM: OpenJDK 64-Bit Server VM Temurin-17.0.10+7 (17.0.10+7, mixed mode, tiered, compressed oops, compressed class ptrs, parallel gc, windows-amd64)
GC Precious Log:
 CPUs: 8 total, 8 available
 Memory: 7987M
 Large Page Support: Disabled
 NUMA Support: Disabled
 Compressed Oops: Enabled (32-bit)
 Alignments: Space 512K, Generation 512K, Heap 2M
 Heap Min Capacity: 100M
 Heap Initial Capacity: 100M
 Heap Max Capacity: 1G
 Pre-touch: Disabled
 Parallel Workers: 8
Heap:
 PSYoungGen      total 13312K, used 2782K [0x00000000eab00000, 0x00000000ebb80000, 0x0000000100000000)
  eden space 10752K, 2% used [0x00000000eab00000,0x00000000eab37a10,0x00000000eb580000)
  from space 2560K, 100% used [0x00000000eb580000,0x00000000eb800000,0x00000000eb800000)
  to   space 3072K, 0% used [0x00000000eb880000,0x00000000eb880000,0x00000000ebb80000)
 ParOldGen       total 173056K, used 171608K [0x00000000c0000000, 0x00000000ca900000, 0x00000000eab00000)
  object space 173056K, 99% used [0x00000000c0000000,0x00000000ca7960d0,0x00000000ca900000)
 Metaspace       used 92990K, committed 94336K, reserved 1179648K
  class space    used 9522K, committed 10176K, reserved 1048576K
GC Heap History (20 events):
Event: 624.876 GC heap before
{Heap before GC invocations=2352 (full 42):
 PSYoungGen      total 11776K, used 11290K [0x00000000eab00000, 0x00000000ebe00000, 0x0000000100000000)
  eden space 10752K, 100% used [0x00000000eab00000,0x00000000eb580000,0x00000000eb580000)
  from space 1024K, 52% used [0x00000000ebd00000,0x00000000ebd86920,0x00000000ebe00000)
  to   space 3072K, 0% used [0x00000000eb800000,0x00000000eb800000,0x00000000ebb00000)
 ParOldGen       total 173056K, used 163964K [0x00000000c0000000, 0x00000000ca900000, 0x00000000eab00000)
  object space 173056K, 94% used [0x00000000c0000000,0x00000000ca01f270,0x00000000ca900000)
 Metaspace       used 92946K, committed 94336K, reserved 1179648K
  class space    used 9522K, committed 10176K, reserved 1048576K
}
Event: 624.877 GC heap after
{Heap after GC invocations=2352 (full 42):
 PSYoungGen      total 13824K, used 798K [0x00000000eab00000, 0x00000000ebd80000, 0x0000000100000000)
  eden space 10752K, 0% used [0x00000000eab00000,0x00000000eab00000,0x00000000eb580000)
  from space 3072K, 26% used [0x00000000eb800000,0x00000000eb8c7b10,0x00000000ebb00000)
  to   space 1536K, 0% used [0x00000000ebc00000,0x00000000ebc00000,0x00000000ebd80000)
 ParOldGen       total 173056K, used 164228K [0x00000000c0000000, 0x00000000ca900000, 0x00000000eab00000)
  object space 173056K, 94% used [0x00000000c0000000,0x00000000ca061290,0x00000000ca900000)
 Metaspace       used 92946K, committed 94336K, reserved 1179648K
  class space    used 9522K, committed 10176K, reserved 1048576K
}
Event: 625.160 GC heap before
{Heap before GC invocations=2353 (full 42):
 PSYoungGen      total 13824K, used 11550K [0x00000000eab00000, 0x00000000ebd80000, 0x0000000100000000)
  eden space 10752K, 100% used [0x00000000eab00000,0x00000000eb580000,0x00000000eb580000)
  from space 3072K, 26% used [0x00000000eb800000,0x00000000eb8c7b10,0x00000000ebb00000)
  to   space 1536K, 0% used [0x00000000ebc00000,0x00000000ebc00000,0x00000000ebd80000)
 ParOldGen       total 173056K, used 164228K [0x00000000c0000000, 0x00000000ca900000, 0x00000000eab00000)
  object space 173056K, 94% used [0x00000000c0000000,0x00000000ca061290,0x00000000ca900000)
 Metaspace       used 92951K, committed 94336K, reserved 1179648K
  class space    used 9522K, committed 10176K, reserved 1048576K
}
Event: 625.163 GC heap after
{Heap after GC invocations=2353 (full 42):
 PSYoungGen      total 12288K, used 1509K [0x00000000eab00000, 0x00000000ebd80000, 0x0000000100000000)
  eden space 10752K, 0% used [0x00000000eab00000,0x00000000eab00000,0x00000000eb580000)
  from space 1536K, 98% used [0x00000000ebc00000,0x00000000ebd797e0,0x00000000ebd80000)
  to   space 3584K, 0% used [0x00000000eb680000,0x00000000eb680000,0x00000000eba00000)
 ParOldGen       total 173056K, used 165465K [0x00000000c0000000, 0x00000000ca900000, 0x00000000eab00000)
  object space 173056K, 95% used [0x00000000c0000000,0x00000000ca1964b0,0x00000000ca900000)
 Metaspace       used 92951K, committed 94336K, reserved 1179648K
  class space    used 9522K, committed 10176K, reserved 1048576K
}
Event: 625.184 GC heap before
{Heap before GC invocations=2354 (full 42):
 PSYoungGen      total 12288K, used 12261K [0x00000000eab00000, 0x00000000ebd80000, 0x0000000100000000)
  eden space 10752K, 100% used [0x00000000eab00000,0x00000000eb580000,0x00000000eb580000)
  from space 1536K, 98% used [0x00000000ebc00000,0x00000000ebd797e0,0x00000000ebd80000)
  to   space 3584K, 0% used [0x00000000eb680000,0x00000000eb680000,0x00000000eba00000)
 ParOldGen       total 173056K, used 165465K [0x00000000c0000000, 0x00000000ca900000, 0x00000000eab00000)
  object space 173056K, 95% used [0x00000000c0000000,0x00000000ca1964b0,0x00000000ca900000)
 Metaspace       used 92952K, committed 94336K, reserved 1179648K
  class space    used 9522K, committed 10176K, reserved 1048576K
}
Event: 625.186 GC heap after
{Heap after GC invocations=2354 (full 42):
 PSYoungGen      total 14336K, used 1668K [0x00000000eab00000, 0x00000000ebc80000, 0x0000000100000000)
  eden space 10752K, 0% used [0x00000000eab00000,0x00000000eab00000,0x00000000eb580000)
  from space 3584K, 46% used [0x00000000eb680000,0x00000000eb821230,0x00000000eba00000)
  to   space 2560K, 0% used [0x00000000eba00000,0x00000000eba00000,0x00000000ebc80000)
 ParOldGen       total 173056K, used 165521K [0x00000000c0000000, 0x00000000ca900000, 0x00000000eab00000)
  object space 173056K, 95% used [0x00000000c0000000,0x00000000ca1a44b0,0x00000000ca900000)
 Metaspace       used 92952K, committed 94336K, reserved 1179648K
  class space    used 9522K, committed 10176K, reserved 1048576K
}
Event: 626.014 GC heap before
{Heap before GC invocations=2355 (full 42):
 PSYoungGen      total 14336K, used 12420K [0x00000000eab00000, 0x00000000ebc80000, 0x0000000100000000)
  eden space 10752K, 100% used [0x00000000eab00000,0x00000000eb580000,0x00000000eb580000)
  from space 3584K, 46% used [0x00000000eb680000,0x00000000eb821230,0x00000000eba00000)
  to   space 2560K, 0% used [0x00000000eba00000,0x00000000eba00000,0x00000000ebc80000)
 ParOldGen       total 173056K, used 165521K [0x00000000c0000000, 0x00000000ca900000, 0x00000000eab00000)
  object space 173056K, 95% used [0x00000000c0000000,0x00000000ca1a44b0,0x00000000ca900000)
 Metaspace       used 92953K, committed 94336K, reserved 1179648K
  class space    used 9522K, committed 10176K, reserved 1048576K
}
Event: 626.016 GC heap after
{Heap after GC invocations=2355 (full 42):
 PSYoungGen      total 11776K, used 564K [0x00000000eab00000, 0x00000000ebb00000, 0x0000000100000000)
  eden space 10752K, 0% used [0x00000000eab00000,0x00000000eab00000,0x00000000eb580000)
  from space 1024K, 55% used [0x00000000eba00000,0x00000000eba8d200,0x00000000ebb00000)
  to   space 1536K, 0% used [0x00000000eb800000,0x00000000eb800000,0x00000000eb980000)
 ParOldGen       total 173056K, used 165693K [0x00000000c0000000, 0x00000000ca900000, 0x00000000eab00000)
  object space 173056K, 95% used [0x00000000c0000000,0x00000000ca1cf6d0,0x00000000ca900000)
 Metaspace       used 92953K, committed 94336K, reserved 1179648K
  class space    used 9522K, committed 10176K, reserved 1048576K
}
Event: 702.143 GC heap before
{Heap before GC invocations=2356 (full 42):
 PSYoungGen      total 11776K, used 11316K [0x00000000eab00000, 0x00000000ebb00000, 0x0000000100000000)
  eden space 10752K, 100% used [0x00000000eab00000,0x00000000eb580000,0x00000000eb580000)
  from space 1024K, 55% used [0x00000000eba00000,0x00000000eba8d200,0x00000000ebb00000)
  to   space 1536K, 0% used [0x00000000eb800000,0x00000000eb800000,0x00000000eb980000)
 ParOldGen       total 173056K, used 165693K [0x00000000c0000000, 0x00000000ca900000, 0x00000000eab00000)
  object space 173056K, 95% used [0x00000000c0000000,0x00000000ca1cf6d0,0x00000000ca900000)
 Metaspace       used 92960K, committed 94336K, reserved 1179648K
  class space    used 9522K, committed 10176K, reserved 1048576K
}
Event: 702.148 GC heap after
{Heap after GC invocations=2356 (full 42):
 PSYoungGen      total 12288K, used 1524K [0x00000000eab00000, 0x00000000eba80000, 0x0000000100000000)
  eden space 10752K, 0% used [0x00000000eab00000,0x00000000eab00000,0x00000000eb580000)
  from space 1536K, 99% used [0x00000000eb800000,0x00000000eb97d200,0x00000000eb980000)
  to   space 1024K, 0% used [0x00000000eb980000,0x00000000eb980000,0x00000000eba80000)
 ParOldGen       total 173056K, used 166182K [0x00000000c0000000, 0x00000000ca900000, 0x00000000eab00000)
  object space 173056K, 96% used [0x00000000c0000000,0x00000000ca249900,0x00000000ca900000)
 Metaspace       used 92960K, committed 94336K, reserved 1179648K
  class space    used 9522K, committed 10176K, reserved 1048576K
}
Event: 702.414 GC heap before
{Heap before GC invocations=2357 (full 42):
 PSYoungGen      total 12288K, used 12267K [0x00000000eab00000, 0x00000000eba80000, 0x0000000100000000)
  eden space 10752K, 99% used [0x00000000eab00000,0x00000000eb57dd28,0x00000000eb580000)
  from space 1536K, 99% used [0x00000000eb800000,0x00000000eb97d200,0x00000000eb980000)
  to   space 1024K, 0% used [0x00000000eb980000,0x00000000eb980000,0x00000000eba80000)
 ParOldGen       total 173056K, used 166182K [0x00000000c0000000, 0x00000000ca900000, 0x00000000eab00000)
  object space 173056K, 96% used [0x00000000c0000000,0x00000000ca249900,0x00000000ca900000)
 Metaspace       used 92960K, committed 94336K, reserved 1179648K
  class space    used 9522K, committed 10176K, reserved 1048576K
}
Event: 702.419 GC heap after
{Heap after GC invocations=2357 (full 42):
 PSYoungGen      total 11264K, used 352K [0x00000000eab00000, 0x00000000eba00000, 0x0000000100000000)
  eden space 10752K, 0% used [0x00000000eab00000,0x00000000eab00000,0x00000000eb580000)
  from space 512K, 68% used [0x00000000eb980000,0x00000000eb9d8020,0x00000000eba00000)
  to   space 1024K, 0% used [0x00000000eb800000,0x00000000eb800000,0x00000000eb900000)
 ParOldGen       total 173056K, used 167696K [0x00000000c0000000, 0x00000000ca900000, 0x00000000eab00000)
  object space 173056K, 96% used [0x00000000c0000000,0x00000000ca3c4210,0x00000000ca900000)
 Metaspace       used 92960K, committed 94336K, reserved 1179648K
  class space    used 9522K, committed 10176K, reserved 1048576K
}
Event: 702.541 GC heap before
{Heap before GC invocations=2358 (full 42):
 PSYoungGen      total 11264K, used 11104K [0x00000000eab00000, 0x00000000eba00000, 0x0000000100000000)
  eden space 10752K, 100% used [0x00000000eab00000,0x00000000eb580000,0x00000000eb580000)
  from space 512K, 68% used [0x00000000eb980000,0x00000000eb9d8020,0x00000000eba00000)
  to   space 1024K, 0% used [0x00000000eb800000,0x00000000eb800000,0x00000000eb900000)
 ParOldGen       total 173056K, used 167696K [0x00000000c0000000, 0x00000000ca900000, 0x00000000eab00000)
  object space 173056K, 96% used [0x00000000c0000000,0x00000000ca3c4210,0x00000000ca900000)
 Metaspace       used 92960K, committed 94336K, reserved 1179648K
  class space    used 9522K, committed 10176K, reserved 1048576K
}
Event: 702.544 GC heap after
{Heap after GC invocations=2358 (full 42):
 PSYoungGen      total 11776K, used 650K [0x00000000eab00000, 0x00000000eba00000, 0x0000000100000000)
  eden space 10752K, 0% used [0x00000000eab00000,0x00000000eab00000,0x00000000eb580000)
  from space 1024K, 63% used [0x00000000eb800000,0x00000000eb8a2910,0x00000000eb900000)
  to   space 1024K, 0% used [0x00000000eb900000,0x00000000eb900000,0x00000000eba00000)
 ParOldGen       total 173056K, used 167848K [0x00000000c0000000, 0x00000000ca900000, 0x00000000eab00000)
  object space 173056K, 96% used [0x00000000c0000000,0x00000000ca3ea210,0x00000000ca900000)
 Metaspace       used 92960K, committed 94336K, reserved 1179648K
  class space    used 9522K, committed 10176K, reserved 1048576K
}
Event: 702.694 GC heap before
{Heap before GC invocations=2359 (full 42):
 PSYoungGen      total 11776K, used 11402K [0x00000000eab00000, 0x00000000eba00000, 0x0000000100000000)
  eden space 10752K, 100% used [0x00000000eab00000,0x00000000eb580000,0x00000000eb580000)
  from space 1024K, 63% used [0x00000000eb800000,0x00000000eb8a2910,0x00000000eb900000)
  to   space 1024K, 0% used [0x00000000eb900000,0x00000000eb900000,0x00000000eba00000)
 ParOldGen       total 173056K, used 167848K [0x00000000c0000000, 0x00000000ca900000, 0x00000000eab00000)
  object space 173056K, 96% used [0x00000000c0000000,0x00000000ca3ea210,0x00000000ca900000)
 Metaspace       used 92966K, committed 94336K, reserved 1179648K
  class space    used 9522K, committed 10176K, reserved 1048576K
}
Event: 702.699 GC heap after
{Heap after GC invocations=2359 (full 42):
 PSYoungGen      total 11776K, used 1001K [0x00000000eab00000, 0x00000000eba80000, 0x0000000100000000)
  eden space 10752K, 0% used [0x00000000eab00000,0x00000000eab00000,0x00000000eb580000)
  from space 1024K, 97% used [0x00000000eb900000,0x00000000eb9fa420,0x00000000eba00000)
  to   space 2560K, 0% used [0x00000000eb580000,0x00000000eb580000,0x00000000eb800000)
 ParOldGen       total 173056K, used 168848K [0x00000000c0000000, 0x00000000ca900000, 0x00000000eab00000)
  object space 173056K, 97% used [0x00000000c0000000,0x00000000ca4e4370,0x00000000ca900000)
 Metaspace       used 92966K, committed 94336K, reserved 1179648K
  class space    used 9522K, committed 10176K, reserved 1048576K
}
Event: 702.838 GC heap before
{Heap before GC invocations=2360 (full 42):
 PSYoungGen      total 11776K, used 11753K [0x00000000eab00000, 0x00000000eba80000, 0x0000000100000000)
  eden space 10752K, 100% used [0x00000000eab00000,0x00000000eb580000,0x00000000eb580000)
  from space 1024K, 97% used [0x00000000eb900000,0x00000000eb9fa420,0x00000000eba00000)
  to   space 2560K, 0% used [0x00000000eb580000,0x00000000eb580000,0x00000000eb800000)
 ParOldGen       total 173056K, used 168848K [0x00000000c0000000, 0x00000000ca900000, 0x00000000eab00000)
  object space 173056K, 97% used [0x00000000c0000000,0x00000000ca4e4370,0x00000000ca900000)
 Metaspace       used 92978K, committed 94336K, reserved 1179648K
  class space    used 9522K, committed 10176K, reserved 1048576K
}
Event: 702.841 GC heap after
{Heap after GC invocations=2360 (full 42):
 PSYoungGen      total 13312K, used 256K [0x00000000eab00000, 0x00000000eb980000, 0x0000000100000000)
  eden space 10752K, 0% used [0x00000000eab00000,0x00000000eab00000,0x00000000eb580000)
  from space 2560K, 10% used [0x00000000eb580000,0x00000000eb5c0000,0x00000000eb800000)
  to   space 1024K, 0% used [0x00000000eb880000,0x00000000eb880000,0x00000000eb980000)
 ParOldGen       total 173056K, used 169595K [0x00000000c0000000, 0x00000000ca900000, 0x00000000eab00000)
  object space 173056K, 98% used [0x00000000c0000000,0x00000000ca59ed98,0x00000000ca900000)
 Metaspace       used 92978K, committed 94336K, reserved 1179648K
  class space    used 9522K, committed 10176K, reserved 1048576K
}
Event: 702.897 GC heap before
{Heap before GC invocations=2361 (full 42):
 PSYoungGen      total 13312K, used 11008K [0x00000000eab00000, 0x00000000eb980000, 0x0000000100000000)
  eden space 10752K, 100% used [0x00000000eab00000,0x00000000eb580000,0x00000000eb580000)
  from space 2560K, 10% used [0x00000000eb580000,0x00000000eb5c0000,0x00000000eb800000)
  to   space 1024K, 0% used [0x00000000eb880000,0x00000000eb880000,0x00000000eb980000)
 ParOldGen       total 173056K, used 169595K [0x00000000c0000000, 0x00000000ca900000, 0x00000000eab00000)
  object space 173056K, 98% used [0x00000000c0000000,0x00000000ca59ed98,0x00000000ca900000)
 Metaspace       used 92990K, committed 94336K, reserved 1179648K
  class space    used 9522K, committed 10176K, reserved 1048576K
}
Event: 702.901 GC heap after
{Heap after GC invocations=2361 (full 42):
 PSYoungGen      total 11776K, used 1006K [0x00000000eab00000, 0x00000000eba80000, 0x0000000100000000)
  eden space 10752K, 0% used [0x00000000eab00000,0x00000000eab00000,0x00000000eb580000)
  from space 1024K, 98% used [0x00000000eb880000,0x00000000eb97bb80,0x00000000eb980000)
  to   space 2560K, 0% used [0x00000000eb580000,0x00000000eb580000,0x00000000eb800000)
 ParOldGen       total 173056K, used 170599K [0x00000000c0000000, 0x00000000ca900000, 0x00000000eab00000)
  object space 173056K, 98% used [0x00000000c0000000,0x00000000ca699fd8,0x00000000ca900000)
 Metaspace       used 92990K, committed 94336K, reserved 1179648K
  class space    used 9522K, committed 10176K, reserved 1048576K
}

