# JRE version: Java(TM) SE Runtime Environment (21.0.2+13) (build 21.0.2+13-LTS-58)
# Java VM: Java HotSpot(TM) 64-Bit Server VM (21.0.2+13-LTS-58, mixed mode, sharing, tiered, compressed oops, compressed class ptrs, g1 gc, windows-amd64)
GC Precious Log:
 CardTable entry size: 512
 Card Set container configuration: InlinePtr #cards 5 size 8 Array Of Cards #cards 12 size 40 Howl #buckets 4 coarsen threshold 1843 Howl Bitmap #cards 512 size 80 coarsen threshold 460 Card regions per heap region 1 cards per card region 2048
 CPUs: 8 total, 8 available
 Memory: 7987M
 Large Page Support: Disabled
 NUMA Support: Disabled
 Compressed Oops: Enabled (32-bit)
 Heap Region Size: 1M
 Heap Min Capacity: 8M
 Heap Initial Capacity: 8M
 Heap Max Capacity: 1998M
 Pre-touch: Disabled
 Parallel Workers: 8
 Concurrent Workers: 2
 Concurrent Refinement Workers: 8
 Periodic GC: Disabled
Heap:
 garbage-first heap   total 68608K, used 41346K [0x0000000083200000, 0x0000000100000000)
  region size 1024K, 3 young (3072K), 3 survivors (3072K)
 Metaspace       used 9710K, committed 9856K, reserved 1114112K
  class space    used 1061K, committed 1152K, reserved 1048576K
GC Heap History (20 events):
Event: 1.062 GC heap after
{Heap after GC invocations=10 (full 0):
 garbage-first heap   total 19456K, used 10834K [0x0000000083200000, 0x0000000100000000)
  region size 1024K, 1 young (1024K), 1 survivors (1024K)
 Metaspace       used 7445K, committed 7616K, reserved 1114112K
  class space    used 842K, committed 896K, reserved 1048576K
}
Event: 1.090 GC heap before
{Heap before GC invocations=10 (full 0):
 garbage-first heap   total 19456K, used 11858K [0x0000000083200000, 0x0000000100000000)
  region size 1024K, 3 young (3072K), 1 survivors (1024K)
 Metaspace       used 7550K, committed 7680K, reserved 1114112K
  class space    used 859K, committed 896K, reserved 1048576K
}
Event: 1.091 GC heap after
{Heap after GC invocations=11 (full 0):
 garbage-first heap   total 19456K, used 12515K [0x0000000083200000, 0x0000000100000000)
  region size 1024K, 1 young (1024K), 1 survivors (1024K)
 Metaspace       used 7550K, committed 7680K, reserved 1114112K
  class space    used 859K, committed 896K, reserved 1048576K
}
Event: 1.165 GC heap before
{Heap before GC invocations=12 (full 0):
 garbage-first heap   total 24576K, used 13539K [0x0000000083200000, 0x0000000100000000)
  region size 1024K, 2 young (2048K), 1 survivors (1024K)
 Metaspace       used 8298K, committed 8448K, reserved 1114112K
  class space    used 915K, committed 1024K, reserved 1048576K
}
Event: 1.167 GC heap after
{Heap after GC invocations=13 (full 0):
 garbage-first heap   total 39936K, used 12679K [0x0000000083200000, 0x0000000100000000)
  region size 1024K, 1 young (1024K), 1 survivors (1024K)
 Metaspace       used 8298K, committed 8448K, reserved 1114112K
  class space    used 915K, committed 1024K, reserved 1048576K
}
Event: 1.637 GC heap before
{Heap before GC invocations=13 (full 0):
 garbage-first heap   total 39936K, used 21895K [0x0000000083200000, 0x0000000100000000)
  region size 1024K, 11 young (11264K), 1 survivors (1024K)
 Metaspace       used 9158K, committed 9344K, reserved 1114112K
  class space    used 1008K, committed 1088K, reserved 1048576K
}
Event: 1.643 GC heap after
{Heap after GC invocations=14 (full 0):
 garbage-first heap   total 39936K, used 16101K [0x0000000083200000, 0x0000000100000000)
  region size 1024K, 2 young (2048K), 2 survivors (2048K)
 Metaspace       used 9158K, committed 9344K, reserved 1114112K
  class space    used 1008K, committed 1088K, reserved 1048576K
}
Event: 1.724 GC heap before
{Heap before GC invocations=14 (full 0):
 garbage-first heap   total 39936K, used 28389K [0x0000000083200000, 0x0000000100000000)
  region size 1024K, 11 young (11264K), 2 survivors (2048K)
 Metaspace       used 9162K, committed 9344K, reserved 1114112K
  class space    used 1008K, committed 1088K, reserved 1048576K
}
Event: 1.730 GC heap after
{Heap after GC invocations=15 (full 0):
 garbage-first heap   total 39936K, used 22399K [0x0000000083200000, 0x0000000100000000)
  region size 1024K, 2 young (2048K), 2 survivors (2048K)
 Metaspace       used 9162K, committed 9344K, reserved 1114112K
  class space    used 1008K, committed 1088K, reserved 1048576K
}
Event: 1.838 GC heap before
{Heap before GC invocations=15 (full 0):
 garbage-first heap   total 39936K, used 29567K [0x0000000083200000, 0x0000000100000000)
  region size 1024K, 9 young (9216K), 2 survivors (2048K)
 Metaspace       used 9162K, committed 9344K, reserved 1114112K
  class space    used 1008K, committed 1088K, reserved 1048576K
}
Event: 1.844 GC heap after
{Heap after GC invocations=16 (full 0):
 garbage-first heap   total 39936K, used 25048K [0x0000000083200000, 0x0000000100000000)
  region size 1024K, 2 young (2048K), 2 survivors (2048K)
 Metaspace       used 9162K, committed 9344K, reserved 1114112K
  class space    used 1008K, committed 1088K, reserved 1048576K
}
Event: 1.869 GC heap before
{Heap before GC invocations=17 (full 0):
 garbage-first heap   total 48128K, used 30168K [0x0000000083200000, 0x0000000100000000)
  region size 1024K, 7 young (7168K), 2 survivors (2048K)
 Metaspace       used 9162K, committed 9344K, reserved 1114112K
  class space    used 1008K, committed 1088K, reserved 1048576K
}
Event: 1.872 GC heap after
{Heap after GC invocations=18 (full 0):
 garbage-first heap   total 62464K, used 26624K [0x0000000083200000, 0x0000000100000000)
  region size 1024K, 1 young (1024K), 1 survivors (1024K)
 Metaspace       used 9162K, committed 9344K, reserved 1114112K
  class space    used 1008K, committed 1088K, reserved 1048576K
}
Event: 1.993 GC heap before
{Heap before GC invocations=18 (full 0):
 garbage-first heap   total 62464K, used 40960K [0x0000000083200000, 0x0000000100000000)
  region size 1024K, 16 young (16384K), 1 survivors (1024K)
 Metaspace       used 9184K, committed 9344K, reserved 1114112K
  class space    used 1008K, committed 1088K, reserved 1048576K
}
Event: 1.998 GC heap after
{Heap after GC invocations=19 (full 0):
 garbage-first heap   total 62464K, used 31197K [0x0000000083200000, 0x0000000100000000)
  region size 1024K, 2 young (2048K), 2 survivors (2048K)
 Metaspace       used 9184K, committed 9344K, reserved 1114112K
  class space    used 1008K, committed 1088K, reserved 1048576K
}
Event: 2.129 GC heap before
{Heap before GC invocations=19 (full 0):
 garbage-first heap   total 62464K, used 45533K [0x0000000083200000, 0x0000000100000000)
  region size 1024K, 16 young (16384K), 2 survivors (2048K)
 Metaspace       used 9218K, committed 9344K, reserved 1114112K
  class space    used 1008K, committed 1088K, reserved 1048576K
}
Event: 2.133 GC heap after
{Heap after GC invocations=20 (full 0):
 garbage-first heap   total 62464K, used 36094K [0x0000000083200000, 0x0000000100000000)
  region size 1024K, 2 young (2048K), 2 survivors (2048K)
 Metaspace       used 9218K, committed 9344K, reserved 1114112K
  class space    used 1008K, committed 1088K, reserved 1048576K
}
Event: 2.322 GC heap before
{Heap before GC invocations=21 (full 0):
 garbage-first heap   total 68608K, used 47358K [0x0000000083200000, 0x0000000100000000)
  region size 1024K, 13 young (13312K), 2 survivors (2048K)
 Metaspace       used 9528K, committed 9728K, reserved 1114112K
  class space    used 1040K, committed 1152K, reserved 1048576K
}
Event: 2.326 GC heap after
{Heap after GC invocations=22 (full 0):
 garbage-first heap   total 68608K, used 38658K [0x0000000083200000, 0x0000000100000000)
  region size 1024K, 2 young (2048K), 2 survivors (2048K)
 Metaspace       used 9528K, committed 9728K, reserved 1114112K
  class space    used 1040K, committed 1152K, reserved 1048576K
}
Event: 2.459 GC heap before
{Heap before GC invocations=22 (full 0):
 garbage-first heap   total 68608K, used 54018K [0x0000000083200000, 0x0000000100000000)
  region size 1024K, 17 young (17408K), 2 survivors (2048K)
 Metaspace       used 9710K, committed 9856K, reserved 1114112K
  class space    used 1061K, committed 1152K, reserved 1048576K
}

