# JRE version: OpenJDK Runtime Environment Temurin-17.0.10+7 (17.0.10+7) (build 17.0.10+7)
# Java VM: OpenJDK 64-Bit Server VM Temurin-17.0.10+7 (17.0.10+7, mixed mode, tiered, compressed oops, compressed class ptrs, parallel gc, windows-amd64)
GC Precious Log:
 CPUs: 8 total, 8 available
 Memory: 7987M
 Large Page Support: Disabled
 NUMA Support: Disabled
 Compressed Oops: Enabled (32-bit)
 Alignments: Space 512K, Generation 512K, Heap 2M
 Heap Min Capacity: 100M
 Heap Initial Capacity: 100M
 Heap Max Capacity: 1G
 Pre-touch: Disabled
 Parallel Workers: 8
Heap:
 PSYoungGen      total 14848K, used 8650K [0x00000000eab00000, 0x00000000ebd00000, 0x0000000100000000)
  eden space 13824K, 57% used [0x00000000eab00000,0x00000000eb2c3088,0x00000000eb880000)
  from space 1024K, 68% used [0x00000000eb880000,0x00000000eb92f970,0x00000000eb980000)
  to   space 2048K, 0% used [0x00000000ebb00000,0x00000000ebb00000,0x00000000ebd00000)
 ParOldGen       total 79360K, used 52673K [0x00000000c0000000, 0x00000000c4d80000, 0x00000000eab00000)
  object space 79360K, 66% used [0x00000000c0000000,0x00000000c33707a8,0x00000000c4d80000)
 Metaspace       used 65772K, committed 66880K, reserved 1114112K
  class space    used 6951K, committed 7424K, reserved 1048576K
GC Heap History (20 events):
Event: 20.809 GC heap before
{Heap before GC invocations=45 (full 3):
 PSYoungGen      total 15872K, used 15040K [0x00000000eab00000, 0x00000000ebc80000, 0x0000000100000000)
  eden space 14336K, 100% used [0x00000000eab00000,0x00000000eb900000,0x00000000eb900000)
  from space 1536K, 45% used [0x00000000eb900000,0x00000000eb9b0000,0x00000000eba80000)
  to   space 1024K, 0% used [0x00000000ebb80000,0x00000000ebb80000,0x00000000ebc80000)
 ParOldGen       total 68608K, used 57376K [0x00000000c0000000, 0x00000000c4300000, 0x00000000eab00000)
  object space 68608K, 83% used [0x00000000c0000000,0x00000000c3808210,0x00000000c4300000)
 Metaspace       used 62810K, committed 63808K, reserved 1114112K
  class space    used 6692K, committed 7104K, reserved 1048576K
}
Event: 20.811 GC heap after
{Heap after GC invocations=45 (full 3):
 PSYoungGen      total 14848K, used 1008K [0x00000000eab00000, 0x00000000ebf00000, 0x0000000100000000)
  eden space 13824K, 0% used [0x00000000eab00000,0x00000000eab00000,0x00000000eb880000)
  from space 1024K, 98% used [0x00000000ebb80000,0x00000000ebc7c008,0x00000000ebc80000)
  to   space 3072K, 0% used [0x00000000eb880000,0x00000000eb880000,0x00000000ebb80000)
 ParOldGen       total 68608K, used 58941K [0x00000000c0000000, 0x00000000c4300000, 0x00000000eab00000)
  object space 68608K, 85% used [0x00000000c0000000,0x00000000c398f720,0x00000000c4300000)
 Metaspace       used 62810K, committed 63808K, reserved 1114112K
  class space    used 6692K, committed 7104K, reserved 1048576K
}
Event: 20.842 GC heap before
{Heap before GC invocations=46 (full 3):
 PSYoungGen      total 14848K, used 14832K [0x00000000eab00000, 0x00000000ebf00000, 0x0000000100000000)
  eden space 13824K, 100% used [0x00000000eab00000,0x00000000eb880000,0x00000000eb880000)
  from space 1024K, 98% used [0x00000000ebb80000,0x00000000ebc7c008,0x00000000ebc80000)
  to   space 3072K, 0% used [0x00000000eb880000,0x00000000eb880000,0x00000000ebb80000)
 ParOldGen       total 68608K, used 58941K [0x00000000c0000000, 0x00000000c4300000, 0x00000000eab00000)
  object space 68608K, 85% used [0x00000000c0000000,0x00000000c398f720,0x00000000c4300000)
 Metaspace       used 62837K, committed 63872K, reserved 1114112K
  class space    used 6692K, committed 7104K, reserved 1048576K
}
Event: 20.844 GC heap after
{Heap after GC invocations=46 (full 3):
 PSYoungGen      total 15872K, used 1824K [0x00000000eab00000, 0x00000000ebd80000, 0x0000000100000000)
  eden space 13824K, 0% used [0x00000000eab00000,0x00000000eab00000,0x00000000eb880000)
  from space 2048K, 89% used [0x00000000eb880000,0x00000000eba48000,0x00000000eba80000)
  to   space 2560K, 0% used [0x00000000ebb00000,0x00000000ebb00000,0x00000000ebd80000)
 ParOldGen       total 68608K, used 59985K [0x00000000c0000000, 0x00000000c4300000, 0x00000000eab00000)
  object space 68608K, 87% used [0x00000000c0000000,0x00000000c3a94738,0x00000000c4300000)
 Metaspace       used 62837K, committed 63872K, reserved 1114112K
  class space    used 6692K, committed 7104K, reserved 1048576K
}
Event: 20.932 GC heap before
{Heap before GC invocations=47 (full 3):
 PSYoungGen      total 15872K, used 15648K [0x00000000eab00000, 0x00000000ebd80000, 0x0000000100000000)
  eden space 13824K, 100% used [0x00000000eab00000,0x00000000eb880000,0x00000000eb880000)
  from space 2048K, 89% used [0x00000000eb880000,0x00000000eba48000,0x00000000eba80000)
  to   space 2560K, 0% used [0x00000000ebb00000,0x00000000ebb00000,0x00000000ebd80000)
 ParOldGen       total 68608K, used 59985K [0x00000000c0000000, 0x00000000c4300000, 0x00000000eab00000)
  object space 68608K, 87% used [0x00000000c0000000,0x00000000c3a94738,0x00000000c4300000)
 Metaspace       used 63039K, committed 64000K, reserved 1114112K
  class space    used 6705K, committed 7104K, reserved 1048576K
}
Event: 20.934 GC heap after
{Heap after GC invocations=47 (full 3):
 PSYoungGen      total 15360K, used 1152K [0x00000000eab00000, 0x00000000ebc80000, 0x0000000100000000)
  eden space 13824K, 0% used [0x00000000eab00000,0x00000000eab00000,0x00000000eb880000)
  from space 1536K, 75% used [0x00000000ebb00000,0x00000000ebc20000,0x00000000ebc80000)
  to   space 1536K, 0% used [0x00000000eb980000,0x00000000eb980000,0x00000000ebb00000)
 ParOldGen       total 68608K, used 61729K [0x00000000c0000000, 0x00000000c4300000, 0x00000000eab00000)
  object space 68608K, 89% used [0x00000000c0000000,0x00000000c3c48738,0x00000000c4300000)
 Metaspace       used 63039K, committed 64000K, reserved 1114112K
  class space    used 6705K, committed 7104K, reserved 1048576K
}
Event: 20.971 GC heap before
{Heap before GC invocations=48 (full 3):
 PSYoungGen      total 15360K, used 14976K [0x00000000eab00000, 0x00000000ebc80000, 0x0000000100000000)
  eden space 13824K, 100% used [0x00000000eab00000,0x00000000eb880000,0x00000000eb880000)
  from space 1536K, 75% used [0x00000000ebb00000,0x00000000ebc20000,0x00000000ebc80000)
  to   space 1536K, 0% used [0x00000000eb980000,0x00000000eb980000,0x00000000ebb00000)
 ParOldGen       total 68608K, used 61729K [0x00000000c0000000, 0x00000000c4300000, 0x00000000eab00000)
  object space 68608K, 89% used [0x00000000c0000000,0x00000000c3c48738,0x00000000c4300000)
 Metaspace       used 63176K, committed 64128K, reserved 1114112K
  class space    used 6713K, committed 7104K, reserved 1048576K
}
Event: 20.973 GC heap after
{Heap after GC invocations=48 (full 3):
 PSYoungGen      total 15360K, used 1506K [0x00000000eab00000, 0x00000000ebe80000, 0x0000000100000000)
  eden space 13824K, 0% used [0x00000000eab00000,0x00000000eab00000,0x00000000eb880000)
  from space 1536K, 98% used [0x00000000eb980000,0x00000000ebaf8ab0,0x00000000ebb00000)
  to   space 3072K, 0% used [0x00000000ebb80000,0x00000000ebb80000,0x00000000ebe80000)
 ParOldGen       total 68608K, used 62884K [0x00000000c0000000, 0x00000000c4300000, 0x00000000eab00000)
  object space 68608K, 91% used [0x00000000c0000000,0x00000000c3d693d0,0x00000000c4300000)
 Metaspace       used 63176K, committed 64128K, reserved 1114112K
  class space    used 6713K, committed 7104K, reserved 1048576K
}
Event: 21.017 GC heap before
{Heap before GC invocations=49 (full 3):
 PSYoungGen      total 15360K, used 15330K [0x00000000eab00000, 0x00000000ebe80000, 0x0000000100000000)
  eden space 13824K, 100% used [0x00000000eab00000,0x00000000eb880000,0x00000000eb880000)
  from space 1536K, 98% used [0x00000000eb980000,0x00000000ebaf8ab0,0x00000000ebb00000)
  to   space 3072K, 0% used [0x00000000ebb80000,0x00000000ebb80000,0x00000000ebe80000)
 ParOldGen       total 68608K, used 62884K [0x00000000c0000000, 0x00000000c4300000, 0x00000000eab00000)
  object space 68608K, 91% used [0x00000000c0000000,0x00000000c3d693d0,0x00000000c4300000)
 Metaspace       used 63437K, committed 64448K, reserved 1114112K
  class space    used 6740K, committed 7168K, reserved 1048576K
}
Event: 21.018 GC heap after
{Heap after GC invocations=49 (full 3):
 PSYoungGen      total 14848K, used 788K [0x00000000eab00000, 0x00000000ebc80000, 0x0000000100000000)
  eden space 13824K, 0% used [0x00000000eab00000,0x00000000eab00000,0x00000000eb880000)
  from space 1024K, 77% used [0x00000000ebb80000,0x00000000ebc45200,0x00000000ebc80000)
  to   space 1536K, 0% used [0x00000000eb980000,0x00000000eb980000,0x00000000ebb00000)
 ParOldGen       total 68608K, used 63250K [0x00000000c0000000, 0x00000000c4300000, 0x00000000eab00000)
  object space 68608K, 92% used [0x00000000c0000000,0x00000000c3dc4bb0,0x00000000c4300000)
 Metaspace       used 63437K, committed 64448K, reserved 1114112K
  class space    used 6740K, committed 7168K, reserved 1048576K
}
Event: 21.039 GC heap before
{Heap before GC invocations=50 (full 3):
 PSYoungGen      total 14848K, used 14612K [0x00000000eab00000, 0x00000000ebc80000, 0x0000000100000000)
  eden space 13824K, 100% used [0x00000000eab00000,0x00000000eb880000,0x00000000eb880000)
  from space 1024K, 77% used [0x00000000ebb80000,0x00000000ebc45200,0x00000000ebc80000)
  to   space 1536K, 0% used [0x00000000eb980000,0x00000000eb980000,0x00000000ebb00000)
 ParOldGen       total 68608K, used 63250K [0x00000000c0000000, 0x00000000c4300000, 0x00000000eab00000)
  object space 68608K, 92% used [0x00000000c0000000,0x00000000c3dc4bb0,0x00000000c4300000)
 Metaspace       used 63526K, committed 64512K, reserved 1114112K
  class space    used 6753K, committed 7168K, reserved 1048576K
}
Event: 21.041 GC heap after
{Heap after GC invocations=50 (full 3):
 PSYoungGen      total 15360K, used 1536K [0x00000000eab00000, 0x00000000ebf80000, 0x0000000100000000)
  eden space 13824K, 0% used [0x00000000eab00000,0x00000000eab00000,0x00000000eb880000)
  from space 1536K, 100% used [0x00000000eb980000,0x00000000ebb00000,0x00000000ebb00000)
  to   space 3584K, 0% used [0x00000000ebc00000,0x00000000ebc00000,0x00000000ebf80000)
 ParOldGen       total 68608K, used 64455K [0x00000000c0000000, 0x00000000c4300000, 0x00000000eab00000)
  object space 68608K, 93% used [0x00000000c0000000,0x00000000c3ef1cc0,0x00000000c4300000)
 Metaspace       used 63526K, committed 64512K, reserved 1114112K
  class space    used 6753K, committed 7168K, reserved 1048576K
}
Event: 21.153 GC heap before
{Heap before GC invocations=51 (full 3):
 PSYoungGen      total 15360K, used 15360K [0x00000000eab00000, 0x00000000ebf80000, 0x0000000100000000)
  eden space 13824K, 100% used [0x00000000eab00000,0x00000000eb880000,0x00000000eb880000)
  from space 1536K, 100% used [0x00000000eb980000,0x00000000ebb00000,0x00000000ebb00000)
  to   space 3584K, 0% used [0x00000000ebc00000,0x00000000ebc00000,0x00000000ebf80000)
 ParOldGen       total 68608K, used 64455K [0x00000000c0000000, 0x00000000c4300000, 0x00000000eab00000)
  object space 68608K, 93% used [0x00000000c0000000,0x00000000c3ef1cc0,0x00000000c4300000)
 Metaspace       used 64360K, committed 65408K, reserved 1114112K
  class space    used 6827K, committed 7232K, reserved 1048576K
}
Event: 21.156 GC heap after
{Heap after GC invocations=51 (full 3):
 PSYoungGen      total 15872K, used 1644K [0x00000000eab00000, 0x00000000ebe00000, 0x0000000100000000)
  eden space 13824K, 0% used [0x00000000eab00000,0x00000000eab00000,0x00000000eb880000)
  from space 2048K, 80% used [0x00000000ebc00000,0x00000000ebd9b208,0x00000000ebe00000)
  to   space 2048K, 0% used [0x00000000eba00000,0x00000000eba00000,0x00000000ebc00000)
 ParOldGen       total 68608K, used 66031K [0x00000000c0000000, 0x00000000c4300000, 0x00000000eab00000)
  object space 68608K, 96% used [0x00000000c0000000,0x00000000c407bde0,0x00000000c4300000)
 Metaspace       used 64360K, committed 65408K, reserved 1114112K
  class space    used 6827K, committed 7232K, reserved 1048576K
}
Event: 21.273 GC heap before
{Heap before GC invocations=52 (full 3):
 PSYoungGen      total 15872K, used 15468K [0x00000000eab00000, 0x00000000ebe00000, 0x0000000100000000)
  eden space 13824K, 100% used [0x00000000eab00000,0x00000000eb880000,0x00000000eb880000)
  from space 2048K, 80% used [0x00000000ebc00000,0x00000000ebd9b208,0x00000000ebe00000)
  to   space 2048K, 0% used [0x00000000eba00000,0x00000000eba00000,0x00000000ebc00000)
 ParOldGen       total 68608K, used 66031K [0x00000000c0000000, 0x00000000c4300000, 0x00000000eab00000)
  object space 68608K, 96% used [0x00000000c0000000,0x00000000c407bde0,0x00000000c4300000)
 Metaspace       used 64904K, committed 65920K, reserved 1114112K
  class space    used 6878K, committed 7296K, reserved 1048576K
}
Event: 21.276 GC heap after
{Heap after GC invocations=52 (full 3):
 PSYoungGen      total 15872K, used 2025K [0x00000000eab00000, 0x00000000ec080000, 0x0000000100000000)
  eden space 13824K, 0% used [0x00000000eab00000,0x00000000eab00000,0x00000000eb880000)
  from space 2048K, 98% used [0x00000000eba00000,0x00000000ebbfa7a0,0x00000000ebc00000)
  to   space 4096K, 0% used [0x00000000ebc80000,0x00000000ebc80000,0x00000000ec080000)
 ParOldGen       total 68608K, used 67507K [0x00000000c0000000, 0x00000000c4300000, 0x00000000eab00000)
  object space 68608K, 98% used [0x00000000c0000000,0x00000000c41ece18,0x00000000c4300000)
 Metaspace       used 64904K, committed 65920K, reserved 1114112K
  class space    used 6878K, committed 7296K, reserved 1048576K
}
Event: 21.276 GC heap before
{Heap before GC invocations=53 (full 4):
 PSYoungGen      total 15872K, used 2025K [0x00000000eab00000, 0x00000000ec080000, 0x0000000100000000)
  eden space 13824K, 0% used [0x00000000eab00000,0x00000000eab00000,0x00000000eb880000)
  from space 2048K, 98% used [0x00000000eba00000,0x00000000ebbfa7a0,0x00000000ebc00000)
  to   space 4096K, 0% used [0x00000000ebc80000,0x00000000ebc80000,0x00000000ec080000)
 ParOldGen       total 68608K, used 67507K [0x00000000c0000000, 0x00000000c4300000, 0x00000000eab00000)
  object space 68608K, 98% used [0x00000000c0000000,0x00000000c41ece18,0x00000000c4300000)
 Metaspace       used 64904K, committed 65920K, reserved 1114112K
  class space    used 6878K, committed 7296K, reserved 1048576K
}
Event: 21.332 GC heap after
{Heap after GC invocations=53 (full 4):
 PSYoungGen      total 17920K, used 0K [0x00000000eab00000, 0x00000000ec080000, 0x0000000100000000)
  eden space 13824K, 0% used [0x00000000eab00000,0x00000000eab00000,0x00000000eb880000)
  from space 4096K, 0% used [0x00000000ebc80000,0x00000000ebc80000,0x00000000ec080000)
  to   space 4096K, 0% used [0x00000000eb880000,0x00000000eb880000,0x00000000ebc80000)
 ParOldGen       total 79360K, used 52665K [0x00000000c0000000, 0x00000000c4d80000, 0x00000000eab00000)
  object space 79360K, 66% used [0x00000000c0000000,0x00000000c336e7a8,0x00000000c4d80000)
 Metaspace       used 64904K, committed 65920K, reserved 1114112K
  class space    used 6878K, committed 7296K, reserved 1048576K
}
Event: 21.391 GC heap before
{Heap before GC invocations=54 (full 4):
 PSYoungGen      total 17920K, used 13824K [0x00000000eab00000, 0x00000000ec080000, 0x0000000100000000)
  eden space 13824K, 100% used [0x00000000eab00000,0x00000000eb880000,0x00000000eb880000)
  from space 4096K, 0% used [0x00000000ebc80000,0x00000000ebc80000,0x00000000ec080000)
  to   space 4096K, 0% used [0x00000000eb880000,0x00000000eb880000,0x00000000ebc80000)
 ParOldGen       total 79360K, used 52665K [0x00000000c0000000, 0x00000000c4d80000, 0x00000000eab00000)
  object space 79360K, 66% used [0x00000000c0000000,0x00000000c336e7a8,0x00000000c4d80000)
 Metaspace       used 65085K, committed 66112K, reserved 1114112K
  class space    used 6891K, committed 7296K, reserved 1048576K
}
Event: 21.392 GC heap after
{Heap after GC invocations=54 (full 4):
 PSYoungGen      total 14848K, used 702K [0x00000000eab00000, 0x00000000ebd00000, 0x0000000100000000)
  eden space 13824K, 0% used [0x00000000eab00000,0x00000000eab00000,0x00000000eb880000)
  from space 1024K, 68% used [0x00000000eb880000,0x00000000eb92f970,0x00000000eb980000)
  to   space 2048K, 0% used [0x00000000ebb00000,0x00000000ebb00000,0x00000000ebd00000)
 ParOldGen       total 79360K, used 52673K [0x00000000c0000000, 0x00000000c4d80000, 0x00000000eab00000)
  object space 79360K, 66% used [0x00000000c0000000,0x00000000c33707a8,0x00000000c4d80000)
 Metaspace       used 65085K, committed 66112K, reserved 1114112K
  class space    used 6891K, committed 7296K, reserved 1048576K
}

