# JRE version: OpenJDK Runtime Environment Temurin-17.0.10+7 (17.0.10+7) (build 17.0.10+7)
# Java VM: OpenJDK 64-Bit Server VM Temurin-17.0.10+7 (17.0.10+7, mixed mode, tiered, compressed oops, compressed class ptrs, parallel gc, windows-amd64)
GC Precious Log:
 CPUs: 8 total, 8 available
 Memory: 7987M
 Large Page Support: Disabled
 NUMA Support: Disabled
 Compressed Oops: Enabled (32-bit)
 Alignments: Space 512K, Generation 512K, Heap 2M
 Heap Min Capacity: 100M
 Heap Initial Capacity: 100M
 Heap Max Capacity: 1G
 Pre-touch: Disabled
 Parallel Workers: 8
Heap:
 PSYoungGen      total 1536K, used 886K [0x00000000eab00000, 0x00000000ead80000, 0x0000000100000000)
  eden space 1024K, 49% used [0x00000000eab00000,0x00000000eab7d8f0,0x00000000eac00000)
  from space 512K, 75% used [0x00000000ead00000,0x00000000ead60020,0x00000000ead80000)
  to   space 512K, 0% used [0x00000000eac80000,0x00000000eac80000,0x00000000ead00000)
 ParOldGen       total 88576K, used 84499K [0x00000000c0000000, 0x00000000c5680000, 0x00000000eab00000)
  object space 88576K, 95% used [0x00000000c0000000,0x00000000c5284c40,0x00000000c5680000)
 Metaspace       used 78345K, committed 79552K, reserved 1179648K
  class space    used 8084K, committed 8640K, reserved 1048576K
GC Heap History (20 events):
Event: 16.759 GC heap before
{Heap before GC invocations=228 (full 7):
 PSYoungGen      total 1536K, used 1428K [0x00000000eab00000, 0x00000000ead80000, 0x0000000100000000)
  eden space 1024K, 100% used [0x00000000eab00000,0x00000000eac00000,0x00000000eac00000)
  from space 512K, 79% used [0x00000000ead00000,0x00000000ead653d0,0x00000000ead80000)
  to   space 512K, 0% used [0x00000000eac80000,0x00000000eac80000,0x00000000ead00000)
 ParOldGen       total 88576K, used 81639K [0x00000000c0000000, 0x00000000c5680000, 0x00000000eab00000)
  object space 88576K, 92% used [0x00000000c0000000,0x00000000c4fb9c50,0x00000000c5680000)
 Metaspace       used 78170K, committed 79424K, reserved 1179648K
  class space    used 8072K, committed 8640K, reserved 1048576K
}
Event: 16.760 GC heap after
{Heap after GC invocations=228 (full 7):
 PSYoungGen      total 1536K, used 304K [0x00000000eab00000, 0x00000000ead80000, 0x0000000100000000)
  eden space 1024K, 0% used [0x00000000eab00000,0x00000000eab00000,0x00000000eac00000)
  from space 512K, 59% used [0x00000000eac80000,0x00000000eaccc010,0x00000000ead00000)
  to   space 512K, 0% used [0x00000000ead00000,0x00000000ead00000,0x00000000ead80000)
 ParOldGen       total 88576K, used 81916K [0x00000000c0000000, 0x00000000c5680000, 0x00000000eab00000)
  object space 88576K, 92% used [0x00000000c0000000,0x00000000c4fff020,0x00000000c5680000)
 Metaspace       used 78170K, committed 79424K, reserved 1179648K
  class space    used 8072K, committed 8640K, reserved 1048576K
}
Event: 16.793 GC heap before
{Heap before GC invocations=229 (full 7):
 PSYoungGen      total 1536K, used 1328K [0x00000000eab00000, 0x00000000ead80000, 0x0000000100000000)
  eden space 1024K, 100% used [0x00000000eab00000,0x00000000eac00000,0x00000000eac00000)
  from space 512K, 59% used [0x00000000eac80000,0x00000000eaccc010,0x00000000ead00000)
  to   space 512K, 0% used [0x00000000ead00000,0x00000000ead00000,0x00000000ead80000)
 ParOldGen       total 88576K, used 81916K [0x00000000c0000000, 0x00000000c5680000, 0x00000000eab00000)
  object space 88576K, 92% used [0x00000000c0000000,0x00000000c4fff020,0x00000000c5680000)
 Metaspace       used 78176K, committed 79424K, reserved 1179648K
  class space    used 8072K, committed 8640K, reserved 1048576K
}
Event: 16.794 GC heap after
{Heap after GC invocations=229 (full 7):
 PSYoungGen      total 1536K, used 256K [0x00000000eab00000, 0x00000000ead80000, 0x0000000100000000)
  eden space 1024K, 0% used [0x00000000eab00000,0x00000000eab00000,0x00000000eac00000)
  from space 512K, 50% used [0x00000000ead00000,0x00000000ead40000,0x00000000ead80000)
  to   space 512K, 0% used [0x00000000eac80000,0x00000000eac80000,0x00000000ead00000)
 ParOldGen       total 88576K, used 82148K [0x00000000c0000000, 0x00000000c5680000, 0x00000000eab00000)
  object space 88576K, 92% used [0x00000000c0000000,0x00000000c5039040,0x00000000c5680000)
 Metaspace       used 78176K, committed 79424K, reserved 1179648K
  class space    used 8072K, committed 8640K, reserved 1048576K
}
Event: 16.819 GC heap before
{Heap before GC invocations=230 (full 7):
 PSYoungGen      total 1536K, used 1280K [0x00000000eab00000, 0x00000000ead80000, 0x0000000100000000)
  eden space 1024K, 100% used [0x00000000eab00000,0x00000000eac00000,0x00000000eac00000)
  from space 512K, 50% used [0x00000000ead00000,0x00000000ead40000,0x00000000ead80000)
  to   space 512K, 0% used [0x00000000eac80000,0x00000000eac80000,0x00000000ead00000)
 ParOldGen       total 88576K, used 82148K [0x00000000c0000000, 0x00000000c5680000, 0x00000000eab00000)
  object space 88576K, 92% used [0x00000000c0000000,0x00000000c5039040,0x00000000c5680000)
 Metaspace       used 78193K, committed 79424K, reserved 1179648K
  class space    used 8072K, committed 8640K, reserved 1048576K
}
Event: 16.820 GC heap after
{Heap after GC invocations=230 (full 7):
 PSYoungGen      total 1536K, used 448K [0x00000000eab00000, 0x00000000ead80000, 0x0000000100000000)
  eden space 1024K, 0% used [0x00000000eab00000,0x00000000eab00000,0x00000000eac00000)
  from space 512K, 87% used [0x00000000eac80000,0x00000000eacf0000,0x00000000ead00000)
  to   space 512K, 0% used [0x00000000ead00000,0x00000000ead00000,0x00000000ead80000)
 ParOldGen       total 88576K, used 82260K [0x00000000c0000000, 0x00000000c5680000, 0x00000000eab00000)
  object space 88576K, 92% used [0x00000000c0000000,0x00000000c5055040,0x00000000c5680000)
 Metaspace       used 78193K, committed 79424K, reserved 1179648K
  class space    used 8072K, committed 8640K, reserved 1048576K
}
Event: 16.836 GC heap before
{Heap before GC invocations=231 (full 7):
 PSYoungGen      total 1536K, used 1466K [0x00000000eab00000, 0x00000000ead80000, 0x0000000100000000)
  eden space 1024K, 99% used [0x00000000eab00000,0x00000000eabfea88,0x00000000eac00000)
  from space 512K, 87% used [0x00000000eac80000,0x00000000eacf0000,0x00000000ead00000)
  to   space 512K, 0% used [0x00000000ead00000,0x00000000ead00000,0x00000000ead80000)
 ParOldGen       total 88576K, used 82260K [0x00000000c0000000, 0x00000000c5680000, 0x00000000eab00000)
  object space 88576K, 92% used [0x00000000c0000000,0x00000000c5055040,0x00000000c5680000)
 Metaspace       used 78194K, committed 79424K, reserved 1179648K
  class space    used 8072K, committed 8640K, reserved 1048576K
}
Event: 16.837 GC heap after
{Heap after GC invocations=231 (full 7):
 PSYoungGen      total 1536K, used 320K [0x00000000eab00000, 0x00000000ead80000, 0x0000000100000000)
  eden space 1024K, 0% used [0x00000000eab00000,0x00000000eab00000,0x00000000eac00000)
  from space 512K, 62% used [0x00000000ead00000,0x00000000ead50000,0x00000000ead80000)
  to   space 512K, 0% used [0x00000000eac80000,0x00000000eac80000,0x00000000ead00000)
 ParOldGen       total 88576K, used 82534K [0x00000000c0000000, 0x00000000c5680000, 0x00000000eab00000)
  object space 88576K, 93% used [0x00000000c0000000,0x00000000c5099938,0x00000000c5680000)
 Metaspace       used 78194K, committed 79424K, reserved 1179648K
  class space    used 8072K, committed 8640K, reserved 1048576K
}
Event: 16.866 GC heap before
{Heap before GC invocations=232 (full 7):
 PSYoungGen      total 1536K, used 1344K [0x00000000eab00000, 0x00000000ead80000, 0x0000000100000000)
  eden space 1024K, 100% used [0x00000000eab00000,0x00000000eac00000,0x00000000eac00000)
  from space 512K, 62% used [0x00000000ead00000,0x00000000ead50000,0x00000000ead80000)
  to   space 512K, 0% used [0x00000000eac80000,0x00000000eac80000,0x00000000ead00000)
 ParOldGen       total 88576K, used 82534K [0x00000000c0000000, 0x00000000c5680000, 0x00000000eab00000)
  object space 88576K, 93% used [0x00000000c0000000,0x00000000c5099938,0x00000000c5680000)
 Metaspace       used 78233K, committed 79488K, reserved 1179648K
  class space    used 8078K, committed 8640K, reserved 1048576K
}
Event: 16.867 GC heap after
{Heap after GC invocations=232 (full 7):
 PSYoungGen      total 1536K, used 299K [0x00000000eab00000, 0x00000000ead80000, 0x0000000100000000)
  eden space 1024K, 0% used [0x00000000eab00000,0x00000000eab00000,0x00000000eac00000)
  from space 512K, 58% used [0x00000000eac80000,0x00000000eaccafe8,0x00000000ead00000)
  to   space 512K, 0% used [0x00000000ead00000,0x00000000ead00000,0x00000000ead80000)
 ParOldGen       total 88576K, used 82691K [0x00000000c0000000, 0x00000000c5680000, 0x00000000eab00000)
  object space 88576K, 93% used [0x00000000c0000000,0x00000000c50c0c38,0x00000000c5680000)
 Metaspace       used 78233K, committed 79488K, reserved 1179648K
  class space    used 8078K, committed 8640K, reserved 1048576K
}
Event: 16.873 GC heap before
{Heap before GC invocations=233 (full 7):
 PSYoungGen      total 1536K, used 1323K [0x00000000eab00000, 0x00000000ead80000, 0x0000000100000000)
  eden space 1024K, 99% used [0x00000000eab00000,0x00000000eabfffd8,0x00000000eac00000)
  from space 512K, 58% used [0x00000000eac80000,0x00000000eaccafe8,0x00000000ead00000)
  to   space 512K, 0% used [0x00000000ead00000,0x00000000ead00000,0x00000000ead80000)
 ParOldGen       total 88576K, used 82691K [0x00000000c0000000, 0x00000000c5680000, 0x00000000eab00000)
  object space 88576K, 93% used [0x00000000c0000000,0x00000000c50c0c38,0x00000000c5680000)
 Metaspace       used 78233K, committed 79488K, reserved 1179648K
  class space    used 8078K, committed 8640K, reserved 1048576K
}
Event: 16.874 GC heap after
{Heap after GC invocations=233 (full 7):
 PSYoungGen      total 1536K, used 445K [0x00000000eab00000, 0x00000000ead80000, 0x0000000100000000)
  eden space 1024K, 0% used [0x00000000eab00000,0x00000000eab00000,0x00000000eac00000)
  from space 512K, 87% used [0x00000000ead00000,0x00000000ead6f7c0,0x00000000ead80000)
  to   space 512K, 0% used [0x00000000eac80000,0x00000000eac80000,0x00000000ead00000)
 ParOldGen       total 88576K, used 82858K [0x00000000c0000000, 0x00000000c5680000, 0x00000000eab00000)
  object space 88576K, 93% used [0x00000000c0000000,0x00000000c50ea960,0x00000000c5680000)
 Metaspace       used 78233K, committed 79488K, reserved 1179648K
  class space    used 8078K, committed 8640K, reserved 1048576K
}
Event: 16.894 GC heap before
{Heap before GC invocations=234 (full 7):
 PSYoungGen      total 1536K, used 1469K [0x00000000eab00000, 0x00000000ead80000, 0x0000000100000000)
  eden space 1024K, 100% used [0x00000000eab00000,0x00000000eac00000,0x00000000eac00000)
  from space 512K, 87% used [0x00000000ead00000,0x00000000ead6f7c0,0x00000000ead80000)
  to   space 512K, 0% used [0x00000000eac80000,0x00000000eac80000,0x00000000ead00000)
 ParOldGen       total 88576K, used 82858K [0x00000000c0000000, 0x00000000c5680000, 0x00000000eab00000)
  object space 88576K, 93% used [0x00000000c0000000,0x00000000c50ea960,0x00000000c5680000)
 Metaspace       used 78241K, committed 79488K, reserved 1179648K
  class space    used 8078K, committed 8640K, reserved 1048576K
}
Event: 16.895 GC heap after
{Heap after GC invocations=234 (full 7):
 PSYoungGen      total 1536K, used 304K [0x00000000eab00000, 0x00000000ead80000, 0x0000000100000000)
  eden space 1024K, 0% used [0x00000000eab00000,0x00000000eab00000,0x00000000eac00000)
  from space 512K, 59% used [0x00000000eac80000,0x00000000eaccc010,0x00000000ead00000)
  to   space 512K, 0% used [0x00000000ead00000,0x00000000ead00000,0x00000000ead80000)
 ParOldGen       total 88576K, used 83177K [0x00000000c0000000, 0x00000000c5680000, 0x00000000eab00000)
  object space 88576K, 93% used [0x00000000c0000000,0x00000000c513a758,0x00000000c5680000)
 Metaspace       used 78241K, committed 79488K, reserved 1179648K
  class space    used 8078K, committed 8640K, reserved 1048576K
}
Event: 16.909 GC heap before
{Heap before GC invocations=235 (full 7):
 PSYoungGen      total 1536K, used 1327K [0x00000000eab00000, 0x00000000ead80000, 0x0000000100000000)
  eden space 1024K, 99% used [0x00000000eab00000,0x00000000eabfffe8,0x00000000eac00000)
  from space 512K, 59% used [0x00000000eac80000,0x00000000eaccc010,0x00000000ead00000)
  to   space 512K, 0% used [0x00000000ead00000,0x00000000ead00000,0x00000000ead80000)
 ParOldGen       total 88576K, used 83177K [0x00000000c0000000, 0x00000000c5680000, 0x00000000eab00000)
  object space 88576K, 93% used [0x00000000c0000000,0x00000000c513a758,0x00000000c5680000)
 Metaspace       used 78301K, committed 79552K, reserved 1179648K
  class space    used 8082K, committed 8640K, reserved 1048576K
}
Event: 16.910 GC heap after
{Heap after GC invocations=235 (full 7):
 PSYoungGen      total 1536K, used 325K [0x00000000eab00000, 0x00000000ead80000, 0x0000000100000000)
  eden space 1024K, 0% used [0x00000000eab00000,0x00000000eab00000,0x00000000eac00000)
  from space 512K, 63% used [0x00000000ead00000,0x00000000ead516a8,0x00000000ead80000)
  to   space 512K, 0% used [0x00000000eac80000,0x00000000eac80000,0x00000000ead00000)
 ParOldGen       total 88576K, used 83363K [0x00000000c0000000, 0x00000000c5680000, 0x00000000eab00000)
  object space 88576K, 94% used [0x00000000c0000000,0x00000000c5168ec0,0x00000000c5680000)
 Metaspace       used 78301K, committed 79552K, reserved 1179648K
  class space    used 8082K, committed 8640K, reserved 1048576K
}
Event: 16.915 GC heap before
{Heap before GC invocations=236 (full 7):
 PSYoungGen      total 1536K, used 1329K [0x00000000eab00000, 0x00000000ead80000, 0x0000000100000000)
  eden space 1024K, 97% used [0x00000000eab00000,0x00000000eabfad60,0x00000000eac00000)
  from space 512K, 63% used [0x00000000ead00000,0x00000000ead516a8,0x00000000ead80000)
  to   space 512K, 0% used [0x00000000eac80000,0x00000000eac80000,0x00000000ead00000)
 ParOldGen       total 88576K, used 83363K [0x00000000c0000000, 0x00000000c5680000, 0x00000000eab00000)
  object space 88576K, 94% used [0x00000000c0000000,0x00000000c5168ec0,0x00000000c5680000)
 Metaspace       used 78301K, committed 79552K, reserved 1179648K
  class space    used 8082K, committed 8640K, reserved 1048576K
}
Event: 16.916 GC heap after
{Heap after GC invocations=236 (full 7):
 PSYoungGen      total 1536K, used 477K [0x00000000eab00000, 0x00000000ead80000, 0x0000000100000000)
  eden space 1024K, 0% used [0x00000000eab00000,0x00000000eab00000,0x00000000eac00000)
  from space 512K, 93% used [0x00000000eac80000,0x00000000eacf76c0,0x00000000ead00000)
  to   space 512K, 0% used [0x00000000ead00000,0x00000000ead00000,0x00000000ead80000)
 ParOldGen       total 88576K, used 83655K [0x00000000c0000000, 0x00000000c5680000, 0x00000000eab00000)
  object space 88576K, 94% used [0x00000000c0000000,0x00000000c51b1d58,0x00000000c5680000)
 Metaspace       used 78301K, committed 79552K, reserved 1179648K
  class space    used 8082K, committed 8640K, reserved 1048576K
}
Event: 16.937 GC heap before
{Heap before GC invocations=237 (full 7):
 PSYoungGen      total 1536K, used 1501K [0x00000000eab00000, 0x00000000ead80000, 0x0000000100000000)
  eden space 1024K, 100% used [0x00000000eab00000,0x00000000eac00000,0x00000000eac00000)
  from space 512K, 93% used [0x00000000eac80000,0x00000000eacf76c0,0x00000000ead00000)
  to   space 512K, 0% used [0x00000000ead00000,0x00000000ead00000,0x00000000ead80000)
 ParOldGen       total 88576K, used 83655K [0x00000000c0000000, 0x00000000c5680000, 0x00000000eab00000)
  object space 88576K, 94% used [0x00000000c0000000,0x00000000c51b1d58,0x00000000c5680000)
 Metaspace       used 78311K, committed 79552K, reserved 1179648K
  class space    used 8082K, committed 8640K, reserved 1048576K
}
Event: 16.938 GC heap after
{Heap after GC invocations=237 (full 7):
 PSYoungGen      total 1536K, used 345K [0x00000000eab00000, 0x00000000ead80000, 0x0000000100000000)
  eden space 1024K, 0% used [0x00000000eab00000,0x00000000eab00000,0x00000000eac00000)
  from space 512K, 67% used [0x00000000ead00000,0x00000000ead564b8,0x00000000ead80000)
  to   space 512K, 0% used [0x00000000eac80000,0x00000000eac80000,0x00000000ead00000)
 ParOldGen       total 88576K, used 83932K [0x00000000c0000000, 0x00000000c5680000, 0x00000000eab00000)
  object space 88576K, 94% used [0x00000000c0000000,0x00000000c51f70a8,0x00000000c5680000)
 Metaspace       used 78311K, committed 79552K, reserved 1179648K
  class space    used 8082K, committed 8640K, reserved 1048576K
}

