# JRE version: Java(TM) SE Runtime Environment (21.0.2+13) (build 21.0.2+13-LTS-58)
# Java VM: Java HotSpot(TM) 64-Bit Server VM (21.0.2+13-LTS-58, mixed mode, sharing, tiered, compressed oops, compressed class ptrs, g1 gc, windows-amd64)
GC Precious Log:
 CardTable entry size: 512
 Card Set container configuration: InlinePtr #cards 5 size 8 Array Of Cards #cards 12 size 40 Howl #buckets 4 coarsen threshold 1843 Howl Bitmap #cards 512 size 80 coarsen threshold 460 Card regions per heap region 1 cards per card region 2048
 CPUs: 8 total, 8 available
 Memory: 7987M
 Large Page Support: Disabled
 NUMA Support: Disabled
 Compressed Oops: Enabled (32-bit)
 Heap Region Size: 1M
 Heap Min Capacity: 8M
 Heap Initial Capacity: 8M
 Heap Max Capacity: 1998M
 Pre-touch: Disabled
 Parallel Workers: 8
 Concurrent Workers: 2
 Concurrent Refinement Workers: 8
 Periodic GC: Disabled
Heap:
 garbage-first heap   total 20480K, used 11326K [0x0000000083200000, 0x0000000100000000)
  region size 1024K, 1 young (1024K), 1 survivors (1024K)
 Metaspace       used 8253K, committed 8448K, reserved 1114112K
  class space    used 901K, committed 1024K, reserved 1048576K
GC Heap History (17 events):
Event: 0.180 GC heap before
{Heap before GC invocations=0 (full 0):
 garbage-first heap   total 8192K, used 3072K [0x0000000083200000, 0x0000000100000000)
  region size 1024K, 3 young (3072K), 0 survivors (0K)
 Metaspace       used 2453K, committed 2560K, reserved 1114112K
  class space    used 270K, committed 320K, reserved 1048576K
}
Event: 0.182 GC heap after
{Heap after GC invocations=1 (full 0):
 garbage-first heap   total 8192K, used 1152K [0x0000000083200000, 0x0000000100000000)
  region size 1024K, 1 young (1024K), 1 survivors (1024K)
 Metaspace       used 2453K, committed 2560K, reserved 1114112K
  class space    used 270K, committed 320K, reserved 1048576K
}
Event: 0.197 GC heap before
{Heap before GC invocations=1 (full 0):
 garbage-first heap   total 8192K, used 2176K [0x0000000083200000, 0x0000000100000000)
  region size 1024K, 2 young (2048K), 1 survivors (1024K)
 Metaspace       used 2487K, committed 2624K, reserved 1114112K
  class space    used 270K, committed 320K, reserved 1048576K
}
Event: 0.199 GC heap after
{Heap after GC invocations=2 (full 0):
 garbage-first heap   total 8192K, used 1316K [0x0000000083200000, 0x0000000100000000)
  region size 1024K, 1 young (1024K), 1 survivors (1024K)
 Metaspace       used 2487K, committed 2624K, reserved 1114112K
  class space    used 270K, committed 320K, reserved 1048576K
}
Event: 0.209 GC heap before
{Heap before GC invocations=2 (full 0):
 garbage-first heap   total 8192K, used 1316K [0x0000000083200000, 0x0000000100000000)
  region size 1024K, 2 young (2048K), 1 survivors (1024K)
 Metaspace       used 2495K, committed 2624K, reserved 1114112K
  class space    used 270K, committed 320K, reserved 1048576K
}
Event: 0.209 GC heap after
{Heap after GC invocations=3 (full 0):
 garbage-first heap   total 8192K, used 1174K [0x0000000083200000, 0x0000000100000000)
  region size 1024K, 1 young (1024K), 1 survivors (1024K)
 Metaspace       used 2495K, committed 2624K, reserved 1114112K
  class space    used 270K, committed 320K, reserved 1048576K
}
Event: 0.214 GC heap before
{Heap before GC invocations=3 (full 0):
 garbage-first heap   total 8192K, used 2198K [0x0000000083200000, 0x0000000100000000)
  region size 1024K, 2 young (2048K), 1 survivors (1024K)
 Metaspace       used 2508K, committed 2624K, reserved 1114112K
  class space    used 270K, committed 320K, reserved 1048576K
}
Event: 0.215 GC heap after
{Heap after GC invocations=4 (full 0):
 garbage-first heap   total 8192K, used 1154K [0x0000000083200000, 0x0000000100000000)
  region size 1024K, 1 young (1024K), 1 survivors (1024K)
 Metaspace       used 2508K, committed 2624K, reserved 1114112K
  class space    used 270K, committed 320K, reserved 1048576K
}
Event: 0.238 GC heap before
{Heap before GC invocations=4 (full 0):
 garbage-first heap   total 8192K, used 4226K [0x0000000083200000, 0x0000000100000000)
  region size 1024K, 3 young (3072K), 1 survivors (1024K)
 Metaspace       used 2537K, committed 2624K, reserved 1114112K
  class space    used 270K, committed 320K, reserved 1048576K
}
Event: 0.240 GC heap after
{Heap after GC invocations=5 (full 0):
 garbage-first heap   total 16384K, used 1202K [0x0000000083200000, 0x0000000100000000)
  region size 1024K, 1 young (1024K), 1 survivors (1024K)
 Metaspace       used 2537K, committed 2624K, reserved 1114112K
  class space    used 270K, committed 320K, reserved 1048576K
}
Event: 0.468 GC heap before
{Heap before GC invocations=5 (full 0):
 garbage-first heap   total 16384K, used 11442K [0x0000000083200000, 0x0000000100000000)
  region size 1024K, 9 young (9216K), 1 survivors (1024K)
 Metaspace       used 7386K, committed 7552K, reserved 1114112K
  class space    used 844K, committed 896K, reserved 1048576K
}
Event: 0.471 GC heap after
{Heap after GC invocations=6 (full 0):
 garbage-first heap   total 16384K, used 7112K [0x0000000083200000, 0x0000000100000000)
  region size 1024K, 2 young (2048K), 2 survivors (2048K)
 Metaspace       used 7386K, committed 7552K, reserved 1114112K
  class space    used 844K, committed 896K, reserved 1048576K
}
Event: 0.489 GC heap before
{Heap before GC invocations=6 (full 0):
 garbage-first heap   total 16384K, used 9160K [0x0000000083200000, 0x0000000100000000)
  region size 1024K, 5 young (5120K), 2 survivors (2048K)
 Metaspace       used 7414K, committed 7552K, reserved 1114112K
  class space    used 844K, committed 896K, reserved 1048576K
}
Event: 0.492 GC heap after
{Heap after GC invocations=7 (full 0):
 garbage-first heap   total 16384K, used 9520K [0x0000000083200000, 0x0000000100000000)
  region size 1024K, 1 young (1024K), 1 survivors (1024K)
 Metaspace       used 7414K, committed 7552K, reserved 1114112K
  class space    used 844K, committed 896K, reserved 1048576K
}
Event: 0.541 GC heap before
{Heap before GC invocations=7 (full 0):
 garbage-first heap   total 16384K, used 10544K [0x0000000083200000, 0x0000000100000000)
  region size 1024K, 3 young (3072K), 1 survivors (1024K)
 Metaspace       used 8098K, committed 8256K, reserved 1114112K
  class space    used 896K, committed 960K, reserved 1048576K
}
Event: 0.543 GC heap after
{Heap after GC invocations=8 (full 0):
 garbage-first heap   total 16384K, used 10987K [0x0000000083200000, 0x0000000100000000)
  region size 1024K, 1 young (1024K), 1 survivors (1024K)
 Metaspace       used 8098K, committed 8256K, reserved 1114112K
  class space    used 896K, committed 960K, reserved 1048576K
}
Event: 0.638 GC heap before
{Heap before GC invocations=9 (full 0):
 garbage-first heap   total 20480K, used 10987K [0x0000000083200000, 0x0000000100000000)
  region size 1024K, 2 young (2048K), 1 survivors (1024K)
 Metaspace       used 8253K, committed 8448K, reserved 1114112K
  class space    used 901K, committed 1024K, reserved 1048576K
}

