# JRE version: Java(TM) SE Runtime Environment (21.0.2+13) (build 21.0.2+13-LTS-58)
# Java VM: Java HotSpot(TM) 64-Bit Server VM (21.0.2+13-LTS-58, mixed mode, sharing, tiered, compressed oops, compressed class ptrs, g1 gc, windows-amd64)
GC Precious Log:
 CardTable entry size: 512
 Card Set container configuration: InlinePtr #cards 5 size 8 Array Of Cards #cards 12 size 40 Howl #buckets 4 coarsen threshold 1843 Howl Bitmap #cards 512 size 80 coarsen threshold 460 Card regions per heap region 1 cards per card region 2048
 CPUs: 8 total, 8 available
 Memory: 7987M
 Large Page Support: Disabled
 NUMA Support: Disabled
 Compressed Oops: Enabled (32-bit)
 Heap Region Size: 1M
 Heap Min Capacity: 8M
 Heap Initial Capacity: 8M
 Heap Max Capacity: 1998M
 Pre-touch: Disabled
 Parallel Workers: 8
 Concurrent Workers: 2
 Concurrent Refinement Workers: 8
 Periodic GC: Disabled
Heap:
 garbage-first heap   total 75776K, used 48451K [0x0000000083200000, 0x0000000100000000)
  region size 1024K, 3 young (3072K), 3 survivors (3072K)
 Metaspace       used 10265K, committed 10496K, reserved 1114112K
  class space    used 1082K, committed 1216K, reserved 1048576K
GC Heap History (20 events):
Event: 0.806 GC heap after
{Heap after GC invocations=10 (full 0):
 garbage-first heap   total 19456K, used 10394K [0x0000000083200000, 0x0000000100000000)
  region size 1024K, 1 young (1024K), 1 survivors (1024K)
 Metaspace       used 7414K, committed 7552K, reserved 1114112K
  class space    used 841K, committed 896K, reserved 1048576K
}
Event: 0.904 GC heap before
{Heap before GC invocations=10 (full 0):
 garbage-first heap   total 19456K, used 12442K [0x0000000083200000, 0x0000000100000000)
  region size 1024K, 3 young (3072K), 1 survivors (1024K)
 Metaspace       used 8179K, committed 8384K, reserved 1114112K
  class space    used 895K, committed 960K, reserved 1048576K
}
Event: 0.907 GC heap after
{Heap after GC invocations=11 (full 0):
 garbage-first heap   total 37888K, used 10958K [0x0000000083200000, 0x0000000100000000)
  region size 1024K, 1 young (1024K), 1 survivors (1024K)
 Metaspace       used 8179K, committed 8384K, reserved 1114112K
  class space    used 895K, committed 960K, reserved 1048576K
}
Event: 1.076 GC heap before
{Heap before GC invocations=11 (full 0):
 garbage-first heap   total 37888K, used 18126K [0x0000000083200000, 0x0000000100000000)
  region size 1024K, 9 young (9216K), 1 survivors (1024K)
 Metaspace       used 8436K, committed 8640K, reserved 1114112K
  class space    used 906K, committed 1024K, reserved 1048576K
}
Event: 1.079 GC heap after
{Heap after GC invocations=12 (full 0):
 garbage-first heap   total 37888K, used 13076K [0x0000000083200000, 0x0000000100000000)
  region size 1024K, 2 young (2048K), 2 survivors (2048K)
 Metaspace       used 8436K, committed 8640K, reserved 1114112K
  class space    used 906K, committed 1024K, reserved 1048576K
}
Event: 1.193 GC heap before
{Heap before GC invocations=12 (full 0):
 garbage-first heap   total 37888K, used 22292K [0x0000000083200000, 0x0000000100000000)
  region size 1024K, 12 young (12288K), 2 survivors (2048K)
 Metaspace       used 8458K, committed 8640K, reserved 1114112K
  class space    used 907K, committed 1024K, reserved 1048576K
}
Event: 1.199 GC heap after
{Heap after GC invocations=13 (full 0):
 garbage-first heap   total 37888K, used 15567K [0x0000000083200000, 0x0000000100000000)
  region size 1024K, 2 young (2048K), 2 survivors (2048K)
 Metaspace       used 8458K, committed 8640K, reserved 1114112K
  class space    used 907K, committed 1024K, reserved 1048576K
}
Event: 1.273 GC heap before
{Heap before GC invocations=13 (full 0):
 garbage-first heap   total 37888K, used 23759K [0x0000000083200000, 0x0000000100000000)
  region size 1024K, 11 young (11264K), 2 survivors (2048K)
 Metaspace       used 8528K, committed 8768K, reserved 1114112K
  class space    used 911K, committed 1024K, reserved 1048576K
}
Event: 1.290 GC heap after
{Heap after GC invocations=14 (full 0):
 garbage-first heap   total 37888K, used 17816K [0x0000000083200000, 0x0000000100000000)
  region size 1024K, 2 young (2048K), 2 survivors (2048K)
 Metaspace       used 8528K, committed 8768K, reserved 1114112K
  class space    used 911K, committed 1024K, reserved 1048576K
}
Event: 1.385 GC heap before
{Heap before GC invocations=14 (full 0):
 garbage-first heap   total 37888K, used 27032K [0x0000000083200000, 0x0000000100000000)
  region size 1024K, 11 young (11264K), 2 survivors (2048K)
 Metaspace       used 8534K, committed 8768K, reserved 1114112K
  class space    used 911K, committed 1024K, reserved 1048576K
}
Event: 1.391 GC heap after
{Heap after GC invocations=15 (full 0):
 garbage-first heap   total 68608K, used 20084K [0x0000000083200000, 0x0000000100000000)
  region size 1024K, 2 young (2048K), 2 survivors (2048K)
 Metaspace       used 8534K, committed 8768K, reserved 1114112K
  class space    used 911K, committed 1024K, reserved 1048576K
}
Event: 1.847 GC heap before
{Heap before GC invocations=15 (full 0):
 garbage-first heap   total 68608K, used 49780K [0x0000000083200000, 0x0000000100000000)
  region size 1024K, 29 young (29696K), 2 survivors (2048K)
 Metaspace       used 9507K, committed 9728K, reserved 1114112K
  class space    used 1022K, committed 1152K, reserved 1048576K
}
Event: 1.863 GC heap after
{Heap after GC invocations=16 (full 0):
 garbage-first heap   total 68608K, used 31572K [0x0000000083200000, 0x0000000100000000)
  region size 1024K, 4 young (4096K), 4 survivors (4096K)
 Metaspace       used 9507K, committed 9728K, reserved 1114112K
  class space    used 1022K, committed 1152K, reserved 1048576K
}
Event: 1.922 GC heap before
{Heap before GC invocations=16 (full 0):
 garbage-first heap   total 68608K, used 47956K [0x0000000083200000, 0x0000000100000000)
  region size 1024K, 20 young (20480K), 4 survivors (4096K)
 Metaspace       used 9512K, committed 9728K, reserved 1114112K
  class space    used 1022K, committed 1152K, reserved 1048576K
}
Event: 1.930 GC heap after
{Heap after GC invocations=17 (full 0):
 garbage-first heap   total 68608K, used 36659K [0x0000000083200000, 0x0000000100000000)
  region size 1024K, 3 young (3072K), 3 survivors (3072K)
 Metaspace       used 9512K, committed 9728K, reserved 1114112K
  class space    used 1022K, committed 1152K, reserved 1048576K
}
Event: 2.053 GC heap before
{Heap before GC invocations=17 (full 0):
 garbage-first heap   total 68608K, used 52019K [0x0000000083200000, 0x0000000100000000)
  region size 1024K, 18 young (18432K), 3 survivors (3072K)
 Metaspace       used 9553K, committed 9792K, reserved 1114112K
  class space    used 1022K, committed 1152K, reserved 1048576K
}
Event: 2.060 GC heap after
{Heap after GC invocations=18 (full 0):
 garbage-first heap   total 68608K, used 41969K [0x0000000083200000, 0x0000000100000000)
  region size 1024K, 3 young (3072K), 3 survivors (3072K)
 Metaspace       used 9553K, committed 9792K, reserved 1114112K
  class space    used 1022K, committed 1152K, reserved 1048576K
}
Event: 2.314 GC heap before
{Heap before GC invocations=19 (full 0):
 garbage-first heap   total 75776K, used 55281K [0x0000000083200000, 0x0000000100000000)
  region size 1024K, 16 young (16384K), 3 survivors (3072K)
 Metaspace       used 9924K, committed 10112K, reserved 1114112K
  class space    used 1056K, committed 1152K, reserved 1048576K
}
Event: 2.319 GC heap after
{Heap after GC invocations=20 (full 0):
 garbage-first heap   total 75776K, used 44544K [0x0000000083200000, 0x0000000100000000)
  region size 1024K, 2 young (2048K), 2 survivors (2048K)
 Metaspace       used 9924K, committed 10112K, reserved 1114112K
  class space    used 1056K, committed 1152K, reserved 1048576K
}
Event: 2.514 GC heap before
{Heap before GC invocations=20 (full 0):
 garbage-first heap   total 75776K, used 61952K [0x0000000083200000, 0x0000000100000000)
  region size 1024K, 18 young (18432K), 2 survivors (2048K)
 Metaspace       used 10265K, committed 10496K, reserved 1114112K
  class space    used 1082K, committed 1216K, reserved 1048576K
}

