# JRE version: OpenJDK Runtime Environment Temurin-17.0.10+7 (17.0.10+7) (build 17.0.10+7)
# Java VM: OpenJDK 64-Bit Server VM Temurin-17.0.10+7 (17.0.10+7, mixed mode, tiered, compressed oops, compressed class ptrs, parallel gc, windows-amd64)
GC Precious Log:
 CPUs: 8 total, 8 available
 Memory: 7987M
 Large Page Support: Disabled
 NUMA Support: Disabled
 Compressed Oops: Enabled (32-bit)
 Alignments: Space 512K, Generation 512K, Heap 2M
 Heap Min Capacity: 100M
 Heap Initial Capacity: 100M
 Heap Max Capacity: 1G
 Pre-touch: Disabled
 Parallel Workers: 8
Heap:
 PSYoungGen      total 13824K, used 12513K [0x00000000eab00000, 0x00000000ec780000, 0x0000000100000000)
  eden space 9728K, 86% used [0x00000000eab00000,0x00000000eb33e850,0x00000000eb480000)
  from space 4096K, 99% used [0x00000000eb480000,0x00000000eb879ef8,0x00000000eb880000)
  to   space 9216K, 0% used [0x00000000ebe80000,0x00000000ebe80000,0x00000000ec780000)
 ParOldGen       total 180224K, used 155509K [0x00000000c0000000, 0x00000000cb000000, 0x00000000eab00000)
  object space 180224K, 86% used [0x00000000c0000000,0x00000000c97dd730,0x00000000cb000000)
 Metaspace       used 93540K, committed 94912K, reserved 1179648K
  class space    used 9548K, committed 10176K, reserved 1048576K
GC Heap History (20 events):
Event: 838.865 GC heap before
{Heap before GC invocations=4313 (full 88):
 PSYoungGen      total 7168K, used 7150K [0x00000000eab00000, 0x00000000eb980000, 0x0000000100000000)
  eden space 6144K, 100% used [0x00000000eab00000,0x00000000eb100000,0x00000000eb100000)
  from space 1024K, 98% used [0x00000000eb800000,0x00000000eb8fb950,0x00000000eb900000)
  to   space 512K, 0% used [0x00000000eb900000,0x00000000eb900000,0x00000000eb980000)
 ParOldGen       total 159744K, used 136114K [0x00000000c0000000, 0x00000000c9c00000, 0x00000000eab00000)
  object space 159744K, 85% used [0x00000000c0000000,0x00000000c84ec9b0,0x00000000c9c00000)
 Metaspace       used 93494K, committed 94912K, reserved 1179648K
  class space    used 9539K, committed 10176K, reserved 1048576K
}
Event: 838.870 GC heap after
{Heap after GC invocations=4313 (full 88):
 PSYoungGen      total 6656K, used 492K [0x00000000eab00000, 0x00000000ebe00000, 0x0000000100000000)
  eden space 6144K, 0% used [0x00000000eab00000,0x00000000eab00000,0x00000000eb100000)
  from space 512K, 96% used [0x00000000eb900000,0x00000000eb97b3a8,0x00000000eb980000)
  to   space 6656K, 0% used [0x00000000eb100000,0x00000000eb100000,0x00000000eb780000)
 ParOldGen       total 159744K, used 141292K [0x00000000c0000000, 0x00000000c9c00000, 0x00000000eab00000)
  object space 159744K, 88% used [0x00000000c0000000,0x00000000c89fb2d0,0x00000000c9c00000)
 Metaspace       used 93494K, committed 94912K, reserved 1179648K
  class space    used 9539K, committed 10176K, reserved 1048576K
}
Event: 838.894 GC heap before
{Heap before GC invocations=4314 (full 88):
 PSYoungGen      total 6656K, used 6636K [0x00000000eab00000, 0x00000000ebe00000, 0x0000000100000000)
  eden space 6144K, 100% used [0x00000000eab00000,0x00000000eb100000,0x00000000eb100000)
  from space 512K, 96% used [0x00000000eb900000,0x00000000eb97b3a8,0x00000000eb980000)
  to   space 6656K, 0% used [0x00000000eb100000,0x00000000eb100000,0x00000000eb780000)
 ParOldGen       total 159744K, used 141292K [0x00000000c0000000, 0x00000000c9c00000, 0x00000000eab00000)
  object space 159744K, 88% used [0x00000000c0000000,0x00000000c89fb2d0,0x00000000c9c00000)
 Metaspace       used 93494K, committed 94912K, reserved 1179648K
  class space    used 9539K, committed 10176K, reserved 1048576K
}
Event: 838.899 GC heap after
{Heap after GC invocations=4314 (full 88):
 PSYoungGen      total 12288K, used 5792K [0x00000000eab00000, 0x00000000ebd00000, 0x0000000100000000)
  eden space 6144K, 0% used [0x00000000eab00000,0x00000000eab00000,0x00000000eb100000)
  from space 6144K, 94% used [0x00000000eb100000,0x00000000eb6a8000,0x00000000eb700000)
  to   space 6144K, 0% used [0x00000000eb700000,0x00000000eb700000,0x00000000ebd00000)
 ParOldGen       total 159744K, used 141821K [0x00000000c0000000, 0x00000000c9c00000, 0x00000000eab00000)
  object space 159744K, 88% used [0x00000000c0000000,0x00000000c8a7f568,0x00000000c9c00000)
 Metaspace       used 93494K, committed 94912K, reserved 1179648K
  class space    used 9539K, committed 10176K, reserved 1048576K
}
Event: 838.943 GC heap before
{Heap before GC invocations=4315 (full 88):
 PSYoungGen      total 12288K, used 11922K [0x00000000eab00000, 0x00000000ebd00000, 0x0000000100000000)
  eden space 6144K, 99% used [0x00000000eab00000,0x00000000eb0fc858,0x00000000eb100000)
  from space 6144K, 94% used [0x00000000eb100000,0x00000000eb6a8000,0x00000000eb700000)
  to   space 6144K, 0% used [0x00000000eb700000,0x00000000eb700000,0x00000000ebd00000)
 ParOldGen       total 159744K, used 141821K [0x00000000c0000000, 0x00000000c9c00000, 0x00000000eab00000)
  object space 159744K, 88% used [0x00000000c0000000,0x00000000c8a7f568,0x00000000c9c00000)
 Metaspace       used 93494K, committed 94912K, reserved 1179648K
  class space    used 9539K, committed 10176K, reserved 1048576K
}
Event: 838.948 GC heap after
{Heap after GC invocations=4315 (full 88):
 PSYoungGen      total 11264K, used 5012K [0x00000000eab00000, 0x00000000ebc00000, 0x0000000100000000)
  eden space 6144K, 0% used [0x00000000eab00000,0x00000000eab00000,0x00000000eb100000)
  from space 5120K, 97% used [0x00000000eb700000,0x00000000ebbe5390,0x00000000ebc00000)
  to   space 5632K, 0% used [0x00000000eb100000,0x00000000eb100000,0x00000000eb680000)
 ParOldGen       total 159744K, used 147557K [0x00000000c0000000, 0x00000000c9c00000, 0x00000000eab00000)
  object space 159744K, 92% used [0x00000000c0000000,0x00000000c9019568,0x00000000c9c00000)
 Metaspace       used 93494K, committed 94912K, reserved 1179648K
  class space    used 9539K, committed 10176K, reserved 1048576K
}
Event: 838.963 GC heap before
{Heap before GC invocations=4316 (full 88):
 PSYoungGen      total 11264K, used 10347K [0x00000000eab00000, 0x00000000ebc00000, 0x0000000100000000)
  eden space 6144K, 86% used [0x00000000eab00000,0x00000000eb035a30,0x00000000eb100000)
  from space 5120K, 97% used [0x00000000eb700000,0x00000000ebbe5390,0x00000000ebc00000)
  to   space 5632K, 0% used [0x00000000eb100000,0x00000000eb100000,0x00000000eb680000)
 ParOldGen       total 159744K, used 147557K [0x00000000c0000000, 0x00000000c9c00000, 0x00000000eab00000)
  object space 159744K, 92% used [0x00000000c0000000,0x00000000c9019568,0x00000000c9c00000)
 Metaspace       used 93494K, committed 94912K, reserved 1179648K
  class space    used 9539K, committed 10176K, reserved 1048576K
}
Event: 838.966 GC heap after
{Heap after GC invocations=4316 (full 88):
 PSYoungGen      total 11776K, used 5414K [0x00000000eab00000, 0x00000000ebd00000, 0x0000000100000000)
  eden space 6144K, 0% used [0x00000000eab00000,0x00000000eab00000,0x00000000eb100000)
  from space 5632K, 96% used [0x00000000eb100000,0x00000000eb649aa8,0x00000000eb680000)
  to   space 5632K, 0% used [0x00000000eb780000,0x00000000eb780000,0x00000000ebd00000)
 ParOldGen       total 159744K, used 152111K [0x00000000c0000000, 0x00000000c9c00000, 0x00000000eab00000)
  object space 159744K, 95% used [0x00000000c0000000,0x00000000c948bcf8,0x00000000c9c00000)
 Metaspace       used 93494K, committed 94912K, reserved 1179648K
  class space    used 9539K, committed 10176K, reserved 1048576K
}
Event: 838.984 GC heap before
{Heap before GC invocations=4317 (full 88):
 PSYoungGen      total 11776K, used 11558K [0x00000000eab00000, 0x00000000ebd00000, 0x0000000100000000)
  eden space 6144K, 100% used [0x00000000eab00000,0x00000000eb100000,0x00000000eb100000)
  from space 5632K, 96% used [0x00000000eb100000,0x00000000eb649aa8,0x00000000eb680000)
  to   space 5632K, 0% used [0x00000000eb780000,0x00000000eb780000,0x00000000ebd00000)
 ParOldGen       total 159744K, used 152111K [0x00000000c0000000, 0x00000000c9c00000, 0x00000000eab00000)
  object space 159744K, 95% used [0x00000000c0000000,0x00000000c948bcf8,0x00000000c9c00000)
 Metaspace       used 93494K, committed 94912K, reserved 1179648K
  class space    used 9539K, committed 10176K, reserved 1048576K
}
Event: 838.987 GC heap after
{Heap after GC invocations=4317 (full 88):
 PSYoungGen      total 10752K, used 3467K [0x00000000eab00000, 0x00000000ebb00000, 0x0000000100000000)
  eden space 7168K, 0% used [0x00000000eab00000,0x00000000eab00000,0x00000000eb200000)
  from space 3584K, 96% used [0x00000000eb780000,0x00000000ebae2cf8,0x00000000ebb00000)
  to   space 4608K, 0% used [0x00000000eb200000,0x00000000eb200000,0x00000000eb680000)
 ParOldGen       total 159744K, used 157409K [0x00000000c0000000, 0x00000000c9c00000, 0x00000000eab00000)
  object space 159744K, 98% used [0x00000000c0000000,0x00000000c99b8760,0x00000000c9c00000)
 Metaspace       used 93494K, committed 94912K, reserved 1179648K
  class space    used 9539K, committed 10176K, reserved 1048576K
}
Event: 838.987 GC heap before
{Heap before GC invocations=4318 (full 89):
 PSYoungGen      total 10752K, used 3467K [0x00000000eab00000, 0x00000000ebb00000, 0x0000000100000000)
  eden space 7168K, 0% used [0x00000000eab00000,0x00000000eab00000,0x00000000eb200000)
  from space 3584K, 96% used [0x00000000eb780000,0x00000000ebae2cf8,0x00000000ebb00000)
  to   space 4608K, 0% used [0x00000000eb200000,0x00000000eb200000,0x00000000eb680000)
 ParOldGen       total 159744K, used 157409K [0x00000000c0000000, 0x00000000c9c00000, 0x00000000eab00000)
  object space 159744K, 98% used [0x00000000c0000000,0x00000000c99b8760,0x00000000c9c00000)
 Metaspace       used 93494K, committed 94912K, reserved 1179648K
  class space    used 9539K, committed 10176K, reserved 1048576K
}
Event: 839.132 GC heap after
{Heap after GC invocations=4318 (full 89):
 PSYoungGen      total 11776K, used 0K [0x00000000eab00000, 0x00000000ebc00000, 0x0000000100000000)
  eden space 7168K, 0% used [0x00000000eab00000,0x00000000eab00000,0x00000000eb200000)
  from space 4608K, 0% used [0x00000000eb200000,0x00000000eb200000,0x00000000eb680000)
  to   space 4608K, 0% used [0x00000000eb780000,0x00000000eb780000,0x00000000ebc00000)
 ParOldGen       total 180224K, used 147368K [0x00000000c0000000, 0x00000000cb000000, 0x00000000eab00000)
  object space 180224K, 81% used [0x00000000c0000000,0x00000000c8fea128,0x00000000cb000000)
 Metaspace       used 93494K, committed 94912K, reserved 1179648K
  class space    used 9539K, committed 10176K, reserved 1048576K
}
Event: 839.145 GC heap before
{Heap before GC invocations=4319 (full 89):
 PSYoungGen      total 11776K, used 7168K [0x00000000eab00000, 0x00000000ebc00000, 0x0000000100000000)
  eden space 7168K, 100% used [0x00000000eab00000,0x00000000eb200000,0x00000000eb200000)
  from space 4608K, 0% used [0x00000000eb200000,0x00000000eb200000,0x00000000eb680000)
  to   space 4608K, 0% used [0x00000000eb780000,0x00000000eb780000,0x00000000ebc00000)
 ParOldGen       total 180224K, used 147368K [0x00000000c0000000, 0x00000000cb000000, 0x00000000eab00000)
  object space 180224K, 81% used [0x00000000c0000000,0x00000000c8fea128,0x00000000cb000000)
 Metaspace       used 93494K, committed 94912K, reserved 1179648K
  class space    used 9539K, committed 10176K, reserved 1048576K
}
Event: 839.148 GC heap after
{Heap after GC invocations=4319 (full 89):
 PSYoungGen      total 10240K, used 1879K [0x00000000eab00000, 0x00000000eb980000, 0x0000000100000000)
  eden space 8192K, 0% used [0x00000000eab00000,0x00000000eab00000,0x00000000eb300000)
  from space 2048K, 91% used [0x00000000eb780000,0x00000000eb955cf8,0x00000000eb980000)
  to   space 3072K, 0% used [0x00000000eb380000,0x00000000eb380000,0x00000000eb680000)
 ParOldGen       total 180224K, used 147368K [0x00000000c0000000, 0x00000000cb000000, 0x00000000eab00000)
  object space 180224K, 81% used [0x00000000c0000000,0x00000000c8fea128,0x00000000cb000000)
 Metaspace       used 93494K, committed 94912K, reserved 1179648K
  class space    used 9539K, committed 10176K, reserved 1048576K
}
Event: 839.175 GC heap before
{Heap before GC invocations=4320 (full 89):
 PSYoungGen      total 10240K, used 10071K [0x00000000eab00000, 0x00000000eb980000, 0x0000000100000000)
  eden space 8192K, 100% used [0x00000000eab00000,0x00000000eb300000,0x00000000eb300000)
  from space 2048K, 91% used [0x00000000eb780000,0x00000000eb955cf8,0x00000000eb980000)
  to   space 3072K, 0% used [0x00000000eb380000,0x00000000eb380000,0x00000000eb680000)
 ParOldGen       total 180224K, used 147368K [0x00000000c0000000, 0x00000000cb000000, 0x00000000eab00000)
  object space 180224K, 81% used [0x00000000c0000000,0x00000000c8fea128,0x00000000cb000000)
 Metaspace       used 93497K, committed 94912K, reserved 1179648K
  class space    used 9539K, committed 10176K, reserved 1048576K
}
Event: 839.177 GC heap after
{Heap after GC invocations=4320 (full 89):
 PSYoungGen      total 11776K, used 3061K [0x00000000eab00000, 0x00000000ebe00000, 0x0000000100000000)
  eden space 8704K, 0% used [0x00000000eab00000,0x00000000eab00000,0x00000000eb380000)
  from space 3072K, 99% used [0x00000000eb380000,0x00000000eb67d638,0x00000000eb680000)
  to   space 5120K, 0% used [0x00000000eb900000,0x00000000eb900000,0x00000000ebe00000)
 ParOldGen       total 180224K, used 148929K [0x00000000c0000000, 0x00000000cb000000, 0x00000000eab00000)
  object space 180224K, 82% used [0x00000000c0000000,0x00000000c9170468,0x00000000cb000000)
 Metaspace       used 93497K, committed 94912K, reserved 1179648K
  class space    used 9539K, committed 10176K, reserved 1048576K
}
Event: 839.197 GC heap before
{Heap before GC invocations=4321 (full 89):
 PSYoungGen      total 11776K, used 11765K [0x00000000eab00000, 0x00000000ebe00000, 0x0000000100000000)
  eden space 8704K, 100% used [0x00000000eab00000,0x00000000eb380000,0x00000000eb380000)
  from space 3072K, 99% used [0x00000000eb380000,0x00000000eb67d638,0x00000000eb680000)
  to   space 5120K, 0% used [0x00000000eb900000,0x00000000eb900000,0x00000000ebe00000)
 ParOldGen       total 180224K, used 148929K [0x00000000c0000000, 0x00000000cb000000, 0x00000000eab00000)
  object space 180224K, 82% used [0x00000000c0000000,0x00000000c9170468,0x00000000cb000000)
 Metaspace       used 93497K, committed 94912K, reserved 1179648K
  class space    used 9539K, committed 10176K, reserved 1048576K
}
Event: 839.200 GC heap after
{Heap after GC invocations=4321 (full 89):
 PSYoungGen      total 13312K, used 3443K [0x00000000eab00000, 0x00000000ebc80000, 0x0000000100000000)
  eden space 9728K, 0% used [0x00000000eab00000,0x00000000eab00000,0x00000000eb480000)
  from space 3584K, 96% used [0x00000000eb900000,0x00000000ebc5cd28,0x00000000ebc80000)
  to   space 4096K, 0% used [0x00000000eb480000,0x00000000eb480000,0x00000000eb880000)
 ParOldGen       total 180224K, used 151453K [0x00000000c0000000, 0x00000000cb000000, 0x00000000eab00000)
  object space 180224K, 84% used [0x00000000c0000000,0x00000000c93e7730,0x00000000cb000000)
 Metaspace       used 93497K, committed 94912K, reserved 1179648K
  class space    used 9539K, committed 10176K, reserved 1048576K
}
Event: 839.289 GC heap before
{Heap before GC invocations=4322 (full 89):
 PSYoungGen      total 13312K, used 13171K [0x00000000eab00000, 0x00000000ebc80000, 0x0000000100000000)
  eden space 9728K, 100% used [0x00000000eab00000,0x00000000eb480000,0x00000000eb480000)
  from space 3584K, 96% used [0x00000000eb900000,0x00000000ebc5cd28,0x00000000ebc80000)
  to   space 4096K, 0% used [0x00000000eb480000,0x00000000eb480000,0x00000000eb880000)
 ParOldGen       total 180224K, used 151453K [0x00000000c0000000, 0x00000000cb000000, 0x00000000eab00000)
  object space 180224K, 84% used [0x00000000c0000000,0x00000000c93e7730,0x00000000cb000000)
 Metaspace       used 93497K, committed 94912K, reserved 1179648K
  class space    used 9539K, committed 10176K, reserved 1048576K
}
Event: 839.294 GC heap after
{Heap after GC invocations=4322 (full 89):
 PSYoungGen      total 13824K, used 4071K [0x00000000eab00000, 0x00000000ec780000, 0x0000000100000000)
  eden space 9728K, 0% used [0x00000000eab00000,0x00000000eab00000,0x00000000eb480000)
  from space 4096K, 99% used [0x00000000eb480000,0x00000000eb879ef8,0x00000000eb880000)
  to   space 9216K, 0% used [0x00000000ebe80000,0x00000000ebe80000,0x00000000ec780000)
 ParOldGen       total 180224K, used 155509K [0x00000000c0000000, 0x00000000cb000000, 0x00000000eab00000)
  object space 180224K, 86% used [0x00000000c0000000,0x00000000c97dd730,0x00000000cb000000)
 Metaspace       used 93497K, committed 94912K, reserved 1179648K
  class space    used 9539K, committed 10176K, reserved 1048576K
}

